Job "../../bin/ezFCF_linux.exe formaldehyde.xml" has been started: Mon May 30 11:35:10 2022

A copy of the "formaldehyde.xml" input:
------------------------------------------------------------------------------
Node input
<input
  job = "harmonic_pes">

<job_parameters
        temperature                              = "300"
        spectrum_intensity_threshold             = "0.001" >
</job_parameters>

<parallel_approximation
        max_vibr_excitations_in_initial_el_state = "1"
        max_vibr_excitations_in_target_el_state  = "4"
        combination_bands                        = "true"
        use_normal_coordinates_of_target_states  = "true"
 >
</parallel_approximation>

<!--
  ______________________________________________________________________

 -->

<initial_state>
  <!-- THIS INITIAL STATE IS FROM "formaldehyde.out" FILE -->

  <geometry
    number_of_atoms = "4"
    linear = "false"
    units   = "angstr"
    text   = "
      O       0.0000000000     0.0000000000     0.6637077571
      C       0.0000000000     0.0000000000    -0.5351027012
      H       0.0000000000     0.9394749352    -1.1220697679
      H       0.0000000000    -0.9394749352    -1.1220697679
             ">
  </geometry>

  <normal_modes
    if_mass_weighted="True"
    text = "
          0.043 -0.000 -0.000   -0.000 -0.080  0.000   -0.000  0.000 -0.082
         -0.174  0.000  0.000    0.000  0.148 -0.000    0.000 -0.000  0.006
          0.696 -0.000 -0.000   -0.000 -0.250 -0.651   -0.000  0.350  0.612
          0.696 -0.000  0.000   -0.000 -0.250  0.651   -0.000 -0.350  0.612

         -0.000 -0.000 -0.413   -0.000  0.000 -0.002   -0.000  0.001  0.000
          0.000  0.000  0.588    0.000 -0.000 -0.056    0.000 -0.101  0.000
         -0.000 -0.437 -0.226   -0.000 -0.612  0.351   -0.000  0.599 -0.369
         -0.000  0.437 -0.226   -0.000  0.612  0.351   -0.000  0.599  0.369

           "
   atoms = "   O     C     H     H             ">
  </normal_modes>

  <frequencies
    text = "
       1200.25                1268.09                1534.90
       1819.44                2880.80                2936.69
             ">
  </frequencies>
</initial_state>

<!--
  ______________________________________________________________________

 -->

<target_state>

  <!-- THIS TARGET STATE IS FROM "formaldehyde.out" FILE -->

  <!-- excitation_energy and gradinet nodes were manually adjusted -->
  <excitation_energy units="eV"> 7.9376 </excitation_energy>

  <geometry
    number_of_atoms = "4"
    linear = "false"
    units   = "angstr"
    text   = "
      O       0.0000000000     0.0000000000     0.6637077571
      C       0.0000000000     0.0000000000    -0.5351027012
      H       0.0000000000     0.9394749352    -1.1220697679
      H       0.0000000000    -0.9394749352    -1.1220697679
             ">
  </geometry>

  <normal_modes
    if_mass_weighted="True"
    text = "
          0.043 -0.000 -0.000   -0.000 -0.080  0.000   -0.000  0.000 -0.082
         -0.174  0.000  0.000    0.000  0.148 -0.000    0.000 -0.000  0.006
          0.696 -0.000 -0.000   -0.000 -0.250 -0.651   -0.000  0.350  0.612
          0.696 -0.000  0.000   -0.000 -0.250  0.651   -0.000 -0.350  0.612

         -0.000 -0.000 -0.413   -0.000  0.000 -0.002   -0.000  0.001  0.000
          0.000  0.000  0.588    0.000 -0.000 -0.056    0.000 -0.101  0.000
         -0.000 -0.437 -0.226   -0.000 -0.612  0.351   -0.000  0.599 -0.369
         -0.000  0.437 -0.226   -0.000  0.612  0.351   -0.000  0.599  0.369

           "
   atoms = "   O     C     H     H             ">
  </normal_modes>

  <frequencies
    text = "
       1200.25                1268.09                1534.90
       1819.44                2880.80                2936.69
             ">
  </frequencies>

  <gradient 
      units = "a.u."
      text = "
        0.0000000  
        0.0000000  
        0.0064212  
        -0.0000000
        -0.0000000
        -0.0268377
        -0.0000000
        -0.0339143
         0.0102082
        0.0000000
        0.0339143
        0.0102082
      "
      >
  </gradient>

</target_state>

<!--
  ______________________________________________________________________

 -->

</input>
------------------------------------------------------------------------------
 

====== Reading the initial state ======
===== Reading the target state #0 =====
Adiabatic excitation energy = 7.937600 eV
Adiabatic excitation energy = 7.937600 eV 
 State geometry will be calculated with the vertical gradient (VG) method.
Target state geometry calculated with VG:
   O      0.0000       0.0000       0.6602 
   C      0.0000      -0.0000      -0.5324 
   H      0.0000       1.0132      -1.1107 
   H      0.0000      -1.0132      -1.1107 
Target state adiabatic excitation energy corrected with VG = 7.8126 eV 
Done reading states

Coordinate axes were aligned with MOI principal axes; center mass was shifted to the origin.

New molecular geometry:
   O      0.0000       0.0000       0.5993 
   C      0.0000       0.0000      -0.5995 
   H      0.0000       0.9395      -1.1865 
   H      0.0000      -0.9395      -1.1865 

MOI tensor:
                0           1           2
    0   14.674244    0.000000    0.000000
    1    0.000000   12.895196    0.000000
    2    0.000000    0.000000    1.779048


Coordinate axes were aligned with MOI principal axes; center mass was shifted to the origin.
Also rotated by 2/2*pi, 2/2*pi, and 2/2*pi CCW around x, y, and z.
The norm of the geometry difference from the initial state is 0.1055

New molecular geometry:
   O      0.0000       0.0000       0.5958 
   C      0.0000       0.0000      -0.5968 
   H      0.0000       1.0132      -1.1751 
   H      0.0000      -1.0132      -1.1751 

MOI tensor:
                0           1           2
    0   14.804030    0.000000    0.000000
    1    0.000000   12.734980   -0.000000
    2    0.000000   -0.000000    2.069050


Done with the transformations
------------------------------------------------------------------------------

=== Reading the parallel approximation job parameters ===

===== Overlap matrix of the target state #1 with the initial state =====
The normal modes overlap matrix with the initial state is diagonal
  (do_not_excite_subspace is excluded)

------------------------------------------------------------------------------

Photoelectron spectrum in the parallel approximation will be evaluated

===== Target state #1 =====

Difference (dQ) between the initial and the target state geometries.
Angstrom*sqrt(amu):

normal mode  dQ in initial  dQ in target   frequency   frequency   comments
  number      state coord.  state coord.    initial      target

       0       0.000000        0.000000      1200.25    1200.25
       1       0.000000        0.000000      1268.09    1268.09
       2       0.067253        0.067253      1534.90    1534.90
       3      -0.010254       -0.010254      1819.44    1819.44
       4      -0.082848       -0.082848      2880.80    2880.80
       5      -0.000000       -0.000000      2936.69    2936.69


TARGET state normal coordinates (displacements dQ) will be used.

Maximum number of vibrational excitations: 1 and 4
 in the initial and each target state, respectively.

Maximum number of combination bands = 1470
   = 7 (# of vibrational states in the initial electronic state)
   * 210 (# of vibrational states in the target electronic state)

A set of initial vibrational states is being created...
  energy threshold is not specified in the input
  7 vibrational states below the energy threshold

A set of target vibrational states is being created...
  energy threshold is not specified in the input
  210 vibrational states below the energy threshold

Total number of combination bands with thresholds applied: 1470

Intensities of combination bands are being calculated...
------------------------------------------------------------------------------
           Stick photoelectron spectrum (parallel approximation)
------------------------------------------------------------------------------

Energy,eV    Intensity     FC factor         E",K   Transition

 7.8126      6.709709e-01  +8.191281e-01     0.000  0(0)->1(0)
 7.8126      1.532694e-03  +8.191281e-01  1824.510  0(1v1)->1(1v1)
 7.8126      2.122053e-03  +8.191281e-01  1726.902  0(1v0)->1(1v0)
 8.0029      6.907906e-02  -2.628290e-01     0.000  0(0)->1(1v2)
 8.0382      1.903654e-03  +4.363088e-02     0.000  0(0)->1(1v3)
 8.1698      1.967545e-01  +4.435701e-01     0.000  0(0)->1(1v4)
 8.1933      3.555979e-03  +5.963203e-02     0.000  0(0)->1(2v2)
 8.3601      2.025664e-02  -1.423258e-01     0.000  0(0)->1(1v2,1v4)
 8.5270      2.884799e-02  +1.698470e-01     0.000  0(0)->1(2v4)
 8.5504      1.042750e-03  +3.229164e-02     0.000  0(0)->1(2v2,1v4)
 8.7173      2.970012e-03  -5.449782e-02     0.000  0(0)->1(1v2,2v4)
 8.8842      2.819780e-03  +5.310160e-02     0.000  0(0)->1(3v4)
------------------------------------------------------------------------------

Stick spectrum was also saved in "formaldehyde.xml.spectrum_parallel" file 
------------------------------------------------------------------------------


Job "../../bin/ezFCF_linux.exe formaldehyde.xml" has finished: Mon May 30 11:35:10 2022

