Job "./ezspectrum cis_hcoh.xml" has been started: Tue Dec 29 14:23:09 2020

A copy of the "cis_hcoh.xml" input:
------------------------------------------------------------------------------
<input
  job = "harmonic_pes" >

<job_parameters 
   spectrum_intensity_threshold = "0.0001" 
   temperature                  = "600" 
/>


<parallel_approximation
        max_vibr_excitations_in_initial_el_state = "3"
        max_vibr_excitations_in_target_el_state  = "4"
        combination_bands                        = "true"
        use_normal_coordinates_of_target_states  = "true" >


  <energy_thresholds  units="eV, K, cm-1">
    <initial_state   units="K">      8000    </initial_state>
    <target_state   units="eV">      1.20    </target_state>
  </energy_thresholds> 

</parallel_approximation>



<dushinsky_rotations target_state="1"
      max_vibr_excitations_in_initial_el_state = "3"
      max_vibr_excitations_in_target_el_state  = "4"
      > 

  <energy_thresholds  units="eV, K, cm-1">
    <initial_state   units="K">      8000    </initial_state>
    <target_state   units="eV">      1.20    </target_state>
  </energy_thresholds> 

</dushinsky_rotations>



 <initial_state>
  <!-- THIS INITIAL STATE IS FROM "aces-cis-neut.out" FILE -->

  <geometry
    number_of_atoms = "4"
    linear = "false"
    units   ="au"
    text   = "
               C        1.40532059     0.15759481     0.00000000
               O       -1.07218877     0.09830247     0.00000000
               H        2.05763204    -1.84281323     0.00000000
               H       -1.77413458    -1.59377227     0.00000000
             "
    />

  <normal_modes
    atoms = "C   O   H   H   "
    if_mass_weighted="false"
    text = "
    0.000 0.0000  0.2744    0.2414 -0.0009  0.0000    0.6961  0.0016  0.0000
    0.000 0.0000 -0.2678   -0.2845  0.1139  0.0000   -0.6035 -0.0193  0.0000
    0.000 0.0000 -0.5903   -0.4395 -0.1718  0.0000    0.2733  0.0278  0.0000
    0.000 0.0000  0.7103    0.7398 -0.2791  0.0000   -0.2710  0.0435  0.0000

    0.211 0.3271  0.0000    0.0856 -0.2637  0.0000    0.0046  0.0120  0.0000
    0.106-0.2726  0.0000    0.0040  0.0076  0.0000    0.0876  0.2252  0.0000
   -0.738-0.1684  0.0000   -0.3030  0.9111  0.0000   -0.0086 -0.0366  0.0000
   -0.415 0.1259  0.0000   -0.0082 -0.0316  0.0000   -0.3563 -0.9017  0.0000
             "
        />

  <frequencies
    text = "
              1027.59                   1237.54                   1345.00 
              1491.40                   2794.17                   3661.57 
             "
        />

</initial_state>

<target_state>

  <ip> 1.0 </ip>

  <!-- THIS TARGET STATE IS FROM "aces-cis-cat.out" FILE -->

  <geometry
    number_of_atoms = "4"
    linear = "false"
    units   ="au"
    text   = "
               C        1.28368876      .13509689      .00000000
               O       -1.01273572      .08329864      .00000000
               H        2.69659188    -1.37216418      .00000000
               H       -1.90840788    -1.55842089      .00000000
             "
        />

  <normal_modes
    atoms = "C   O   H   H   "
    if_mass_weighted="false"
    text = "
     .000  .0000   .3663     .0301   .0929   .0000     .0056   .4004   .0000
     .000  .0000  -.3091    -.0845   .1132   .0000     .2417  -.3027   .0000
     .000  .0000  -.6366    -.4512  -.4101   .0000    -.5343  -.3944   .0000
     .000  .0000   .6042     .6842  -.3614   .0000    -.4480   .2186   .0000

     .733  .1110   .0000     .2391  -.1934   .0000     .0070  -.0083   .0000
    -.618 -.0498   .0000    -.0376  -.0010   .0000    -.1236  -.2091   .0000
     .095 -.1710   .0000    -.6569   .6869   .0000    -.0050   .0150   .0000
    -.162 -.0135   .0000    -.0183  -.0154   .0000     .4731   .8466   .0000
             "
        />

  <manual_normal_modes_reordering
     new_order="0 1 3 2 4 5" />

  <frequencies
    text = "
               935.00                    987.54                   1170.79 
              1733.16                   3085.30                   3463.98 
             "
        />

</target_state>

</input>
------------------------------------------------------------------------------
 

====== Reading the initial state ======
Coordinate axes were aligned with MOI principal axes; center mass was shifted to the origin.

New molecular geometry:
   C      0.0834       0.0000      -0.7437 
   O      0.0520       0.0000       0.5674 
   H     -0.9752       0.0000      -1.0889 
   H     -0.8434       0.0000       0.9388 

MOI tensor:
                0           1           2
    0   13.868805    0.000000    0.000000
    1    0.000000   15.670849    0.000000
    2    0.000000    0.000000    1.802044



===== Reading the target state #1 =====
New normal modes order was requested:
0 1 3 2 4 5
Normal modes were reordered accordingly.
Coordinate axes were aligned with MOI principal axes; center mass was shifted to the origin.
Also rotated by 2/2*pi, 2/2*pi, and 2/2*pi CCW around x, y, and z.
The norm of the geometry difference from the initial state is 0.4325

New molecular geometry:
   C      0.0715       0.0000      -0.6793 
   O      0.0441       0.0000       0.5359 
   H     -0.7261       0.0000      -1.4270 
   H     -0.8247       0.0000       1.0099 

MOI tensor:
                0           1           2
    0   13.211404    0.000000   -0.000000
    1    0.000000   14.520626    0.000000
    2   -0.000000    0.000000    1.309222



Initial state and 1 target state was loaded from "cis_hcoh.xml"

------------------------------------------------------------------------------

=== Reading the parallel approximation job parameters ===

===== Overlap matrix of the target state #1 with the initial state =====
The normal modes overlap matrix whit the initial state is diagonal
  (do_not_excite_subspace is excluded)

------------------------------------------------------------------------------

Photoelectron spectrum in the parallel approximation will be evaluated

===== Target state #1 =====

Difference (dQ) between the initial and the target state geometries.
Angstrom*sqrt(amu):

normal mode  dQ in initial  dQ in target   frequency   frequency   comments
  number      state coord.  state coord.    initial      target

       0       0.000000        0.000000      1027.59     935.00
       1      -0.343356       -0.336058      1237.54     987.54
       2      -0.110727       -0.243397      1345.00    1733.16
       3      -0.299192       -0.221654      1491.40    1170.79
       4       0.116994       -0.100254      2794.17    3085.30
       5      -0.001238       -0.025925      3661.57    3463.98


TARGET state normal coordinates (displacements dQ) will be used.

Maximum number of vibrational excitations: 3 and 4
 in the initial and each target state, respectively.

Maximum number of combination bands = 17640
   = 84 (# of vibrational states in the initial electronic state)
   * 210 (# of vibrational states in the target electronic state)

A set of initial vibrational states is being created...
  energy threshold = 0.69 eV (8000.00 K)
  53 vibrational states below the energy threshold

A set of target vibrational states is being created...
  energy threshold = 1.20 eV (9678.57 cm-1)
  184 vibrational states below the energy threshold

Total number of combination bands with thresholds applied: 9752

Intensities of combination bands are being calculated...
------------------------------------------------------------------------------
           Stick photoelectron spectrum (parallel approximation)
------------------------------------------------------------------------------

WARNING! The normal modes of one of the target states were reordered!
         New order is used for the target state assignment.

Energy,eV    Intensity     FC factor         E",K   Transition

-0.8151      2.309875e-04  -9.086297e-02  2145.805  0(1v3)->1(0)
-0.8332      5.848946e-04  -1.213107e-01  1935.167  0(1v2)->1(0)
-0.8466      8.247962e-04  -1.266420e-01  1780.555  0(1v1)->1(0)
-0.9375      4.727184e-04  -1.299852e-01  2145.805  0(1v3)->1(1v1)
-0.9442      1.016163e-04  -1.733493e-01  3413.648  0(1v0,1v2)->1(1v0,1v1)
-0.9557      1.196993e-03  -1.735426e-01  1935.167  0(1v2)->1(1v1)
-0.9690      3.516988e-04  -8.269699e-02  1780.555  0(1v1)->1(1v1)
-0.9784      6.263555e-04  -1.255367e-01  1935.167  0(1v2)->1(1v3)
-0.9885      8.337142e-04  +9.898947e-02  1478.482  0(1v0)->1(1v0)
-0.9917      8.832628e-04  -1.310537e-01  1780.555  0(1v1)->1(1v3)
-1.0000      9.820773e-03  +9.909982e-02     0.000  0(0)->1(0)
-1.0300      2.686114e-04  -9.798394e-02  2145.805  0(1v3)->1(1v2)
-1.0600      4.320571e-04  -1.242691e-01  2145.805  0(1v3)->1(2v1)
-1.0614      9.591413e-04  -1.365669e-01  1780.555  0(1v1)->1(1v2)
-1.0781      1.094033e-03  -1.659111e-01  1935.167  0(1v2)->1(2v1)
-1.0894      1.088194e-04  -1.793882e-01  3413.648  0(1v0,1v2)->1(1v0,1v1,1v3)
-1.0995      1.445218e-04  +1.412952e-01  2956.964  0(2v0)->1(2v0,1v1)
-1.1008      1.281843e-03  -1.795882e-01  1935.167  0(1v2)->1(1v1,1v3)
-1.1054      1.923143e-04  +8.290840e-02  2145.805  0(1v3)->1(2v3)
-1.1110      1.706205e-03  +1.416107e-01  1478.482  0(1v0)->1(1v0,1v1)
-1.1142      3.766294e-04  -8.557785e-02  1780.555  0(1v1)->1(1v1,1v3)
-1.1224      2.009832e-02  +1.417685e-01     0.000  0(0)->1(1v1)
-1.1236      2.641867e-04  -8.152966e-02  1935.167  0(1v2)->1(2v3)
-1.1337      8.928130e-04  +1.024379e-01  1478.482  0(1v0)->1(1v0,1v3)
-1.1369      3.725461e-04  -8.511268e-02  1780.555  0(1v1)->1(2v3)
-1.1452      1.051693e-02  +1.025521e-01     0.000  0(0)->1(1v3)
-1.1524      5.497161e-04  -1.401722e-01  2145.805  0(1v3)->1(1v1,1v2)
-1.1824      2.302296e-04  -9.071379e-02  2145.805  0(1v3)->1(3v1)
-1.1839      4.089845e-04  -8.917799e-02  1780.555  0(1v1)->1(1v1,1v2)
-1.2006      5.829756e-04  -1.211115e-01  1935.167  0(1v2)->1(3v1)
-1.2034      9.695119e-04  +1.067473e-01  1478.482  0(1v0)->1(1v0,1v2)
-1.2066      1.027131e-03  -1.413244e-01  1780.555  0(1v1)->1(1v2,1v3)
-1.2139      5.869387e-04  +1.068318e-01  1780.555  0(1v1)->1(3v1)
-1.2149      1.142041e-02  +1.068663e-01     0.000  0(0)->1(1v2)
-1.2158      2.430030e-04  -7.819266e-02  1935.167  0(1v2)->1(1v4)
-1.2219      1.320907e-04  +1.350818e-01  2956.964  0(2v0)->1(2v0,2v1)
-1.2233      1.171585e-03  -1.716908e-01  1935.167  0(1v2)->1(2v1,1v3)
-1.2279      3.935734e-04  +1.186057e-01  2145.805  0(1v3)->1(1v1,2v3)
-1.2291      3.426736e-04  -8.162902e-02  1780.555  0(1v1)->1(1v4)
-1.2334      1.559445e-03  +1.353834e-01  1478.482  0(1v0)->1(1v0,2v1)
-1.2446      1.547664e-04  +1.462174e-01  2956.964  0(2v0)->1(2v0,1v1,1v3)
-1.2449      1.918905e-04  -8.281700e-02  2145.805  0(1v3)->1(2v2)
-1.2449      1.836955e-02  +1.355343e-01     0.000  0(0)->1(2v1)
-1.2460      5.406609e-04  -1.166333e-01  1935.167  0(1v2)->1(1v1,2v3)
-1.2506      2.131295e-04  +8.727994e-02  2145.805  0(1v3)->1(3v3)
-1.2561      1.827152e-03  +1.465439e-01  1478.482  0(1v0)->1(1v0,1v1,1v3)
-1.2593      1.588562e-04  -5.557844e-02  1780.555  0(1v1)->1(1v1,2v3)
-1.2676      2.152301e-02  +1.467072e-01     0.000  0(0)->1(1v1,1v3)
-1.2749      5.024318e-04  -1.340082e-01  2145.805  0(1v3)->1(2v1,1v2)
-1.2763      6.851912e-04  -1.154277e-01  1780.555  0(1v1)->1(2v2)
-1.2788      3.765742e-04  +6.652818e-02  1478.482  0(1v0)->1(1v0,2v3)
-1.2903      4.435872e-03  +6.660234e-02     0.000  0(0)->1(2v3)
-1.3144      1.680620e-04  +1.523686e-01  2956.964  0(2v0)->1(2v0,1v1,1v2)
-1.3201      1.963977e-04  -8.378397e-02  2145.805  0(1v3)->1(1v1,1v4)
-1.3203      2.236390e-04  +8.940596e-02  2145.805  0(1v3)->1(1v2,2v3)
-1.3230      1.974585e-04  -7.048523e-02  1935.167  0(1v2)->1(4v1)
-1.3258      1.984117e-03  +1.527088e-01  1478.482  0(1v0)->1(1v0,1v1,1v2)
-1.3291      4.379758e-04  -9.228462e-02  1780.555  0(1v1)->1(1v1,1v2,1v3)
-1.3363      7.785259e-04  +1.230384e-01  1780.555  0(1v1)->1(4v1)
-1.3373      2.337199e-02  +1.528790e-01     0.000  0(0)->1(1v1,1v2)
-1.3382      4.973082e-04  -1.118595e-01  1935.167  0(1v2)->1(1v1,1v4)
-1.3457      6.243005e-04  -1.253306e-01  1935.167  0(1v2)->1(3v1,1v3)
-1.3486      1.038237e-03  +1.104660e-01  1478.482  0(1v0)->1(1v0,1v2,1v3)
-1.3503      3.597198e-04  +1.133900e-01  2145.805  0(1v3)->1(2v1,2v3)
-1.3515      1.461184e-04  -5.330362e-02  1780.555  0(1v1)->1(1v1,1v4)
-1.3518      4.332274e-04  -9.178299e-02  1780.555  0(1v1)->1(1v2,2v3)
-1.3558      8.309789e-04  +9.882695e-02  1478.482  0(1v0)->1(1v0,3v1)
-1.3590      6.285445e-04  +1.105534e-01  1780.555  0(1v1)->1(3v1,1v3)
-1.3600      1.222996e-02  +1.105891e-01     0.000  0(0)->1(1v2,1v3)
-1.3609      2.602285e-04  -8.091660e-02  1935.167  0(1v2)->1(1v3,1v4)
-1.3673      3.927061e-04  -1.184749e-01  2145.805  0(1v3)->1(1v1,2v2)
-1.3673      9.788553e-03  +9.893712e-02     0.000  0(0)->1(3v1)
-1.3684      4.941555e-04  -1.115044e-01  1935.167  0(1v2)->1(2v1,2v3)
-1.3711      3.463787e-04  +6.380519e-02  1478.482  0(1v0)->1(1v0,1v4)
-1.3730      4.361718e-04  +1.248595e-01  2145.805  0(1v3)->1(1v1,3v3)
-1.3743      3.669644e-04  -8.447267e-02  1780.555  0(1v1)->1(1v3,1v4)
-1.3786      1.669988e-03  +1.400996e-01  1478.482  0(1v0)->1(1v0,2v1,1v3)
-1.3825      4.080183e-03  +6.387631e-02     0.000  0(0)->1(1v4)
-1.3855      1.259893e-04  +5.630242e-02  1935.167  0(1v2)->1(1v1,2v2)
-1.3900      1.967169e-02  +1.402558e-01     0.000  0(0)->1(2v1,1v3)
-1.3912      1.075729e-04  -5.202494e-02  1935.167  0(1v2)->1(1v1,3v3)
-1.3973      2.677301e-04  -9.782307e-02  2145.805  0(1v3)->1(3v1,1v2)
-1.3988      2.921702e-04  -7.537412e-02  1780.555  0(1v1)->1(1v1,2v2)
-1.4013      7.706631e-04  +9.517277e-02  1478.482  0(1v0)->1(1v0,1v1,2v3)
-1.4125      1.115985e-04  -6.315705e-02  2145.805  0(1v3)->1(1v2,1v4)
-1.4128      9.078060e-03  +9.527886e-02     0.000  0(0)->1(1v1,2v3)
-1.4183      6.925997e-04  +9.022389e-02  1478.482  0(1v0)->1(1v0,2v2)
-1.4215      7.337617e-04  -1.194488e-01  1780.555  0(1v1)->1(2v2,1v3)
-1.4288      6.825409e-04  +1.152043e-01  1780.555  0(1v1)->1(3v1,1v2)
-1.4295      3.581579e-04  +1.892506e-02     0.000  0(0)->1(1v5)
-1.4298      8.158509e-03  +9.032446e-02     0.000  0(0)->1(2v2)
-1.4355      8.825855e-04  +2.970834e-02     0.000  0(0)->1(3v3)
-1.4425      1.795044e-04  -8.009959e-02  2145.805  0(1v3)->1(2v1,1v4)
-1.4427      4.576797e-04  +1.279009e-01  2145.805  0(1v3)->1(1v1,1v2,2v3)
-1.4440      3.984892e-04  -8.802632e-02  1780.555  0(1v1)->1(1v2,1v4)
-1.4483      1.813451e-03  +1.459934e-01  1478.482  0(1v0)->1(1v0,2v1,1v2)
-1.4597      1.063368e-04  -6.165020e-02  2145.805  0(1v3)->1(3v2)
-1.4598      2.136163e-02  +1.461562e-01     0.000  0(0)->1(2v1,1v2)
-1.4607      4.545318e-04  -1.069405e-01  1935.167  0(1v2)->1(2v1,1v4)
-1.4655      2.478446e-04  +9.412011e-02  2145.805  0(1v3)->1(1v2,3v3)
-1.4710      2.124763e-03  +1.580286e-01  1478.482  0(1v0)->1(1v0,1v1,1v2,1v3)
-1.4742      1.847311e-04  -5.993415e-02  1780.555  0(1v1)->1(1v1,1v2,2v3)
-1.4779      2.111552e-04  +7.288885e-02  1935.167  0(1v2)->1(3v2)
-1.4825      2.502874e-02  +1.582047e-01     0.000  0(0)->1(1v1,1v2,1v3)
-1.4834      5.325605e-04  -1.157563e-01  1935.167  0(1v2)->1(1v1,1v3,1v4)
-1.4897      3.589271e-04  -1.132650e-01  2145.805  0(1v3)->1(2v1,2v2)
-1.4898      3.315461e-03  +5.758004e-02     0.000  0(0)->1(4v1)
-1.4912      3.797011e-04  -8.592612e-02  1780.555  0(1v1)->1(3v2)
-1.4935      7.088678e-04  +9.127735e-02  1478.482  0(1v0)->1(1v0,1v1,1v4)
-1.4937      4.379116e-04  +7.174202e-02  1478.482  0(1v0)->1(1v0,1v2,2v3)
-1.4967      1.564761e-04  -5.516052e-02  1780.555  0(1v1)->1(1v1,1v3,1v4)
-1.5050      8.350139e-03  +9.137910e-02     0.000  0(0)->1(1v1,1v4)
-1.5052      5.158399e-03  +7.182199e-02     0.000  0(0)->1(1v2,2v3)
-1.5061      1.097602e-04  -5.255120e-02  1935.167  0(1v2)->1(2v3,1v4)
-1.5079      1.151522e-04  +5.382653e-02  1935.167  0(1v2)->1(2v1,2v2)
-1.5125      1.048243e-02  +1.023837e-01     0.000  0(0)->1(3v1,1v3)
-1.5162      3.709321e-04  +6.602792e-02  1478.482  0(1v0)->1(1v0,1v3,1v4)
-1.5194      1.547797e-04  -5.486069e-02  1780.555  0(1v1)->1(2v3,1v4)
-1.5277      4.369411e-03  +6.610152e-02     0.000  0(0)->1(1v3,1v4)
-1.5306      1.349202e-04  +5.826379e-02  1935.167  0(1v2)->1(1v1,2v2,1v3)
-1.5349      2.283875e-04  -9.035015e-02  2145.805  0(1v3)->1(1v1,1v2,1v4)
-1.5352      1.597632e-04  +7.556681e-02  2145.805  0(1v3)->1(2v2,2v3)
-1.5352      8.297204e-03  +9.108899e-02     0.000  0(0)->1(2v1,2v3)
-1.5407      1.417413e-03  +1.290710e-01  1478.482  0(1v0)->1(1v0,1v1,2v2)
-1.5439      3.128811e-04  -7.799988e-02  1780.555  0(1v1)->1(1v1,2v2,1v3)
-1.5519      7.329741e-04  +2.707349e-02     0.000  0(0)->1(1v1,1v5)
-1.5522      1.669648e-02  +1.292149e-01     0.000  0(0)->1(1v1,2v2)
-1.5579      1.806221e-03  +4.249966e-02     0.000  0(0)->1(1v1,3v3)
-1.5635      7.416954e-04  +9.336695e-02  1478.482  0(1v0)->1(1v0,2v2,1v3)
-1.5664      1.699185e-04  -5.748105e-02  1780.555  0(1v1)->1(1v1,1v2,1v4)
-1.5667      3.094889e-04  -7.757590e-02  1780.555  0(1v1)->1(2v2,2v3)
-1.5746      3.835463e-04  +1.958434e-02     0.000  0(0)->1(1v3,1v5)
-1.5749      8.736834e-03  +9.347103e-02     0.000  0(0)->1(2v2,1v3)
-1.5822      2.176194e-04  -8.819451e-02  2145.805  0(1v3)->1(1v1,3v2)
-1.5822      1.138294e-02  +1.066909e-01     0.000  0(0)->1(3v1,1v2)
-1.5831      2.422057e-04  -7.806428e-02  1935.167  0(1v2)->1(3v1,1v4)
-1.5859      4.027978e-04  +6.880562e-02  1478.482  0(1v0)->1(1v0,1v2,1v4)
-1.5891      4.267365e-04  -9.109283e-02  1780.555  0(1v1)->1(1v2,1v3,1v4)
-1.5964      2.438522e-04  +6.886010e-02  1780.555  0(1v1)->1(3v1,1v4)
-1.5974      4.744774e-03  +6.888232e-02     0.000  0(0)->1(1v2,1v4)
-1.6003      4.321314e-04  +1.042721e-01  1935.167  0(1v2)->1(1v1,3v2)
-1.6049      2.287587e-02  +1.512477e-01     0.000  0(0)->1(2v1,1v2,1v3)
-1.6058      4.867518e-04  -1.106659e-01  1935.167  0(1v2)->1(2v1,1v3,1v4)
-1.6104      1.635158e-04  +7.644913e-02  2145.805  0(1v3)->1(1v1,2v3,1v4)
-1.6137      1.619072e-04  -5.610962e-02  1780.555  0(1v1)->1(1v1,3v2)
-1.6159      6.478939e-04  +8.726344e-02  1478.482  0(1v0)->1(1v0,2v1,1v4)
-1.6231      2.261232e-04  +7.542802e-02  1935.167  0(1v2)->1(3v2,1v3)
-1.6274      7.631895e-03  +8.736072e-02     0.000  0(0)->1(2v1,1v4)
-1.6276      1.055672e-02  +1.027459e-01     0.000  0(0)->1(1v1,1v2,2v3)
-1.6285      2.246254e-04  -7.517781e-02  1935.167  0(1v2)->1(1v1,2v3,1v4)
-1.6332      3.838066e-04  +6.716400e-02  1478.482  0(1v0)->1(1v0,3v2)
-1.6364      4.066166e-04  -8.891946e-02  1780.555  0(1v1)->1(3v2,1v3)
-1.6387      7.591167e-04  +9.445711e-02  1478.482  0(1v0)->1(1v0,1v1,1v3,1v4)
-1.6444      4.164957e-04  +2.040823e-02     0.000  0(0)->1(1v2,1v5)
-1.6447      4.521066e-03  +6.723887e-02     0.000  0(0)->1(3v2)
-1.6501      8.942048e-03  +9.456240e-02     0.000  0(0)->1(1v1,1v3,1v4)
-1.6504      1.026343e-03  +3.203660e-02     0.000  0(0)->1(1v2,3v3)
-1.6574      2.087426e-04  -8.637702e-02  2145.805  0(1v3)->1(2v1,1v2,1v4)
-1.6589      2.846726e-04  -7.440072e-02  1780.555  0(1v1)->1(2v2,1v4)
-1.6614      1.564532e-04  +4.288176e-02  1478.482  0(1v0)->1(1v0,2v3,1v4)
-1.6729      1.842947e-03  +4.292956e-02     0.000  0(0)->1(2v3,1v4)
-1.6744      6.699267e-04  +2.588294e-02     0.000  0(0)->1(2v1,1v5)
-1.6747      1.526032e-02  +1.235327e-01     0.000  0(0)->1(2v1,2v2)
-1.6928      2.353387e-04  +7.694969e-02  1935.167  0(1v2)->1(4v2)
-1.6971      7.849318e-04  +2.801663e-02     0.000  0(0)->1(1v1,1v3,1v5)
-1.6974      1.788003e-02  +1.337162e-01     0.000  0(0)->1(1v1,2v2,1v3)
-1.7061      1.786269e-04  -5.893560e-02  1780.555  0(1v1)->1(4v2)
-1.7084      8.243301e-04  +9.843079e-02  1478.482  0(1v0)->1(1v0,1v1,1v2,1v4)
-1.7116      1.819634e-04  -5.948347e-02  1780.555  0(1v1)->1(1v1,1v2,1v3,1v4)
-1.7198      1.617737e-04  +1.271903e-02     0.000  0(0)->1(2v3,1v5)
-1.7199      9.710233e-03  +9.854051e-02     0.000  0(0)->1(1v1,1v2,1v4)
-1.7201      3.685056e-03  +6.070466e-02     0.000  0(0)->1(2v2,2v3)
-1.7207      1.293993e-04  -5.705926e-02  1935.167  0(1v2)->1(1v1,2v4)
-1.7311      4.313506e-04  +7.120256e-02  1478.482  0(1v0)->1(1v0,1v2,1v3,1v4)
-1.7343      1.799906e-04  -5.916014e-02  1780.555  0(1v1)->1(1v2,2v3,1v4)
-1.7426      5.081113e-03  +7.128193e-02     0.000  0(0)->1(1v2,1v3,1v4)
-1.7498      1.631554e-04  -7.636485e-02  2145.805  0(1v3)->1(1v1,2v2,1v4)
-1.7499      4.066796e-03  +6.377144e-02     0.000  0(0)->1(3v1,1v4)
-1.7651      1.061661e-03  +3.258314e-02     0.000  0(0)->1(2v4)
-1.7668      8.523629e-04  +2.919526e-02     0.000  0(0)->1(1v1,1v2,1v5)
-1.7671      9.252411e-03  +9.618946e-02     0.000  0(0)->1(1v1,3v2)
-1.7726      8.172891e-03  +9.040404e-02     0.000  0(0)->1(2v1,1v3,1v4)
-1.7813      1.213864e-04  -4.858355e-02  1780.555  0(1v1)->1(1v1,2v2,1v4)
-1.7895      4.460194e-04  +2.111917e-02     0.000  0(0)->1(1v2,1v3,1v5)
-1.7898      4.841547e-03  +6.958123e-02     0.000  0(0)->1(3v2,1v3)
-1.7953      3.771612e-03  +6.141345e-02     0.000  0(0)->1(1v1,2v3,1v4)
-1.7968      3.569828e-04  +1.889399e-02     0.000  0(0)->1(3v1,1v5)
-1.8008      2.877506e-04  +5.815520e-02  1478.482  0(1v0)->1(1v0,2v2,1v4)
-1.8040      3.048520e-04  -7.699256e-02  1780.555  0(1v1)->1(2v2,1v3,1v4)
-1.8120      1.488019e-04  +1.219844e-02     0.000  0(0)->1(1v4,1v5)
-1.8123      3.389571e-03  +5.822002e-02     0.000  0(0)->1(2v2,1v4)
-1.8180      3.666830e-04  +1.914897e-02     0.000  0(0)->1(3v3,1v4)
-1.8195      7.174152e-04  +2.678461e-02     0.000  0(0)->1(2v1,1v3,1v5)
-1.8265      1.036866e-04  -4.490200e-02  1780.555  0(1v1)->1(1v2,2v4)
-1.8422      3.310716e-04  +1.819537e-02     0.000  0(0)->1(1v1,2v3,1v5)
-1.8423      8.874999e-03  +9.420721e-02     0.000  0(0)->1(2v1,1v2,1v4)
-1.8432      1.182689e-04  -5.455009e-02  1935.167  0(1v2)->1(2v1,2v4)
-1.8593      2.975361e-04  +1.724923e-02     0.000  0(0)->1(2v2,1v5)
-1.8595      2.126894e-03  +4.611826e-02     0.000  0(0)->1(4v2)
-1.8650      1.039855e-02  +1.019733e-01     0.000  0(0)->1(1v1,1v2,1v3,1v4)
-1.8659      1.385719e-04  -5.904699e-02  1935.167  0(1v2)->1(1v1,1v3,2v4)
-1.8738      1.577523e-04  -5.538500e-02  1780.555  0(1v1)->1(3v2,1v4)
-1.8760      1.844470e-04  +4.656034e-02  1478.482  0(1v0)->1(1v0,1v1,2v4)
-1.8875      2.172701e-03  +4.661224e-02     0.000  0(0)->1(1v1,2v4)
-1.8877      2.143132e-03  +4.629397e-02     0.000  0(0)->1(1v2,2v3,1v4)
-1.8892      7.790462e-04  +2.791140e-02     0.000  0(0)->1(2v1,1v2,1v5)
-1.9102      1.136918e-03  +3.371822e-02     0.000  0(0)->1(1v3,2v4)
-1.9120      9.127836e-04  +3.021231e-02     0.000  0(0)->1(1v1,1v2,1v3,1v5)
-1.9345      3.045247e-04  +1.745064e-02     0.000  0(0)->1(1v1,1v4,1v5)
-1.9347      1.881238e-04  +1.371582e-02     0.000  0(0)->1(1v2,2v3,1v5)
-1.9347      6.936794e-03  +8.328742e-02     0.000  0(0)->1(1v1,2v2,1v4)
-1.9572      1.593499e-04  +1.262339e-02     0.000  0(0)->1(1v3,1v4,1v5)
-1.9575      3.629845e-03  +6.024819e-02     0.000  0(0)->1(2v2,1v3,1v4)
-1.9685      1.048077e-04  +3.509757e-02  1478.482  0(1v0)->1(1v0,1v2,2v4)
-1.9717      1.110366e-04  -4.646622e-02  1780.555  0(1v1)->1(1v2,1v3,2v4)
-1.9799      1.234587e-03  +3.513670e-02     0.000  0(0)->1(1v2,2v4)
-1.9817      6.089109e-04  +2.467612e-02     0.000  0(0)->1(1v1,2v2,1v5)
-2.0044      3.186273e-04  +1.785013e-02     0.000  0(0)->1(2v2,1v3,1v5)
-2.0099      1.985814e-03  +4.456248e-02     0.000  0(0)->1(2v1,2v4)
-2.0269      1.730392e-04  +1.315444e-02     0.000  0(0)->1(1v2,1v4,1v5)
-2.0272      1.878343e-03  +4.333985e-02     0.000  0(0)->1(3v2,1v4)
-2.0327      2.326715e-03  +4.823604e-02     0.000  0(0)->1(1v1,1v3,2v4)
-2.0554      4.795338e-04  +2.189826e-02     0.000  0(0)->1(2v3,2v4)
-2.0569      2.783308e-04  +1.668325e-02     0.000  0(0)->1(2v1,1v4,1v5)
-2.0741      1.648807e-04  +1.284059e-02     0.000  0(0)->1(3v2,1v5)
-2.0796      3.261113e-04  +1.805855e-02     0.000  0(0)->1(1v1,1v3,1v4,1v5)
-2.1024      2.526597e-03  +5.026526e-02     0.000  0(0)->1(1v1,1v2,2v4)
-2.1251      1.322103e-03  +3.636073e-02     0.000  0(0)->1(1v2,1v3,2v4)
-2.1476      2.163254e-04  +1.470801e-02     0.000  0(0)->1(3v4)
-2.1493      3.541266e-04  +1.881825e-02     0.000  0(0)->1(1v1,1v2,1v4,1v5)
-2.1721      1.853053e-04  +1.361269e-02     0.000  0(0)->1(1v2,1v3,1v4,1v5)
-2.1948      8.819643e-04  +2.969788e-02     0.000  0(0)->1(2v2,2v4)
------------------------------------------------------------------------------

Stick spectrum was also saved in "cis_hcoh.xml.spectrum_parallel" file 
------------------------------------------------------------------------------



=== Reading the Dushinsky rotations job parameters ===

Target state number 1 from the input will be used

All normal modes modes will be excited

=== Photoelectron spectrum with the Dushinsky rotations will be evaluated ==== 

Determinant of the normal modes rotation matrix: |Det(S)| =  0.97900217
Number of normal modes to excite: 6

Size of layers with exactly K' excitations in the target state (in bytes):
   layer K'=0: 8
   layer K'=1: 48
   layer K'=2: 168
   layer K'=3: 448
   layer K'=4: 1008
Please be sure that you have enough memory to store all this layers,
otherwise use "max_vibr_to_store" tag to limit the memory use.
You also can reduce "max_vibr_excitations_in_target_el_state" value,
and/or use "single_excitation" elements to add higher excitations.

Layer K'=1 is being evaluated (will be saved in memory)... Done
5 points above the intensity threhold were added to the spectrum

Layer K'=2 is being evaluated (will be saved in memory)... Done
13 points above the intensity threhold were added to the spectrum

Layer K'=3 is being evaluated (will be saved in memory)... Done
25 points above the intensity threhold were added to the spectrum

Layer K'=4 is being evaluated (will be saved in memory)... Done
41 points above the intensity threhold were added to the spectrum

Maximum number of combination bands = 17640
   = 84 (# of vibrational states in the initial electronic state)
   * 210 (# of vibrational states in the target electronic state)

A set of initial vibrational states is being created...
  energy threshold = 0.69 eV (8000.00 K)
  52 vibrational states below the energy threshold

A set of target vibrational states is being created...
  energy threshold = 1.20 eV (9678.57 cm-1)
  184 vibrational states below the energy threshold

Total number of combination bands with thresholds applied: 9568

Hot bands are being calculated...Done

2406 hot bands were added to the spectrum
Note: the Boltzmann distribution will be applied later


Updating the energies and applying the Boltzmann distribution...Done
  2284 hotbands were removed from the spectrum

------------------------------------------------------------------------------
        Stick photoelectron spectrum (with Dushinsky rotations) 
------------------------------------------------------------------------------

WARNING! The normal modes of the target state were reordered!
         New order is used for the target state assignment.

Energy,eV    Intensity     FC factor         E",K   Transition

-0.8151      5.485232e-04  -1.400200e-01  2145.805  0(1v3)->1(0)
-0.8332      2.125848e-04  -7.313517e-02  1935.167  0(1v2)->1(0)
-0.8383      1.182014e-04  +2.114072e-01  3561.110  0(2v1)->1(1v3)
-0.8466      1.156375e-03  -1.499525e-01  1780.555  0(1v1)->1(0)
-0.9375      1.093810e-03  -1.977260e-01  2145.805  0(1v3)->1(1v1)
-0.9557      7.127430e-04  -1.339142e-01  1935.167  0(1v2)->1(1v1)
-0.9690      7.833709e-04  -1.234207e-01  1780.555  0(1v1)->1(1v1)
-0.9784      3.691538e-04  -9.637489e-02  1935.167  0(1v2)->1(1v3)
-0.9802      1.490455e-04  -1.845628e-01  3259.037  0(1v0,1v1)->1(1v0,1v3)
-0.9885      9.413627e-04  +1.051862e-01  1478.482  0(1v0)->1(1v0)
-0.9917      1.757895e-03  -1.848846e-01  1780.555  0(1v1)->1(1v3)
-1.0000      1.110276e-02  +1.053696e-01     0.000  0(0)->1(0)
-1.0300      5.220355e-04  -1.365975e-01  2145.805  0(1v3)->1(1v2)
-1.0600      9.284287e-04  -1.821659e-01  2145.805  0(1v3)->1(2v1)
-1.0614      1.026688e-03  -1.412939e-01  1780.555  0(1v1)->1(1v2)
-1.0781      9.933948e-04  -1.580961e-01  1935.167  0(1v2)->1(2v1)
-1.0827      1.531480e-04  -7.398579e-02  2145.805  0(1v3)->1(1v1,1v3)
-1.0995      1.678674e-04  +1.522804e-01  2956.964  0(2v0)->1(2v0,1v1)
-1.1008      1.116053e-03  -1.675725e-01  1935.167  0(1v2)->1(1v1,1v3)
-1.1027      1.118101e-04  -1.598546e-01  3259.037  0(1v0,1v1)->1(1v0,1v1,1v3)
-1.1110      1.986815e-03  +1.528126e-01  1478.482  0(1v0)->1(1v0,1v1)
-1.1142      1.318727e-03  -1.601333e-01  1780.555  0(1v1)->1(1v1,1v3)
-1.1224      2.343319e-02  +1.530790e-01     0.000  0(0)->1(1v1)
-1.1236      2.506394e-04  -7.941177e-02  1935.167  0(1v2)->1(2v3)
-1.1337      1.121414e-03  +1.148057e-01  1478.482  0(1v0)->1(1v0,1v3)
-1.1369      1.054455e-03  -1.431918e-01  1780.555  0(1v1)->1(2v3)
-1.1452      1.322634e-02  +1.150058e-01     0.000  0(0)->1(1v3)
-1.1524      1.021341e-03  -1.910636e-01  2145.805  0(1v3)->1(1v1,1v2)
-1.1824      4.275164e-04  -1.236144e-01  2145.805  0(1v3)->1(3v1)
-1.1839      5.253694e-04  -1.010734e-01  1780.555  0(1v1)->1(1v1,1v2)
-1.1951      1.309727e-04  -1.730116e-01  3259.037  0(1v0,1v1)->1(1v0,1v2,1v3)
-1.2006      7.573218e-04  -1.380386e-01  1935.167  0(1v2)->1(3v1)
-1.2034      1.118630e-03  +1.146631e-01  1478.482  0(1v0)->1(1v0,1v2)
-1.2066      1.544738e-03  -1.733132e-01  1780.555  0(1v1)->1(1v2,1v3)
-1.2118      1.199269e-04  -1.883211e-01  3413.648  0(1v0,1v2)->1(1v0,2v1,1v3)
-1.2139      3.245509e-04  +7.944117e-02  1780.555  0(1v1)->1(3v1)
-1.2149      1.319351e-02  +1.148630e-01     0.000  0(0)->1(1v2)
-1.2219      1.524644e-04  +1.451259e-01  2956.964  0(2v0)->1(2v0,2v1)
-1.2233      1.414460e-03  -1.886494e-01  1935.167  0(1v2)->1(2v1,1v3)
-1.2279      1.312382e-04  +6.848931e-02  2145.805  0(1v3)->1(1v1,2v3)
-1.2334      1.804511e-03  +1.456331e-01  1478.482  0(1v0)->1(1v0,2v1)
-1.2446      1.909938e-04  +1.624316e-01  2956.964  0(2v0)->1(2v0,1v1,1v3)
-1.2449      3.053295e-04  -1.044665e-01  2145.805  0(1v3)->1(2v2)
-1.2449      2.128303e-02  +1.458870e-01     0.000  0(0)->1(2v1)
-1.2460      6.803358e-04  -1.308344e-01  1935.167  0(1v2)->1(1v1,2v3)
-1.2506      1.523750e-04  +7.379885e-02  2145.805  0(1v3)->1(3v3)
-1.2561      2.260531e-03  +1.629993e-01  1478.482  0(1v0)->1(1v0,1v1,1v3)
-1.2593      8.566471e-04  -1.290640e-01  1780.555  0(1v1)->1(1v1,2v3)
-1.2630      2.921863e-04  +8.574131e-02  1935.167  0(1v2)->1(2v2)
-1.2676      2.666149e-02  +1.632835e-01     0.000  0(0)->1(1v1,1v3)
-1.2749      8.472767e-04  -1.740225e-01  2145.805  0(1v3)->1(2v1,1v2)
-1.2763      5.581534e-04  -1.041792e-01  1780.555  0(1v1)->1(2v2)
-1.2788      5.106231e-04  +7.746947e-02  1478.482  0(1v0)->1(1v0,2v3)
-1.2820      3.021961e-04  -7.665645e-02  1780.555  0(1v1)->1(3v3)
-1.2903      6.022467e-03  +7.760455e-02     0.000  0(0)->1(2v3)
-1.3048      1.108134e-04  -6.293451e-02  2145.805  0(1v3)->1(4v1)
-1.3144      1.973660e-04  +1.651190e-01  2956.964  0(2v0)->1(2v0,1v1,1v2)
-1.3203      1.008752e-04  +6.004610e-02  2145.805  0(1v3)->1(1v2,2v3)
-1.3230      3.433289e-04  -9.294272e-02  1935.167  0(1v2)->1(4v1)
-1.3258      2.335949e-03  +1.656960e-01  1478.482  0(1v0)->1(1v0,1v1,1v2)
-1.3291      9.418997e-04  -1.353339e-01  1780.555  0(1v1)->1(1v1,1v2,1v3)
-1.3363      5.755266e-04  +1.057881e-01  1780.555  0(1v1)->1(4v1)
-1.3371      1.075588e-04  +1.218944e-01  2956.964  0(2v0)->1(2v0,1v2,1v3)
-1.3373      2.755100e-02  +1.659849e-01     0.000  0(0)->1(1v1,1v2)
-1.3457      9.799950e-04  -1.570262e-01  1935.167  0(1v2)->1(3v1,1v3)
-1.3486      1.273026e-03  +1.223204e-01  1478.482  0(1v0)->1(1v0,1v2,1v3)
-1.3503      1.472716e-04  +7.255247e-02  2145.805  0(1v3)->1(2v1,2v3)
-1.3518      9.060578e-04  -1.327340e-01  1780.555  0(1v1)->1(1v2,2v3)
-1.3558      9.046897e-04  +1.031170e-01  1478.482  0(1v0)->1(1v0,3v1)
-1.3590      2.291619e-04  +6.675373e-02  1780.555  0(1v1)->1(3v1,1v3)
-1.3600      1.501451e-02  +1.225337e-01     0.000  0(0)->1(1v2,1v3)
-1.3673      5.873467e-04  -1.448905e-01  2145.805  0(1v3)->1(1v1,2v2)
-1.3673      1.067023e-02  +1.032968e-01     0.000  0(0)->1(3v1)
-1.3684      7.750410e-04  -1.396441e-01  1935.167  0(1v2)->1(2v1,2v3)
-1.3711      1.134112e-04  +3.650972e-02  1478.482  0(1v0)->1(1v0,1v4)
-1.3730      3.171154e-04  +1.064637e-01  2145.805  0(1v3)->1(1v1,3v3)
-1.3743      1.178261e-04  -4.786577e-02  1780.555  0(1v1)->1(1v3,1v4)
-1.3786      1.944288e-03  +1.511683e-01  1478.482  0(1v0)->1(1v0,2v1,1v3)
-1.3825      1.337612e-03  +3.657337e-02     0.000  0(0)->1(1v4)
-1.3855      3.880002e-04  +9.880438e-02  1935.167  0(1v2)->1(1v1,2v2)
-1.3900      2.293161e-02  +1.514319e-01     0.000  0(0)->1(2v1,1v3)
-1.3912      1.947772e-04  -7.000504e-02  1935.167  0(1v2)->1(1v1,3v3)
-1.3973      3.789176e-04  -1.163764e-01  2145.805  0(1v3)->1(3v1,1v2)
-1.3988      2.011770e-04  -6.254512e-02  1780.555  0(1v1)->1(1v1,2v2)
-1.4013      9.686316e-04  +1.066988e-01  1478.482  0(1v0)->1(1v0,1v1,2v3)
-1.4045      2.607501e-04  -7.120598e-02  1780.555  0(1v1)->1(1v1,3v3)
-1.4082      2.391069e-04  +7.756329e-02  1935.167  0(1v2)->1(2v2,1v3)
-1.4128      1.142438e-02  +1.068849e-01     0.000  0(0)->1(1v1,2v3)
-1.4154      1.023233e-04  -5.073966e-02  1935.167  0(1v2)->1(3v1,1v2)
-1.4183      8.013830e-04  +9.705110e-02  1478.482  0(1v0)->1(1v0,2v2)
-1.4215      8.414021e-04  -1.279105e-01  1780.555  0(1v1)->1(2v2,1v3)
-1.4240      1.029474e-04  +3.478469e-02  1478.482  0(1v0)->1(1v0,3v3)
-1.4288      6.057387e-04  +1.085293e-01  1780.555  0(1v1)->1(3v1,1v2)
-1.4295      1.586749e-04  +1.259662e-02     0.000  0(0)->1(1v5)
-1.4298      9.451791e-03  +9.722032e-02     0.000  0(0)->1(2v2)
-1.4355      1.214198e-03  +3.484534e-02     0.000  0(0)->1(3v3)
-1.4382      1.271704e-04  -5.656571e-02  1935.167  0(1v2)->1(2v1,1v2,1v3)
-1.4427      2.440009e-04  +9.338742e-02  2145.805  0(1v3)->1(1v1,1v2,2v3)
-1.4483      2.095513e-03  +1.569371e-01  1478.482  0(1v0)->1(1v0,2v1,1v2)
-1.4597      1.378803e-04  -7.020108e-02  2145.805  0(1v3)->1(3v2)
-1.4598      2.471521e-02  +1.572107e-01     0.000  0(0)->1(2v1,1v2)
-1.4607      1.871703e-04  -6.862442e-02  1935.167  0(1v2)->1(2v1,1v4)
-1.4655      1.964062e-04  +8.378578e-02  2145.805  0(1v3)->1(1v2,3v3)
-1.4710      2.534960e-03  +1.726100e-01  1478.482  0(1v0)->1(1v0,1v1,1v2,1v3)
-1.4742      6.326111e-04  -1.109105e-01  1780.555  0(1v1)->1(1v1,1v2,2v3)
-1.4779      4.702837e-04  +1.087778e-01  1935.167  0(1v2)->1(3v2)
-1.4825      2.989820e-02  +1.729110e-01     0.000  0(0)->1(1v1,1v2,1v3)
-1.4834      2.187764e-04  -7.419257e-02  1935.167  0(1v2)->1(1v1,1v3,1v4)
-1.4897      4.773676e-04  -1.306229e-01  2145.805  0(1v3)->1(2v1,2v2)
-1.4898      3.109108e-03  +5.575938e-02     0.000  0(0)->1(4v1)
-1.4912      2.322444e-04  -6.720118e-02  1780.555  0(1v1)->1(3v2)
-1.4935      3.324587e-04  +6.250996e-02  1478.482  0(1v0)->1(1v0,1v1,1v4)
-1.4937      5.456549e-04  +8.008283e-02  1478.482  0(1v0)->1(1v0,1v2,2v3)
-1.4969      2.488481e-04  -6.956191e-02  1780.555  0(1v1)->1(1v2,3v3)
-1.5050      3.921133e-03  +6.261895e-02     0.000  0(0)->1(1v1,1v4)
-1.5052      6.435644e-03  +8.022247e-02     0.000  0(0)->1(1v2,2v3)
-1.5079      1.746531e-04  +6.629006e-02  1935.167  0(1v2)->1(2v1,2v2)
-1.5125      1.074188e-02  +1.036430e-01     0.000  0(0)->1(3v1,1v3)
-1.5162      2.003366e-04  +4.852445e-02  1478.482  0(1v0)->1(1v0,1v3,1v4)
-1.5194      1.386186e-04  -5.191765e-02  1780.555  0(1v1)->1(2v3,1v4)
-1.5277      2.362840e-03  +4.860905e-02     0.000  0(0)->1(1v3,1v4)
-1.5306      2.726016e-04  +8.281793e-02  1935.167  0(1v2)->1(1v1,2v2,1v3)
-1.5352      9.129343e-03  +9.554760e-02     0.000  0(0)->1(2v1,2v3)
-1.5407      1.658826e-03  +1.396306e-01  1478.482  0(1v0)->1(1v0,1v1,2v2)
-1.5439      4.058530e-04  -8.883593e-02  1780.555  0(1v1)->1(1v1,2v2,1v3)
-1.5519      6.321383e-04  +2.514236e-02     0.000  0(0)->1(1v1,1v5)
-1.5522      1.956477e-02  +1.398741e-01     0.000  0(0)->1(1v1,2v2)
-1.5579      2.095966e-03  +4.578172e-02     0.000  0(0)->1(1v1,3v3)
-1.5635      8.776733e-04  +1.015656e-01  1478.482  0(1v0)->1(1v0,2v2,1v3)
-1.5667      4.890442e-04  -9.751655e-02  1780.555  0(1v1)->1(2v2,2v3)
-1.5746      1.068274e-04  +1.033573e-02     0.000  0(0)->1(1v3,1v5)
-1.5749      1.035158e-02  +1.017427e-01     0.000  0(0)->1(2v2,1v3)
-1.5822      2.609122e-04  -9.656948e-02  2145.805  0(1v3)->1(1v1,3v2)
-1.5822      1.220559e-02  +1.104789e-01     0.000  0(0)->1(3v1,1v2)
-1.5831      1.960199e-04  -7.022800e-02  1935.167  0(1v2)->1(3v1,1v4)
-1.5859      1.732278e-04  +4.512209e-02  1478.482  0(1v0)->1(1v0,1v2,1v4)
-1.5891      1.317467e-04  -5.061441e-02  1780.555  0(1v1)->1(1v2,1v3,1v4)
-1.5964      1.348526e-04  +5.120755e-02  1780.555  0(1v1)->1(3v1,1v4)
-1.5974      2.043109e-03  +4.520076e-02     0.000  0(0)->1(1v2,1v4)
-1.6003      7.552287e-04  +1.378477e-01  1935.167  0(1v2)->1(1v1,3v2)
-1.6049      2.534797e-02  +1.592105e-01     0.000  0(0)->1(2v1,1v2,1v3)
-1.6058      3.695689e-04  -9.642905e-02  1935.167  0(1v2)->1(2v1,1v3,1v4)
-1.6159      4.169485e-04  +7.000380e-02  1478.482  0(1v0)->1(1v0,2v1,1v4)
-1.6231      4.249652e-04  +1.034039e-01  1935.167  0(1v2)->1(3v2,1v3)
-1.6274      4.917636e-03  +7.012586e-02     0.000  0(0)->1(2v1,1v4)
-1.6276      1.202361e-02  +1.096522e-01     0.000  0(0)->1(1v1,1v2,2v3)
-1.6285      1.930309e-04  -6.969051e-02  1935.167  0(1v2)->1(1v1,2v3,1v4)
-1.6332      4.409493e-04  +7.199042e-02  1478.482  0(1v0)->1(1v0,3v2)
-1.6364      3.544212e-04  -8.301645e-02  1780.555  0(1v1)->1(3v2,1v3)
-1.6387      5.379555e-04  +7.951582e-02  1478.482  0(1v0)->1(1v0,1v1,1v3,1v4)
-1.6419      1.271159e-04  -4.971692e-02  1780.555  0(1v1)->1(1v1,2v3,1v4)
-1.6444      2.112350e-04  +1.453392e-02     0.000  0(0)->1(1v2,1v5)
-1.6447      5.200709e-03  +7.211594e-02     0.000  0(0)->1(3v2)
-1.6501      6.344834e-03  +7.965447e-02     0.000  0(0)->1(1v1,1v3,1v4)
-1.6504      1.181294e-03  +3.436995e-02     0.000  0(0)->1(1v2,3v3)
-1.6614      1.380506e-04  +4.028093e-02  1478.482  0(1v0)->1(1v0,2v3,1v4)
-1.6729      1.628217e-03  +4.035117e-02     0.000  0(0)->1(2v3,1v4)
-1.6744      9.921235e-04  +3.149799e-02     0.000  0(0)->1(2v1,1v5)
-1.6747      1.737270e-02  +1.318055e-01     0.000  0(0)->1(2v1,2v2)
-1.6928      4.131236e-04  +1.019530e-01  1935.167  0(1v2)->1(4v2)
-1.6971      4.853141e-04  +2.202984e-02     0.000  0(0)->1(1v1,1v3,1v5)
-1.6974      2.040658e-02  +1.428516e-01     0.000  0(0)->1(1v1,2v2,1v3)
-1.7084      4.858648e-04  +7.556803e-02  1478.482  0(1v0)->1(1v0,1v1,1v2,1v4)
-1.7199      5.730459e-03  +7.569979e-02     0.000  0(0)->1(1v1,1v2,1v4)
-1.7201      4.216657e-03  +6.493579e-02     0.000  0(0)->1(2v2,2v3)
-1.7311      2.835016e-04  +5.772423e-02  1478.482  0(1v0)->1(1v0,1v2,1v3,1v4)
-1.7343      1.473708e-04  -5.353157e-02  1780.555  0(1v1)->1(1v2,2v3,1v4)
-1.7426      3.343717e-03  +5.782488e-02     0.000  0(0)->1(1v2,1v3,1v4)
-1.7499      3.434146e-03  +5.860159e-02     0.000  0(0)->1(3v1,1v4)
-1.7651      2.961499e-04  +1.720901e-02     0.000  0(0)->1(2v4)
-1.7668      8.103918e-04  +2.846738e-02     0.000  0(0)->1(1v1,1v2,1v5)
-1.7671      1.068182e-02  +1.033529e-01     0.000  0(0)->1(1v1,3v2)
-1.7726      7.290174e-03  +8.538251e-02     0.000  0(0)->1(2v1,1v3,1v4)
-1.7895      1.393334e-04  +1.180396e-02     0.000  0(0)->1(1v2,1v3,1v5)
-1.7898      5.503047e-03  +7.418252e-02     0.000  0(0)->1(3v2,1v3)
-1.7953      3.985641e-03  +6.313193e-02     0.000  0(0)->1(1v1,2v3,1v4)
-1.7968      8.269616e-04  +2.875694e-02     0.000  0(0)->1(3v1,1v5)
-1.8008      1.493151e-04  +4.189212e-02  1478.482  0(1v0)->1(1v0,2v2,1v4)
-1.8123      1.761075e-03  +4.196516e-02     0.000  0(0)->1(2v2,1v4)
-1.8180      5.373756e-04  +2.318136e-02     0.000  0(0)->1(3v3,1v4)
-1.8195      8.050129e-04  +2.837275e-02     0.000  0(0)->1(2v1,1v3,1v5)
-1.8422      1.068689e-04  +1.033774e-02     0.000  0(0)->1(1v1,2v3,1v5)
-1.8423      6.902623e-03  +8.308202e-02     0.000  0(0)->1(2v1,1v2,1v4)
-1.8593      1.653640e-04  +1.285939e-02     0.000  0(0)->1(2v2,1v5)
-1.8595      2.412558e-03  +4.911780e-02     0.000  0(0)->1(4v2)
-1.8650      8.649249e-03  +9.300134e-02     0.000  0(0)->1(1v1,1v2,1v3,1v4)
-1.8875      8.795505e-04  +2.965722e-02     0.000  0(0)->1(1v1,2v4)
-1.8877      2.121997e-03  +4.606513e-02     0.000  0(0)->1(1v2,2v3,1v4)
-1.8892      1.235369e-03  +3.514782e-02     0.000  0(0)->1(2v1,1v2,1v5)
-1.9102      5.312529e-04  +2.304892e-02     0.000  0(0)->1(1v3,2v4)
-1.9120      6.000052e-04  +2.449500e-02     0.000  0(0)->1(1v1,1v2,1v3,1v5)
-1.9345      1.270535e-04  +1.127180e-02     0.000  0(0)->1(1v1,1v4,1v5)
-1.9347      4.786003e-03  +6.918095e-02     0.000  0(0)->1(1v1,2v2,1v4)
-1.9575      2.714688e-03  +5.210267e-02     0.000  0(0)->1(2v2,1v3,1v4)
-1.9799      4.569723e-04  +2.137691e-02     0.000  0(0)->1(1v2,2v4)
-1.9817      6.161372e-04  +2.482211e-02     0.000  0(0)->1(1v1,2v2,1v5)
-2.0044      1.067858e-04  +1.033372e-02     0.000  0(0)->1(2v2,1v3,1v5)
-2.0099      1.172845e-03  +3.424683e-02     0.000  0(0)->1(2v1,2v4)
-2.0272      1.125778e-03  +3.355262e-02     0.000  0(0)->1(3v2,1v4)
-2.0327      1.525204e-03  +3.905386e-02     0.000  0(0)->1(1v1,1v3,2v4)
-2.0554      3.990489e-04  +1.997621e-02     0.000  0(0)->1(2v3,2v4)
-2.0569      2.395835e-04  +1.547849e-02     0.000  0(0)->1(2v1,1v4,1v5)
-2.0796      1.477622e-04  +1.215575e-02     0.000  0(0)->1(1v1,1v3,1v4,1v5)
-2.1024      1.344393e-03  +3.666596e-02     0.000  0(0)->1(1v1,1v2,2v4)
-2.1251      7.919459e-04  +2.814153e-02     0.000  0(0)->1(1v2,1v3,2v4)
-2.1493      1.957649e-04  +1.399160e-02     0.000  0(0)->1(1v1,1v2,1v4,1v5)
-2.1948      4.073543e-04  +2.018302e-02     0.000  0(0)->1(2v2,2v4)
------------------------------------------------------------------------------

Stick spectrum was also saved in "cis_hcoh.xml.spectrum_dushinsky" file 



Job "./ezspectrum cis_hcoh.xml" has been finished: Tue Dec 29 14:23:09 2020

