Job "./ezspectrum trans_hcoh.xml" has been started: Tue Dec 29 14:23:47 2020

A copy of the "trans_hcoh.xml" input:
------------------------------------------------------------------------------
<input
   job="harmonic_pes">

<job_parameters 
   spectrum_intensity_threshold = "0.0001" 
   temperature                  = "0" 
/>


<parallel_approximation
        max_vibr_excitations_in_initial_el_state = "0"
        max_vibr_excitations_in_target_el_state  = "6"
        combination_bands                        = "true"
        use_normal_coordinates_of_target_states  = "true"
  />


<initial_state>

  <!-- THIS INITIAL STATE IS FROM "aces-trans-neut.out" FILE -->
 
  <geometry 
      linear="false" 
      number_of_atoms="4" 
      units="au"
      text=" 
             C        1.39149214     0.22982244     0.00000000 
             O       -1.06145138    -0.15710283     0.00000000 
             H        2.14668108    -1.72045361     0.00000000 
             H       -1.86894079     1.47733232     0.00000000              
           "
    />

  <normal_modes 
      atoms="C   O   H   H   " 
      if_mass_weighted="false" 
      text="     

    0.000 0.0000  0.1672    0.0068 -0.0096  0.0000    0.7610  0.1203  0.0000     
    0.000 0.0000  0.1970   -0.3061 -0.1299  0.0000   -0.5934 -0.0758  0.0000     
    0.000 0.0000 -0.6262    0.5151  0.2098  0.0000   -0.0703 -0.0739  0.0000     
    0.000 0.0000 -0.7356    0.6811  0.3406  0.0000   -0.1916 -0.0392  0.0000      

    0.008 0.3186  0.0000    0.0979 -0.2576  0.0000    0.0014 -0.0079  0.0000     
    0.049-0.2715  0.0000    0.0039  0.0046  0.0000    0.1077 -0.2163  0.0000    
   -0.717-0.1940  0.0000   -0.3580  0.8918  0.0000   -0.0014  0.0204  0.0000     
    0.489 0.1761  0.0000    0.0046 -0.0211  0.0000   -0.4324  0.8684  0.0000          
           "/>

  <frequencies 
      text="   1101.42   1217.81   1339.50    
               1520.23   2882.19   3772.87  "/>

</initial_state>

<target_state>

  <ip> 1.0 </ip>

  <!-- THIS TARGET STATE IS FROM "aces-trans-cat.out" FILE -->

  <geometry 
     linear="false" 
     number_of_atoms="4" 
     units="au"
     text=" 
            C        1.27696171      .22568715      .00000000 
            O        -.99596717     -.17361608      .00000000 
            H        2.72705111    -1.24297869      .00000000 
            H       -2.12489821     1.31117283      .00000000              
          " 
   />

  <normal_modes 
     atoms="C   O   H   H   " 
     if_mass_weighted="false" 
     text="
    .000  .0000   .2204     .0673   .1327   .0000     .0088  -.3860   .0000     
    .000  .0000   .1512     .1959   .1127   .0000    -.0018   .3225   .0000    
    .000  .0000  -.6733    -.4720  -.4678   .0000     .4892   .3729   .0000     
    .000  .0000  -.6894    -.5407  -.4391   .0000    -.5122  -.3257   .0000    

    .726  .1452   .0000     .2366  -.1874   .0000     .0029   .0069   .0000  
   -.627 -.0970   .0000    -.0334  -.0023   .0000    -.1558   .1870   .0000   
    .124 -.1226   .0000    -.6772   .6700   .0000     .0095  -.0073   .0000  
   -.131  .0080   .0000    -.0061  -.0142   .0000     .6009  -.7612   .0000       
          "/>

  <manual_normal_modes_reordering 
     new_order="0 1 3 2 4 5"/>

  <frequencies 
      text="   965.57    998.29    1257.25
              1706.09   3097.48    3529.09 "/>

</target_state>

</input>
------------------------------------------------------------------------------
 

====== Reading the initial state ======
Coordinate axes were aligned with MOI principal axes; center mass was shifted to the origin.

New molecular geometry:
   C      0.1216       0.0000      -0.7363 
   O     -0.0831       0.0000       0.5617 
   H     -0.9104       0.0000      -1.1360 
   H      0.7818       0.0000       0.9890 

MOI tensor:
                0           1           2
    0   13.839364    0.000000    0.000000
    1    0.000000   15.578733    0.000000
    2    0.000000    0.000000    1.739369



===== Reading the target state #1 =====
New normal modes order was requested:
0 1 3 2 4 5
Normal modes were reordered accordingly.
Coordinate axes were aligned with MOI principal axes; center mass was shifted to the origin.
Also rotated by 2/2*pi, 2/2*pi, and 2/2*pi CCW around x, y, and z.
The norm of the geometry difference from the initial state is 0.4350

New molecular geometry:
   C      0.1194       0.0000      -0.6757 
   O     -0.0919       0.0000       0.5270 
   H     -0.6578       0.0000      -1.4431 
   H      0.6938       0.0000       1.1245 

MOI tensor:
                0           1           2
    0   13.295704    0.000000   -0.000000
    1    0.000000   14.523102    0.000000
    2   -0.000000    0.000000    1.227398



Initial state and 1 target state was loaded from "trans_hcoh.xml"

------------------------------------------------------------------------------

=== Reading the parallel approximation job parameters ===

===== Overlap matrix of the target state #1 with the initial state =====
The normal modes overlap matrix whit the initial state is diagonal
  (do_not_excite_subspace is excluded)

------------------------------------------------------------------------------

Photoelectron spectrum in the parallel approximation will be evaluated

===== Target state #1 =====

Difference (dQ) between the initial and the target state geometries.
Angstrom*sqrt(amu):

normal mode  dQ in initial  dQ in target   frequency   frequency   comments
  number      state coord.  state coord.    initial      target

       0       0.000000        0.000000      1101.42     965.57
       1       0.050117       -0.143830      1217.81     998.29
       2      -0.251180       -0.212790      1339.50    1706.09
       3      -0.340128        0.333375      1520.23    1257.25
       4       0.098849       -0.089563      2882.19    3097.48
       5       0.009135       -0.042227      3772.87    3529.09


TARGET state normal coordinates (displacements dQ) will be used.

Maximum number of vibrational excitations: 0 and 6
 in the initial and each target state, respectively.

Maximum number of combination bands = 924
   = 1 (# of vibrational states in the initial electronic state)
   * 924 (# of vibrational states in the target electronic state)

A set of initial vibrational states is being created...
  energy threshold is not specified in the input
  1 vibrational states below the energy threshold

A set of target vibrational states is being created...
  energy threshold is not specified in the input
  924 vibrational states below the energy threshold

Total number of combination bands with thresholds applied: 924

Intensities of combination bands are being calculated...
------------------------------------------------------------------------------
           Stick photoelectron spectrum (parallel approximation)
------------------------------------------------------------------------------

WARNING! The normal modes of one of the target states were reordered!
         New order is used for the target state assignment.

Energy,eV    Intensity     FC factor         E",K   Transition

-1.0000      1.683175e-02  +1.297372e-01     0.000  0(0)->1(0)
-1.1238      6.226836e-03  +7.891030e-02     0.000  0(0)->1(1v1)
-1.1559      4.179617e-02  -2.044411e-01     0.000  0(0)->1(1v3)
-1.2115      1.492033e-02  +1.221488e-01     0.000  0(0)->1(1v2)
-1.2475      6.175640e-04  +2.485083e-02     0.000  0(0)->1(2v1)
-1.2797      1.546232e-02  -1.243476e-01     0.000  0(0)->1(1v1,1v3)
-1.3118      4.801167e-02  +2.191156e-01     0.000  0(0)->1(2v3)
-1.3353      5.519714e-03  +7.429478e-02     0.000  0(0)->1(1v1,1v2)
-1.3674      3.704979e-02  -1.924832e-01     0.000  0(0)->1(1v2,1v3)
-1.3840      5.763542e-03  +7.591799e-02     0.000  0(0)->1(1v4)
-1.4034      1.533519e-03  -3.916018e-02     0.000  0(0)->1(2v1,1v3)
-1.4231      8.530840e-03  +9.236255e-02     0.000  0(0)->1(2v2)
-1.4355      1.776172e-02  +1.332731e-01     0.000  0(0)->1(1v1,2v3)
-1.4376      1.677443e-03  +4.095660e-02     0.000  0(0)->1(1v5)
-1.4591      5.474332e-04  +2.339729e-02     0.000  0(0)->1(2v1,1v2)
-1.4676      3.368880e-02  -1.835451e-01     0.000  0(0)->1(3v3)
-1.4912      1.370642e-02  -1.170744e-01     0.000  0(0)->1(1v1,1v2,1v3)
-1.5078      2.132199e-03  +4.617574e-02     0.000  0(0)->1(1v1,1v4)
-1.5233      4.255945e-02  +2.062994e-01     0.000  0(0)->1(1v2,2v3)
-1.5399      1.431188e-02  -1.196323e-01     0.000  0(0)->1(1v3,1v4)
-1.5468      3.155949e-03  +5.617784e-02     0.000  0(0)->1(1v1,2v2)
-1.5512      1.036954e-04  -1.018309e-02     0.000  0(0)->1(2v0,2v3)
-1.5593      1.761568e-03  +4.197104e-02     0.000  0(0)->1(2v1,2v3)
-1.5613      6.205633e-04  +2.491111e-02     0.000  0(0)->1(1v1,1v5)
-1.5789      2.118357e-02  -1.455458e-01     0.000  0(0)->1(2v2,1v3)
-1.5914      1.246303e-02  -1.116380e-01     0.000  0(0)->1(1v1,3v3)
-1.5934      4.165385e-03  -6.453979e-02     0.000  0(0)->1(1v3,1v5)
-1.5956      5.109032e-03  +7.147749e-02     0.000  0(0)->1(1v2,1v4)
-1.6150      1.359372e-03  -3.686967e-02     0.000  0(0)->1(2v1,1v2,1v3)
-1.6235      1.603997e-02  +1.266490e-01     0.000  0(0)->1(4v3)
-1.6316      2.114668e-04  +1.454190e-02     0.000  0(0)->1(2v1,1v4)
-1.6346      3.870237e-03  +6.221123e-02     0.000  0(0)->1(3v2)
-1.6471      1.574469e-02  +1.254779e-01     0.000  0(0)->1(1v1,1v2,2v3)
-1.6491      1.486952e-03  +3.856102e-02     0.000  0(0)->1(1v2,1v5)
-1.6637      5.294622e-03  -7.276415e-02     0.000  0(0)->1(1v1,1v3,1v4)
-1.6706      3.130001e-04  +1.769181e-02     0.000  0(0)->1(2v1,2v2)
-1.6792      2.986309e-02  -1.728094e-01     0.000  0(0)->1(1v2,3v3)
-1.6958      1.644020e-02  +1.282193e-01     0.000  0(0)->1(2v3,1v4)
-1.7027      7.836774e-03  -8.852556e-02     0.000  0(0)->1(1v1,2v2,1v3)
-1.7152      1.236056e-03  -3.515759e-02     0.000  0(0)->1(2v1,3v3)
-1.7172      1.540967e-03  -3.925515e-02     0.000  0(0)->1(1v1,1v3,1v5)
-1.7193      1.890065e-03  +4.347488e-02     0.000  0(0)->1(1v1,1v2,1v4)
-1.7348      2.433377e-02  +1.559928e-01     0.000  0(0)->1(2v2,2v3)
-1.7473      5.933923e-03  +7.703196e-02     0.000  0(0)->1(1v1,4v3)
-1.7493      4.784818e-03  +6.917238e-02     0.000  0(0)->1(2v3,1v5)
-1.7515      1.268662e-02  -1.126349e-01     0.000  0(0)->1(1v2,1v3,1v4)
-1.7584      1.431778e-03  +3.783885e-02     0.000  0(0)->1(1v1,3v2)
-1.7681      1.205196e-03  +3.471594e-02     0.000  0(0)->1(2v4)
-1.7708      1.561524e-03  +3.951613e-02     0.000  0(0)->1(2v1,1v2,2v3)
-1.7729      5.500919e-04  +2.345404e-02     0.000  0(0)->1(1v1,1v2,1v5)
-1.7794      5.432963e-03  -7.370864e-02     0.000  0(0)->1(5v3)
-1.7875      5.251090e-04  -2.291526e-02     0.000  0(0)->1(2v1,1v3,1v4)
-1.7905      9.610476e-03  -9.803303e-02     0.000  0(0)->1(3v2,1v3)
-1.8029      1.104773e-02  -1.051082e-01     0.000  0(0)->1(1v1,1v2,3v3)
-1.8050      3.692363e-03  -6.076481e-02     0.000  0(0)->1(1v2,1v3,1v5)
-1.8071      2.921138e-03  +5.404755e-02     0.000  0(0)->1(2v2,1v4)
-1.8196      6.081983e-03  +7.798707e-02     0.000  0(0)->1(1v1,2v3,1v4)
-1.8216      5.743916e-04  +2.396647e-02     0.000  0(0)->1(1v4,1v5)
-1.8265      7.772341e-04  -2.787892e-02     0.000  0(0)->1(2v1,2v2,1v3)
-1.8351      1.421847e-02  +1.192412e-01     0.000  0(0)->1(1v2,4v3)
-1.8410      1.528297e-04  -1.236243e-02     0.000  0(0)->1(2v1,1v3,1v5)
-1.8431      1.874526e-04  +1.369133e-02     0.000  0(0)->1(2v1,1v2,1v4)
-1.8461      1.514316e-03  +3.891422e-02     0.000  0(0)->1(4v2)
-1.8517      1.153575e-02  -1.074046e-01     0.000  0(0)->1(3v3,1v4)
-1.8586      9.002178e-03  +9.487981e-02     0.000  0(0)->1(1v1,2v2,2v3)
-1.8606      8.501791e-04  +2.915783e-02     0.000  0(0)->1(2v2,1v5)
-1.8711      5.885134e-04  +2.425930e-02     0.000  0(0)->1(2v1,4v3)
-1.8731      1.770124e-03  +4.207284e-02     0.000  0(0)->1(1v1,2v3,1v5)
-1.8752      4.693363e-03  -6.850812e-02     0.000  0(0)->1(1v1,1v2,1v3,1v4)
-1.8821      1.420006e-04  +1.191640e-02     0.000  0(0)->1(2v1,3v2)
-1.8907      1.707450e-02  -1.306694e-01     0.000  0(0)->1(2v2,3v3)
-1.8919      4.458574e-04  +2.111534e-02     0.000  0(0)->1(1v1,2v4)
-1.9032      2.009902e-03  -4.483193e-02     0.000  0(0)->1(1v1,5v3)
-1.9052      3.357408e-03  -5.794315e-02     0.000  0(0)->1(3v3,1v5)
-1.9073      1.457324e-02  +1.207197e-01     0.000  0(0)->1(1v2,2v3,1v4)
-1.9142      3.555356e-03  -5.962681e-02     0.000  0(0)->1(1v1,3v2,1v3)
-1.9240      2.992713e-03  -5.470570e-02     0.000  0(0)->1(1v3,2v4)
-1.9267      1.095689e-03  -3.310120e-02     0.000  0(0)->1(2v1,1v2,3v3)
-1.9287      1.365974e-03  -3.695909e-02     0.000  0(0)->1(1v1,1v2,1v3,1v5)
-1.9309      1.080663e-03  +3.287344e-02     0.000  0(0)->1(1v1,2v2,1v4)
-1.9353      1.330181e-03  +3.647165e-02     0.000  0(0)->1(6v3)
-1.9433      6.031978e-04  +2.456009e-02     0.000  0(0)->1(2v1,2v3,1v4)
-1.9454      2.124938e-04  +1.457717e-02     0.000  0(0)->1(1v1,1v4,1v5)
-1.9464      1.103965e-02  +1.050697e-01     0.000  0(0)->1(3v2,2v3)
-1.9588      5.260064e-03  +7.252630e-02     0.000  0(0)->1(1v1,1v2,4v3)
-1.9608      4.241452e-03  +6.512643e-02     0.000  0(0)->1(1v2,2v3,1v5)
-1.9630      7.253696e-03  -8.516863e-02     0.000  0(0)->1(2v2,1v3,1v4)
-1.9699      5.602151e-04  +2.366886e-02     0.000  0(0)->1(1v1,4v2)
-1.9755      4.267603e-03  -6.532689e-02     0.000  0(0)->1(1v1,3v3,1v4)
-1.9775      1.426315e-03  -3.776658e-02     0.000  0(0)->1(1v3,1v4,1v5)
-1.9796      1.068334e-03  +3.268538e-02     0.000  0(0)->1(1v2,2v4)
-1.9824      8.928163e-04  +2.988003e-02     0.000  0(0)->1(2v1,2v2,2v3)
-1.9844      3.145203e-04  +1.773472e-02     0.000  0(0)->1(1v1,2v2,1v5)
-1.9909      4.815994e-03  -6.939736e-02     0.000  0(0)->1(1v2,5v3)
-1.9969      1.755570e-04  +1.324979e-02     0.000  0(0)->1(2v1,2v3,1v5)
-1.9990      4.654775e-04  -2.157493e-02     0.000  0(0)->1(2v1,1v2,1v3,1v4)
-2.0020      3.760312e-03  -6.132138e-02     0.000  0(0)->1(4v2,1v3)
-2.0076      5.492422e-03  +7.411087e-02     0.000  0(0)->1(4v3,1v4)
-2.0145      6.316643e-03  -7.947731e-02     0.000  0(0)->1(1v1,2v2,3v3)
-2.0165      2.111143e-03  -4.594718e-02     0.000  0(0)->1(2v2,1v3,1v5)
-2.0186      1.325250e-03  +3.640398e-02     0.000  0(0)->1(3v2,1v4)
-2.0290      1.242059e-03  -3.524286e-02     0.000  0(0)->1(1v1,3v3,1v5)
-2.0311      5.391311e-03  +7.342555e-02     0.000  0(0)->1(1v1,1v2,2v3,1v4)
-2.0331      5.091635e-04  +2.256465e-02     0.000  0(0)->1(1v2,1v4,1v5)
-2.0380      3.526124e-04  -1.877798e-02     0.000  0(0)->1(2v1,3v2,1v3)
-2.0466      8.129545e-03  +9.016399e-02     0.000  0(0)->1(2v2,4v3)
-2.0477      1.107142e-03  -3.327374e-02     0.000  0(0)->1(1v1,1v3,2v4)
-2.0525      1.354744e-04  -1.163934e-02     0.000  0(0)->1(2v1,1v2,1v3,1v5)
-2.0546      1.071778e-04  +1.035267e-02     0.000  0(0)->1(2v1,2v2,1v4)
-2.0576      5.328116e-04  +2.308271e-02     0.000  0(0)->1(5v2)
-2.0611      1.598535e-03  +3.998169e-02     0.000  0(0)->1(4v3,1v5)
-2.0632      1.022574e-02  -1.011224e-01     0.000  0(0)->1(1v2,3v3,1v4)
-2.0701      4.084072e-03  +6.390674e-02     0.000  0(0)->1(1v1,3v2,2v3)
-2.0721      3.857058e-04  +1.963939e-02     0.000  0(0)->1(3v2,1v5)
-2.0798      3.437758e-03  +5.863240e-02     0.000  0(0)->1(2v3,2v4)
-2.0846      1.569108e-03  +3.961197e-02     0.000  0(0)->1(1v1,1v2,2v3,1v5)
-2.0868      2.683475e-03  -5.180227e-02     0.000  0(0)->1(1v1,2v2,1v3,1v4)
-2.0992      4.232515e-04  -2.057308e-02     0.000  0(0)->1(2v1,3v3,1v4)
-2.1013      5.276593e-04  -2.297084e-02     0.000  0(0)->1(1v1,1v3,1v4,1v5)
-2.1022      7.746293e-03  -8.801302e-02     0.000  0(0)->1(3v2,3v3)
-2.1034      3.952257e-04  +1.988028e-02     0.000  0(0)->1(1v1,1v2,2v4)
-2.1167      2.976140e-03  -5.455401e-02     0.000  0(0)->1(1v2,3v3,1v5)
-2.1189      8.332390e-03  +9.128193e-02     0.000  0(0)->1(2v2,2v3,1v4)
-2.1258      1.391112e-03  -3.729761e-02     0.000  0(0)->1(1v1,4v2,1v3)
-2.1313      2.031899e-03  +4.507659e-02     0.000  0(0)->1(1v1,4v3,1v4)
-2.1334      1.638422e-03  +4.047742e-02     0.000  0(0)->1(2v3,1v4,1v5)
-2.1355      2.652860e-03  -5.150592e-02     0.000  0(0)->1(1v2,1v3,2v4)
-2.1403      7.810089e-04  -2.794654e-02     0.000  0(0)->1(1v1,2v2,1v3,1v5)
-2.1424      4.902708e-04  +2.214206e-02     0.000  0(0)->1(1v1,3v2,1v4)
-2.1521      1.948931e-04  +1.396041e-02     0.000  0(0)->1(3v4)
-2.1527      1.231847e-04  -1.109886e-02     0.000  0(0)->1(2v1,3v3,1v5)
-2.1549      5.346985e-04  +2.312355e-02     0.000  0(0)->1(2v1,1v2,2v3,1v4)
-2.1569      1.883629e-04  +1.372454e-02     0.000  0(0)->1(1v1,1v2,1v4,1v5)
-2.1579      4.319507e-03  +6.572295e-02     0.000  0(0)->1(4v2,2v3)
-2.1634      1.860360e-03  -4.313189e-02     0.000  0(0)->1(5v3,1v4)
-2.1715      1.098039e-04  -1.047874e-02     0.000  0(0)->1(2v1,1v3,2v4)
-2.1724      2.425091e-03  +4.924521e-02     0.000  0(0)->1(2v2,2v3,1v5)
-2.1745      3.290827e-03  -5.736573e-02     0.000  0(0)->1(3v2,1v3,1v4)
-2.1814      1.971115e-04  +1.403964e-02     0.000  0(0)->1(1v1,5v2)
-2.1848      5.913717e-04  +2.431813e-02     0.000  0(0)->1(1v1,4v3,1v5)
-2.1869      1.054392e-04  +1.026836e-02     0.000  0(0)->1(2v3,2v5)
-2.1870      3.782972e-03  -6.150587e-02     0.000  0(0)->1(1v1,1v2,3v3,1v4)
-2.1890      1.264342e-03  -3.555759e-02     0.000  0(0)->1(1v2,1v3,1v4,1v5)
-2.1911      6.108300e-04  +2.471498e-02     0.000  0(0)->1(2v2,2v4)
-2.1959      1.426903e-04  +1.194530e-02     0.000  0(0)->1(1v1,3v2,1v5)
-2.2036      1.271785e-03  +3.566209e-02     0.000  0(0)->1(1v1,2v3,2v4)
-2.2056      1.201092e-04  +1.095944e-02     0.000  0(0)->1(2v4,1v5)
-2.2084      1.556207e-04  +1.247480e-02     0.000  0(0)->1(2v1,1v2,2v3,1v5)
-2.2105      2.661412e-04  -1.631383e-02     0.000  0(0)->1(2v1,2v2,1v3,1v4)
-2.2135      1.323064e-03  -3.637395e-02     0.000  0(0)->1(5v2,1v3)
-2.2170      5.414463e-04  -2.326900e-02     0.000  0(0)->1(5v3,1v5)
-2.2191      4.868701e-03  +6.977607e-02     0.000  0(0)->1(1v2,4v3,1v4)
-2.2280      9.577750e-04  -3.094794e-02     0.000  0(0)->1(3v2,1v3,1v5)
-2.2302      5.185335e-04  +2.277133e-02     0.000  0(0)->1(4v2,1v4)
-2.2357      2.412204e-03  -4.911420e-02     0.000  0(0)->1(3v3,2v4)
-2.2405      1.101011e-03  -3.318148e-02     0.000  0(0)->1(1v1,1v2,3v3,1v5)
-2.2426      3.082534e-03  +5.552057e-02     0.000  0(0)->1(1v1,2v2,2v3,1v4)
-2.2447      2.911191e-04  +1.706221e-02     0.000  0(0)->1(2v2,1v4,1v5)
-2.2571      6.061273e-04  +2.461965e-02     0.000  0(0)->1(1v1,2v3,1v4,1v5)
-2.2593      9.814145e-04  -3.132754e-02     0.000  0(0)->1(1v1,1v2,1v3,2v4)
-2.2692      1.728748e-04  +1.314818e-02     0.000  0(0)->1(6v2)
-2.2726      1.417005e-03  +3.764313e-02     0.000  0(0)->1(1v2,4v3,1v5)
-2.2747      5.846667e-03  -7.646350e-02     0.000  0(0)->1(2v2,3v3,1v4)
-2.2837      1.509160e-04  +1.228479e-02     0.000  0(0)->1(4v2,1v5)
-2.2892      1.149647e-03  -3.390644e-02     0.000  0(0)->1(3v3,1v4,1v5)
-2.2914      3.047365e-03  +5.520295e-02     0.000  0(0)->1(1v2,2v3,2v4)
-2.2961      8.971524e-04  +2.995250e-02     0.000  0(0)->1(1v1,2v2,2v3,1v5)
-2.2983      1.217428e-03  -3.489166e-02     0.000  0(0)->1(1v1,3v2,1v3,1v4)
-2.3080      4.839535e-04  -2.199894e-02     0.000  0(0)->1(1v3,3v4)
-2.3128      4.677381e-04  -2.162725e-02     0.000  0(0)->1(1v1,1v2,1v3,1v4,1v5)
-2.3149      2.259741e-04  +1.503243e-02     0.000  0(0)->1(1v1,2v2,2v4)
-2.3274      1.261328e-04  +1.123089e-02     0.000  0(0)->1(2v1,2v3,2v4)
-2.3283      1.701636e-03  -4.125089e-02     0.000  0(0)->1(2v2,3v3,1v5)
-2.3304      3.780205e-03  +6.148337e-02     0.000  0(0)->1(3v2,2v3,1v4)
-2.3449      1.452362e-03  +3.810987e-02     0.000  0(0)->1(1v2,2v3,1v4,1v5)
-2.3470      1.516798e-03  -3.894609e-02     0.000  0(0)->1(2v2,1v3,2v4)
-2.3518      3.543250e-04  -1.882352e-02     0.000  0(0)->1(1v1,3v2,1v3,1v5)
-2.3539      1.918293e-04  +1.385025e-02     0.000  0(0)->1(1v1,4v2,1v4)
-2.3595      8.923851e-04  -2.987282e-02     0.000  0(0)->1(1v1,3v3,2v4)
-2.3615      2.982522e-04  -1.726998e-02     0.000  0(0)->1(1v3,2v4,1v5)
-2.3637      1.727609e-04  +1.314386e-02     0.000  0(0)->1(1v2,3v4)
-2.3684      1.076983e-04  +1.037778e-02     0.000  0(0)->1(1v1,2v2,1v4,1v5)
-2.3839      1.100205e-03  +3.316934e-02     0.000  0(0)->1(3v2,2v3,1v5)
-2.3860      1.287609e-03  -3.588327e-02     0.000  0(0)->1(4v2,1v3,1v4)
-2.3916      1.148503e-03  +3.388957e-02     0.000  0(0)->1(4v3,2v4)
-2.4005      7.228996e-04  -2.688679e-02     0.000  0(0)->1(2v2,1v3,1v4,1v5)
-2.4027      2.771189e-04  +1.664689e-02     0.000  0(0)->1(3v2,2v4)
-2.4130      4.253071e-04  -2.062297e-02     0.000  0(0)->1(1v1,3v3,1v4,1v5)
-2.4151      1.127360e-03  +3.357619e-02     0.000  0(0)->1(1v1,1v2,2v3,2v4)
-2.4172      1.064696e-04  +1.031841e-02     0.000  0(0)->1(1v2,2v4,1v5)
-2.4318      1.790366e-04  -1.338046e-02     0.000  0(0)->1(1v1,1v3,3v4)
-2.4396      3.747508e-04  -1.935848e-02     0.000  0(0)->1(4v2,1v3,1v5)
-2.4417      1.824458e-04  +1.350725e-02     0.000  0(0)->1(5v2,1v4)
-2.4451      5.473719e-04  +2.339598e-02     0.000  0(0)->1(4v3,1v4,1v5)
-2.4473      2.138274e-03  -4.624147e-02     0.000  0(0)->1(1v2,3v3,2v4)
-2.4562      1.320737e-04  +1.149233e-02     0.000  0(0)->1(3v2,1v4,1v5)
-2.4639      5.559221e-04  +2.357800e-02     0.000  0(0)->1(2v3,3v4)
-2.4687      5.372953e-04  +2.317963e-02     0.000  0(0)->1(1v1,1v2,2v3,1v4,1v5)
-2.4708      5.611331e-04  -2.368825e-02     0.000  0(0)->1(1v1,2v2,1v3,2v4)
-2.4853      1.103372e-04  -1.050415e-02     0.000  0(0)->1(1v1,1v3,2v4,1v5)
-2.5008      1.019092e-03  -3.192323e-02     0.000  0(0)->1(1v2,3v3,1v4,1v5)
-2.5029      1.742360e-03  +4.174159e-02     0.000  0(0)->1(2v2,2v3,2v4)
-2.5174      3.426052e-04  +1.850960e-02     0.000  0(0)->1(2v3,2v4,1v5)
-2.5195      4.289956e-04  -2.071221e-02     0.000  0(0)->1(1v2,1v3,3v4)
-2.5243      2.674337e-04  -1.635340e-02     0.000  0(0)->1(1v1,2v2,1v3,1v4,1v5)
-2.5264      1.025190e-04  +1.012517e-02     0.000  0(0)->1(1v1,3v2,2v4)
-2.5564      8.304017e-04  +2.881669e-02     0.000  0(0)->1(2v2,2v3,1v4,1v5)
-2.5586      6.881347e-04  -2.623232e-02     0.000  0(0)->1(3v2,1v3,2v4)
-2.5730      2.643826e-04  -1.625985e-02     0.000  0(0)->1(1v2,1v3,2v4,1v5)
-2.5877      2.056611e-04  +1.434089e-02     0.000  0(0)->1(1v1,2v3,3v4)
-2.6121      3.279622e-04  -1.810973e-02     0.000  0(0)->1(3v2,1v3,1v4,1v5)
-2.6142      1.084289e-04  +1.041292e-02     0.000  0(0)->1(4v2,2v4)
-2.6198      3.900791e-04  -1.975042e-02     0.000  0(0)->1(3v3,3v4)
-2.6412      1.267454e-04  +1.125813e-02     0.000  0(0)->1(1v1,2v3,2v4,1v5)
-2.6433      1.587052e-04  -1.259782e-02     0.000  0(0)->1(1v1,1v2,1v3,3v4)
-2.6733      2.403990e-04  -1.550481e-02     0.000  0(0)->1(3v3,2v4,1v5)
-2.6754      4.927914e-04  +2.219891e-02     0.000  0(0)->1(1v2,2v3,3v4)
-2.7289      3.036989e-04  +1.742696e-02     0.000  0(0)->1(1v2,2v3,2v4,1v5)
-2.7311      2.452823e-04  -1.566149e-02     0.000  0(0)->1(2v2,1v3,3v4)
-2.7846      1.511633e-04  -1.229485e-02     0.000  0(0)->1(2v2,1v3,2v4,1v5)
------------------------------------------------------------------------------

Stick spectrum was also saved in "trans_hcoh.xml.spectrum_parallel" file 
------------------------------------------------------------------------------


Job "./ezspectrum trans_hcoh.xml" has been finished: Tue Dec 29 14:23:47 2020

