Job "./ezspectrum_exe adenine.xml" has been started: Sun Jan  3 13:14:21 2021

TOC (size=5) for node input:
job_parameters              30       184
parallel_approximation       184       656
dushinsky_rotations        656      1282
initial_state             1282     18180
target_state             18180     35426

A copy of the "adenine.xml" input:
------------------------------------------------------------------------------
Node input
TOC (size=5) for node input:
job_parameters              30       184
parallel_approximation       184       656
dushinsky_rotations        656      1282
initial_state             1282     18180
target_state             18180     35426

<input
  job = "harmonic_pes">

<job_parameters 
        temperature                              = "300"
        spectrum_intensity_threshold             = "0.001" >
</job_parameters>


<parallel_approximation
        max_vibr_excitations_in_initial_el_state = "3"
        max_vibr_excitations_in_target_el_state  = "3"
        combination_bands                        = "true"
        use_normal_coordinates_of_target_states  = "true" >

  <energy_thresholds  units="eV, K, cm-1">
    <initial_state   units="K">      1000    </initial_state>
    <target_state   units="eV">      0.25    </target_state>
  </energy_thresholds> 

</parallel_approximation>


<dushinsky_rotations target_state="1"
      max_vibr_excitations_in_initial_el_state = "3"
      max_vibr_excitations_in_target_el_state  = "3"
      > 

  <energy_thresholds  units="eV, K, cm-1">
    <initial_state   units="K">      1000    </initial_state>
    <target_state   units="eV">      0.25    </target_state>
  </energy_thresholds> 

  <single_excitation 
       ini="0" 
       targ="4v0">
  </single_excitation>

  <single_excitation 
       ini="0"  
       targ="3v0 1v12">
  </single_excitation>

  <single_excitation 
       ini="0" 
       targ="2v0 2v12">
  </single_excitation>
  
</dushinsky_rotations>


<initial_state>

  <geometry
    number_of_atoms = "15"
    linear = "false"
    units   ="angstr"
    text   = "
      C      -0.179845    -0.514692     0.020188
      C      -0.705653     0.772447     0.000091
      N      -0.017797     1.919421    -0.009955
      C       1.293917     1.697096     0.002642
      H       1.929465     2.578287    -0.005488
      N       1.943610     0.523320     0.023448
      C       1.225207    -0.606937     0.033265
      N       1.866434    -1.793829     0.056543
      H       1.345713    -2.654037     0.055442
      H       2.872380    -1.806139     0.056153
      N      -2.066634     0.590296    -0.008719
      H      -2.760876     1.320254    -0.022585
      C      -2.282011    -0.768663     0.005865
      H      -3.281351    -1.180052     0.003071
      N      -1.179670    -1.469171     0.023553
             "
        >
  </geometry>

  <normal_modes
    comment = "Unitis: in Q-Chem and MOLPRO are Angstr/sqrt(amu), in ACES are Angstr"
    if_mass_weighted="true"
    text = "
          0.000  0.000 -0.002   -0.001  0.002  0.172   -0.002  0.004  0.267
          0.000  0.001  0.038    0.000  0.000 -0.017   -0.002  0.003  0.215
          0.000  0.000  0.040    0.000 -0.001 -0.065   -0.001  0.002  0.150
          0.000  0.000 -0.038   -0.001  0.001  0.065    0.001 -0.002 -0.117
          0.000 -0.001 -0.081   -0.001  0.002  0.118    0.002 -0.004 -0.294
          0.000 -0.001 -0.072   -0.001  0.001  0.082    0.002 -0.003 -0.218
          0.000  0.000 -0.006    0.000  0.000  0.044    0.000  0.001  0.059
         -0.001  0.001  0.196    0.002 -0.003 -0.157    0.000  0.000 -0.036
          0.005 -0.002 -0.670    0.005 -0.004 -0.584   -0.007  0.004  0.552
         -0.001 -0.005 -0.695    0.002 -0.005 -0.643    0.000 -0.002  0.097
          0.000  0.001  0.034    0.001 -0.002 -0.167    0.000 -0.001 -0.052
         -0.001  0.001  0.052    0.002 -0.004 -0.304    0.002 -0.004 -0.291
          0.000  0.000 -0.033    0.000  0.000 -0.007    0.002 -0.003 -0.219
          0.001 -0.001 -0.066    0.000 -0.001 -0.048    0.004 -0.007 -0.508
          0.001 -0.001 -0.056   -0.002  0.003  0.192    0.000  0.000  0.012

         -0.046 -0.108  0.002    0.001 -0.003 -0.144    0.001 -0.002  0.011
          0.021 -0.055  0.002    0.002 -0.003 -0.187    0.002 -0.001  0.034
         -0.006 -0.052 -0.001   -0.002  0.004  0.336   -0.002  0.000  0.033
         -0.012 -0.035 -0.001   -0.002  0.002  0.207   -0.001  0.001 -0.057
         -0.003 -0.041 -0.003   -0.004  0.007  0.557   -0.001  0.000 -0.191
         -0.054 -0.034  0.002    0.002 -0.005 -0.316   -0.001  0.002  0.037
         -0.009 -0.070  0.002    0.001 -0.003 -0.181    0.001  0.001  0.053
          0.301  0.091  0.001    0.003  0.003  0.131    0.000 -0.001 -0.018
          0.617 -0.097  0.003    0.008  0.000  0.181   -0.008  0.003  0.202
          0.308  0.462  0.000    0.003  0.008  0.197    0.000 -0.010 -0.238
          0.015  0.081  0.001    0.002 -0.003 -0.303    0.004 -0.001 -0.142
          0.107  0.168 -0.001    0.002  0.001 -0.076   -0.002  0.014  0.901
         -0.115  0.110 -0.003   -0.003  0.003  0.121    0.000  0.002  0.042
         -0.155  0.204 -0.006   -0.005  0.006  0.305   -0.002  0.005  0.142
         -0.181  0.000 -0.003   -0.004  0.003  0.226   -0.001 -0.001 -0.040

          0.081 -0.167  0.001   -0.095 -0.130  0.000    0.000 -0.004  0.019
          0.155 -0.151  0.000    0.028 -0.178  0.000    0.003 -0.004  0.035
         -0.141 -0.019 -0.004    0.190 -0.255  0.003    0.000 -0.002  0.018
         -0.152  0.142  0.002    0.217  0.072  0.004    0.000  0.003 -0.039
         -0.210  0.185  0.012    0.040  0.203  0.008   -0.002  0.003 -0.126
         -0.087  0.145 -0.003    0.284  0.139  0.001    0.001  0.004 -0.005
          0.094  0.001 -0.002   -0.002  0.278 -0.004    0.001  0.003 -0.002
         -0.063 -0.103  0.002   -0.172  0.275 -0.004   -0.005  0.001 -0.007
         -0.345  0.062  0.034   -0.343  0.379  0.039    0.002 -0.003 -0.678
         -0.071 -0.463 -0.032   -0.178  0.081 -0.058   -0.005  0.008  0.690
          0.219  0.051  0.008   -0.023 -0.057  0.003    0.004  0.000 -0.032
          0.407  0.227 -0.046    0.045  0.008 -0.015    0.006  0.006  0.205
          0.017  0.125 -0.002   -0.166 -0.038 -0.001   -0.001  0.001 -0.012
         -0.048  0.289 -0.008   -0.214  0.069 -0.002   -0.002  0.005 -0.027
         -0.075 -0.053  0.001   -0.217 -0.158 -0.001   -0.003 -0.003  0.021

          0.001 -0.002 -0.148    0.111  0.076 -0.001    0.001 -0.002 -0.168
          0.000  0.000  0.018   -0.175 -0.054  0.001    0.000  0.000 -0.056
         -0.001  0.003  0.186   -0.120 -0.151  0.002    0.000  0.001  0.054
          0.002 -0.002 -0.180   -0.103 -0.055 -0.002    0.001 -0.001 -0.069
          0.005 -0.008 -0.586   -0.297  0.082 -0.010    0.002 -0.003 -0.177
         -0.002  0.002  0.121    0.294  0.066  0.003   -0.001  0.001  0.103
         -0.002  0.001  0.078    0.305  0.013  0.001    0.001 -0.001 -0.095
          0.000  0.000 -0.037    0.124 -0.175  0.003    0.000  0.000  0.009
          0.000  0.000 -0.040   -0.186  0.006 -0.014   -0.002  0.001  0.124
          0.000  0.001 -0.099    0.119 -0.590  0.022    0.000 -0.003 -0.152
          0.001 -0.001 -0.055   -0.231  0.068 -0.003   -0.001  0.001  0.109
          0.006 -0.009 -0.686   -0.188  0.111 -0.008   -0.004  0.006  0.519
          0.000  0.001  0.071   -0.125  0.065 -0.002    0.002 -0.003 -0.226
         -0.002  0.003  0.232   -0.061 -0.093  0.002    0.005 -0.009 -0.679
          0.000 -0.001  0.007   -0.035  0.188 -0.002   -0.002  0.003  0.278

          0.000  0.000  0.039   -0.050 -0.054  0.002   -0.003  0.005  0.439
          0.004 -0.007 -0.522    0.040  0.126 -0.001    0.003 -0.005 -0.408
         -0.001  0.002  0.134    0.114  0.326 -0.003   -0.001  0.002  0.195
          0.000  0.001  0.000    0.158  0.264 -0.003    0.001 -0.003 -0.167
         -0.001  0.001 -0.011    0.293  0.178 -0.001    0.001 -0.003 -0.212
          0.003 -0.002 -0.196    0.001  0.096 -0.001   -0.002  0.003  0.210
         -0.003  0.008  0.584    0.110 -0.069  0.001    0.003 -0.005 -0.390
          0.001 -0.003 -0.128    0.115 -0.209  0.004   -0.001  0.002  0.059
         -0.001 -0.002 -0.266   -0.055 -0.115 -0.002    0.001  0.000  0.076
          0.001  0.000 -0.020    0.114 -0.467  0.012   -0.001  0.000  0.061
         -0.002  0.002  0.181   -0.083 -0.141  0.001    0.000  0.001  0.046
         -0.002  0.005  0.325   -0.217 -0.264  0.001    0.000  0.002  0.034
          0.000  0.000 -0.030   -0.196 -0.139  0.001    0.000  0.002  0.139
          0.002 -0.004 -0.316   -0.235 -0.073 -0.001    0.005 -0.006 -0.527
          0.000  0.000 -0.032   -0.192 -0.130 -0.001    0.002 -0.002 -0.138

          0.000  0.001  0.059   -0.004  0.027  0.000    0.081  0.100 -0.001
          0.000 -0.001 -0.049    0.031  0.084 -0.001    0.141 -0.113  0.003
          0.000  0.000  0.023   -0.220  0.362 -0.006    0.052 -0.032  0.001
          0.000  0.000 -0.018   -0.190 -0.298  0.003    0.002 -0.001  0.000
          0.000  0.000 -0.009   -0.132 -0.353  0.001    0.092 -0.066  0.003
          0.000  0.000  0.016    0.368 -0.133  0.005   -0.131 -0.045  0.000
          0.000  0.000 -0.028    0.047  0.027 -0.001    0.021 -0.002  0.000
          0.000  0.000  0.004   -0.057  0.134 -0.002   -0.018  0.068 -0.001
          0.000  0.000  0.007   -0.028  0.122 -0.004   -0.106  0.123 -0.004
          0.000  0.000  0.002   -0.056  0.205 -0.006   -0.020  0.025  0.000
          0.000  0.001  0.043    0.212 -0.108  0.003    0.148 -0.304  0.005
          0.000  0.001  0.049    0.309 -0.024  0.003    0.494  0.010  0.004
          0.001 -0.002 -0.178   -0.084 -0.040  0.000   -0.310 -0.135 -0.001
         -0.008  0.012  0.977   -0.217  0.272 -0.005   -0.217 -0.382  0.002
          0.000  0.000  0.024   -0.124 -0.099  0.000   -0.014  0.463 -0.006

          0.000  0.000 -0.009   -0.020  0.024  0.000    0.010 -0.018  0.000
          0.000  0.000  0.028    0.000 -0.016  0.000   -0.015 -0.018  0.000
          0.000  0.001  0.029   -0.046 -0.030  0.000   -0.002  0.039 -0.001
          0.001 -0.003 -0.185    0.014  0.110 -0.001    0.010  0.002  0.000
         -0.007  0.015  0.980   -0.132  0.221 -0.005    0.056 -0.029  0.001
          0.000  0.000  0.028    0.125  0.050  0.000   -0.001 -0.007  0.000
          0.000  0.000  0.029   -0.079 -0.041  0.000    0.001 -0.003  0.000
          0.000  0.000 -0.005   -0.079 -0.115  0.001   -0.003  0.009  0.000
          0.001 -0.001 -0.026    0.525 -0.477  0.017   -0.019  0.020 -0.001
          0.000  0.001  0.006   -0.061  0.588 -0.015   -0.004 -0.008  0.000
          0.000  0.000 -0.005    0.037 -0.018  0.001   -0.021  0.142 -0.002
          0.000  0.000  0.001    0.111  0.050  0.000    0.488  0.645 -0.004
          0.000  0.000  0.001   -0.005 -0.015  0.000   -0.063 -0.141  0.001
          0.000  0.000 -0.009    0.000 -0.027  0.000    0.092 -0.532  0.007
          0.000  0.000  0.000    0.008  0.035  0.000    0.031 -0.037  0.001

         -0.124  0.246 -0.004    0.215  0.083  0.001   -0.007 -0.021  0.000
         -0.131  0.154 -0.003    0.022  0.003  0.000   -0.108 -0.091  0.000
          0.060 -0.152  0.002    0.091 -0.002  0.001   -0.064  0.037 -0.001
         -0.031 -0.037  0.000   -0.063 -0.092  0.001    0.079  0.126 -0.001
         -0.253  0.119 -0.004    0.135 -0.246  0.005    0.261  0.007  0.002
         -0.026  0.064 -0.001   -0.121  0.061 -0.002    0.016 -0.116  0.002
         -0.049  0.046 -0.001    0.176  0.046  0.001    0.007 -0.025  0.000
          0.104 -0.079  0.002   -0.112 -0.021 -0.001    0.006  0.034  0.000
         -0.048  0.004 -0.002    0.266 -0.242  0.009   -0.090  0.094 -0.002
          0.102 -0.378  0.008   -0.101  0.535 -0.011    0.003 -0.011  0.001
          0.191 -0.021  0.002   -0.070  0.022 -0.001   -0.054 -0.046  0.000
          0.413  0.183  0.001   -0.019  0.082 -0.001    0.310  0.306 -0.001
         -0.036 -0.117  0.001   -0.088 -0.041  0.000   -0.026  0.027 -0.001
         -0.296  0.493 -0.009   -0.320  0.471 -0.008   -0.317  0.732 -0.012
         -0.005 -0.092  0.001   -0.008 -0.102  0.001    0.132 -0.004  0.001

         -0.137 -0.033 -0.001   -0.168 -0.084  0.000    0.037  0.275 -0.003
          0.053 -0.058  0.001   -0.098 -0.082  0.000   -0.059 -0.087  0.001
          0.222  0.059  0.001    0.101  0.064  0.000   -0.004 -0.024  0.000
         -0.229  0.075 -0.003   -0.087 -0.073  0.000   -0.033  0.169 -0.003
         -0.763  0.453 -0.012    0.514 -0.518  0.011    0.164  0.035  0.001
          0.020 -0.145  0.002   -0.008  0.091 -0.001   -0.036 -0.217  0.003
          0.080  0.023  0.000    0.028  0.187 -0.002    0.133  0.042  0.000
         -0.008  0.011  0.000    0.008 -0.088  0.001   -0.010  0.010  0.000
          0.013  0.001  0.001    0.301 -0.271  0.006   -0.015  0.019  0.001
         -0.005  0.085 -0.002    0.016 -0.108  0.000   -0.007  0.167 -0.002
         -0.021  0.037 -0.001   -0.001 -0.084  0.001    0.006 -0.111  0.001
         -0.118 -0.046  0.000    0.276  0.171  0.000    0.316  0.166  0.000
         -0.053 -0.002  0.000    0.055  0.095 -0.001    0.133  0.145 -0.001
         -0.082  0.055 -0.001    0.155 -0.093  0.002    0.455 -0.564  0.011
          0.101 -0.005  0.001    0.041  0.040  0.000   -0.202 -0.112  0.000

         -0.054  0.027 -0.001   -0.071  0.266 -0.004    0.082 -0.028  0.001
         -0.003 -0.040  0.000    0.489 -0.115  0.005   -0.042 -0.054  0.000
         -0.043 -0.049  0.000   -0.098 -0.029  0.000   -0.074  0.052 -0.001
         -0.069  0.115 -0.002   -0.059 -0.020  0.000    0.146 -0.052  0.002
          0.604 -0.367  0.010    0.238 -0.249  0.005   -0.404  0.346 -0.008
          0.021 -0.078  0.001    0.060 -0.001  0.000   -0.070 -0.119  0.001
          0.051  0.044  0.000   -0.207  0.111 -0.003   -0.017  0.260 -0.003
         -0.001 -0.004  0.000    0.082 -0.051  0.001   -0.004 -0.032  0.000
          0.032 -0.023  0.001    0.187 -0.126  0.001    0.492 -0.333  0.007
          0.001  0.023 -0.001    0.080 -0.509  0.007   -0.007 -0.428  0.003
          0.115  0.143 -0.001   -0.216 -0.018 -0.001    0.044  0.045  0.000
         -0.474 -0.417  0.002   -0.026  0.193 -0.003   -0.149 -0.142  0.001
         -0.056 -0.107  0.001   -0.102  0.067 -0.002   -0.026 -0.024  0.000
         -0.102 -0.039  0.000   -0.139  0.095 -0.002   -0.037 -0.017  0.000
          0.017  0.014  0.000    0.105 -0.123  0.002   -0.011  0.008  0.000

          0.049  0.028  0.000   -0.100  0.048 -0.001   -0.230 -0.198  0.001
          0.043 -0.144  0.002    0.030 -0.110  0.002    0.251  0.428 -0.004
          0.081  0.059  0.000   -0.047  0.048 -0.001   -0.171 -0.176  0.001
         -0.091  0.022 -0.001    0.097 -0.074  0.002    0.031  0.045  0.000
          0.013 -0.053  0.001   -0.149  0.103 -0.003    0.062  0.010  0.000
          0.037  0.004  0.000   -0.038  0.021 -0.001   -0.051 -0.151  0.002
         -0.096 -0.003 -0.001    0.041  0.079 -0.001    0.298  0.151  0.000
          0.011  0.020  0.000    0.054 -0.118  0.002   -0.060 -0.005 -0.001
          0.130 -0.052  0.000   -0.579  0.256 -0.003    0.137 -0.114  0.004
          0.005 -0.288  0.003    0.075  0.688 -0.004   -0.054  0.222 -0.005
         -0.098  0.053 -0.001    0.005  0.034  0.000   -0.113 -0.073  0.000
          0.036  0.195 -0.002   -0.076 -0.042  0.000    0.337  0.378 -0.002
          0.327 -0.298  0.006    0.031 -0.036  0.001    0.126 -0.111  0.002
         -0.062  0.709 -0.009   -0.009  0.066 -0.001   -0.001  0.241 -0.003
         -0.239  0.167 -0.004   -0.005  0.018  0.000   -0.048  0.083 -0.001

          0.267 -0.143  0.004    0.000  0.000  0.000    0.002  0.001  0.000
         -0.027  0.167 -0.002    0.002  0.001  0.000    0.002  0.001  0.000
          0.066 -0.050  0.001    0.001  0.000  0.000    0.000  0.000  0.000
         -0.157  0.096 -0.002   -0.051 -0.070  0.001    0.000  0.000  0.000
          0.152 -0.138  0.003    0.583  0.807 -0.008   -0.001 -0.001  0.000
          0.062 -0.113  0.002    0.000  0.000  0.000    0.000  0.000  0.000
         -0.257  0.227 -0.006    0.000  0.002  0.000    0.000  0.000  0.000
          0.109 -0.149  0.002    0.000  0.000  0.000    0.000  0.000  0.000
         -0.582  0.257 -0.003   -0.001 -0.001  0.000    0.000 -0.001  0.000
          0.121  0.435  0.002    0.001  0.000  0.000    0.001  0.000  0.000
         -0.022 -0.041  0.000    0.000  0.000  0.000    0.001  0.002  0.000
          0.096  0.074  0.000    0.000  0.001  0.000   -0.015  0.004  0.000
         -0.032  0.018  0.000    0.000  0.000  0.000   -0.084 -0.034  0.000
         -0.022 -0.021  0.000    0.002  0.001  0.000    0.918  0.385  0.003
         -0.021 -0.003  0.000    0.000  0.000  0.000    0.002 -0.002  0.000

          0.001  0.000  0.000    0.000  0.001  0.000    0.000  0.000  0.000
          0.000  0.001  0.000   -0.002  0.000  0.000    0.000  0.000  0.000
          0.000  0.000  0.000    0.000  0.000  0.000    0.000  0.000  0.000
          0.000  0.000  0.000    0.000  0.000  0.000    0.000  0.000  0.000
         -0.001 -0.001  0.000    0.000  0.000  0.000    0.000  0.000  0.000
          0.000 -0.001  0.000    0.000  0.000  0.000    0.000  0.000  0.000
          0.001 -0.002  0.000    0.000  0.000  0.000   -0.001  0.000  0.000
         -0.027  0.046  0.000    0.000  0.000  0.000   -0.076 -0.044  0.000
         -0.355 -0.590  0.000   -0.001 -0.002  0.000    0.369  0.621  0.001
          0.723 -0.013  0.000    0.001  0.000  0.000    0.686 -0.016  0.000
          0.000  0.000  0.000    0.052 -0.054  0.001    0.000  0.000  0.000
          0.002 -0.002  0.000   -0.691  0.718 -0.014   -0.001  0.000  0.000
          0.000  0.000  0.000    0.001  0.003  0.000    0.000  0.000  0.000
         -0.001  0.000  0.000   -0.008 -0.006  0.000    0.000  0.000  0.000
          0.000  0.000  0.000   -0.001  0.001  0.000    0.000  0.000  0.000

             "
   atoms = "   C     C     N     C     H     N     C     N     H     H     N     H     C     H     N  "
        >
  </normal_modes>

  <frequencies
    text = "
        124.01                 169.29                 220.24
        279.31                 303.34                 521.13
        526.49                 535.79                 543.84
        580.57                 624.17                 672.14
        697.12                 737.24                 818.97
        871.30                 910.70                 952.82
       1003.95                1024.55                1107.77
       1168.80                1265.67                1288.10
       1362.69                1390.26                1403.30
       1448.71                1475.53                1540.77
       1565.04                1637.04                1687.33
       1697.39                3212.18                3299.30
       3661.27                3721.95                3806.47
             "
        >
  </frequencies>
  
</initial_state>

<target_state>

  <ip units="eV"> 0.0 </ip>

  <geometry
    number_of_atoms = "15"
    linear = "false"
    units   ="angstr"
    text   = "
      C      -0.189051    -0.537988    -0.000044
      N      -1.147031    -1.467719     0.000006
      C      -2.285857    -0.756990    -0.000120
      H      -3.273858    -1.197274    -0.000051
      N      -2.093491     0.579311     0.000108
      H      -2.806809     1.298061     0.000257
      C      -0.725695     0.785064    -0.000027
      N      -0.050086     1.893349    -0.000058
      C       1.313056     1.682286    -0.000225
      H       1.915169     2.585143     0.000064
      N       1.957393     0.538430    -0.000112
      C       1.244473    -0.613621    -0.000061
      N       1.884170    -1.764898    -0.000017
      H       1.382687    -2.645413     0.000024
      H       2.898979    -1.766629    -0.000015
             "
        >
  </geometry>
  
   <manual_atoms_reordering
      new_order="0 6 7 8 9 10 11 12 13 14 4 5 2 3 1" >
   </manual_atoms_reordering>
   
  <normal_modes
    comment = "Unitis: in Q-Chem and MOLPRO are Angstr/sqrt(amu), in ACES are Angstr"
    if_mass_weighted="true"
    text = "
          0.000  0.000 -0.177    0.000  0.000  0.348    0.000  0.000 -0.110
          0.000  0.000 -0.273    0.000  0.000  0.029   -0.001  0.000  0.276
          0.000  0.000 -0.053    0.000  0.000 -0.247    0.000  0.000  0.076
          0.000  0.000 -0.081    0.000  0.000 -0.610   -0.001  0.001  0.192
          0.000  0.000  0.210    0.000  0.000 -0.072    0.000  0.000 -0.312
          0.000  0.000  0.373    0.000  0.000 -0.304    0.000  0.001 -0.350
          0.000  0.000  0.085    0.000  0.000  0.258    0.000  0.000 -0.176
          0.000  0.000  0.158    0.000  0.000  0.089    0.000  0.000  0.386
          0.000  0.000 -0.131    0.000  0.000 -0.109    0.000  0.000  0.189
          0.000  0.000 -0.287    0.000  0.000 -0.274    0.000  0.000  0.416
          0.000  0.000 -0.201    0.000  0.000 -0.200    0.000  0.000 -0.328
          0.000  0.000 -0.055    0.000  0.000  0.085    0.000  0.000 -0.175
          0.000  0.000  0.322    0.000  0.000 -0.036    0.001  0.000  0.096
          0.000  0.000  0.455    0.000  0.000  0.148    0.002  0.000  0.308
          0.000  0.000  0.465    0.000  0.000 -0.338    0.001  0.002  0.133

         -0.050 -0.112  0.000    0.000  0.000 -0.123   -0.137 -0.076  0.000
         -0.176 -0.003  0.000    0.000  0.000  0.072   -0.190 -0.138  0.000
         -0.117  0.111  0.000    0.000  0.000 -0.014   -0.153 -0.080  0.000
         -0.157  0.202  0.000    0.000 -0.001 -0.065   -0.187 -0.015 -0.001
          0.012  0.081  0.000    0.000  0.000 -0.031   -0.066 -0.071  0.000
          0.101  0.169  0.001   -0.001  0.000 -0.080   -0.043 -0.048  0.001
          0.023 -0.056  0.000    0.000  0.000 -0.078   -0.006 -0.151  0.000
         -0.001 -0.051 -0.001    0.000  0.000  0.229    0.242 -0.273  0.000
         -0.014 -0.030  0.000    0.000  0.000 -0.228    0.281  0.050  0.000
         -0.002 -0.038 -0.001    0.001  0.000 -0.827    0.116  0.162 -0.001
         -0.055 -0.034  0.001    0.000  0.000  0.131    0.296  0.108  0.000
         -0.007 -0.073  0.000    0.000  0.000  0.156   -0.079  0.277  0.000
          0.299  0.092  0.000    0.000  0.000 -0.057   -0.165  0.307  0.000
          0.620 -0.087  0.000    0.001  0.000 -0.358   -0.223  0.340  0.002
          0.302  0.466  0.000    0.000  0.001 -0.032   -0.166  0.260  0.000

          0.056 -0.193  0.000    0.000  0.000 -0.092    0.095  0.041 -0.001
         -0.092 -0.089  0.000    0.000  0.000  0.206   -0.050  0.160  0.002
          0.005  0.112  0.000    0.000  0.000 -0.183   -0.138  0.076  0.001
         -0.075  0.294  0.001    0.000  0.000 -0.773   -0.086 -0.046  0.002
          0.229  0.048 -0.001    0.000  0.000  0.233   -0.204  0.062 -0.005
          0.415  0.230  0.000    0.001  0.000 -0.391   -0.147  0.123 -0.009
          0.168 -0.173  0.000    0.000  0.000 -0.087   -0.145 -0.077  0.012
         -0.089 -0.049  0.000    0.000  0.000 -0.033   -0.116 -0.148 -0.001
         -0.121  0.158  0.000    0.000  0.000  0.028   -0.093 -0.042 -0.002
         -0.184  0.201 -0.002    0.000  0.000  0.157   -0.300  0.094 -0.009
         -0.078  0.161  0.000    0.000  0.000  0.010    0.285  0.095  0.003
          0.067  0.042  0.000    0.000  0.000 -0.085    0.315  0.021 -0.011
         -0.096 -0.055  0.000    0.000  0.000  0.003    0.103 -0.156  0.001
         -0.378  0.101 -0.001    0.000  0.000 -0.077   -0.243  0.036 -0.033
         -0.100 -0.404  0.000    0.000  0.000  0.254    0.101 -0.611  0.053

         -0.002 -0.001 -0.005    0.000  0.000  0.020    0.000  0.000 -0.023
          0.001 -0.003  0.033    0.000  0.000  0.057    0.000  0.000  0.039
          0.003 -0.002  0.013    0.000  0.000 -0.068    0.000  0.000 -0.028
          0.002  0.001  0.042    0.000  0.000 -0.139    0.000  0.000 -0.064
          0.004 -0.001 -0.083    0.000  0.000 -0.030    0.000  0.000 -0.030
          0.003 -0.003 -0.067    0.000  0.000  0.926    0.000  0.000  0.342
          0.003  0.002  0.186    0.000  0.000 -0.040    0.000  0.000  0.028
          0.002  0.003 -0.015    0.000  0.000 -0.011    0.000  0.000  0.008
          0.002  0.001 -0.037    0.000  0.000  0.012    0.000  0.000 -0.029
          0.006 -0.002 -0.134    0.000  0.000  0.034    0.000  0.000 -0.075
         -0.006 -0.002  0.054    0.000  0.000 -0.025    0.000  0.000  0.065
         -0.006  0.000 -0.165    0.000  0.000  0.012    0.000  0.000 -0.041
         -0.002  0.003  0.004    0.000  0.000  0.029    0.000  0.000 -0.098
          0.005 -0.001 -0.473    0.000  0.000 -0.332    0.000  0.000  0.893
         -0.002  0.013  0.823    0.000  0.000 -0.003    0.000 -0.001  0.235

          0.000  0.000  0.131   -0.067 -0.089  0.000    0.000  0.000 -0.505
          0.000  0.000 -0.069   -0.187 -0.128  0.000    0.000  0.000  0.124
          0.000  0.000  0.017   -0.187 -0.143  0.000    0.000  0.000 -0.026
          0.000  0.000  0.064   -0.228 -0.080  0.000    0.000  0.000  0.022
          0.000  0.000  0.048   -0.081 -0.140  0.000    0.000  0.000 -0.069
          0.000  0.000 -0.036   -0.210 -0.268 -0.001    0.000  0.000 -0.023
          0.000  0.000 -0.159    0.049  0.154  0.000    0.000  0.000  0.390
          0.000  0.000  0.022    0.093  0.310  0.000    0.000  0.000 -0.175
          0.000  0.000  0.028    0.187  0.265  0.000    0.000  0.000  0.152
          0.000  0.000  0.033    0.313  0.197  0.000    0.000  0.000  0.243
          0.000  0.000 -0.090    0.004  0.112  0.000    0.000  0.000 -0.251
          0.000  0.000  0.139    0.103 -0.082  0.000    0.000  0.000  0.531
          0.000  0.000 -0.114    0.102 -0.193  0.000    0.000  0.000 -0.129
          0.000  0.000 -0.057   -0.070 -0.103 -0.001    0.000  0.000 -0.040
          0.000  0.000  0.948    0.105 -0.451  0.000    0.000  0.000  0.307

         -0.060 -0.061  0.000    0.085  0.148  0.000    0.000  0.000  0.007
         -0.126 -0.227  0.000   -0.063  0.416  0.000    0.000  0.000  0.049
          0.008 -0.027  0.000   -0.316 -0.131  0.000    0.000  0.000 -0.200
         -0.151  0.325  0.000   -0.290 -0.226  0.003    0.000  0.000  0.976
          0.197 -0.003  0.000    0.194 -0.332  0.000    0.000  0.000  0.051
          0.230  0.022  0.000    0.533 -0.021  0.000    0.000  0.000 -0.044
         -0.032  0.125  0.000    0.188 -0.121  0.000    0.000  0.000  0.001
         -0.259  0.364  0.000   -0.047  0.062  0.000    0.000  0.000  0.004
         -0.143 -0.307  0.000   -0.015 -0.061  0.000    0.000  0.000 -0.003
         -0.143 -0.325 -0.001    0.047 -0.107  0.000    0.000  0.000 -0.007
          0.407 -0.107  0.000   -0.006 -0.055  0.000    0.000  0.000  0.003
          0.043  0.061  0.000   -0.011 -0.004  0.000    0.000  0.000 -0.009
         -0.049  0.130  0.000   -0.036  0.064  0.000    0.000  0.000  0.002
         -0.037  0.129  0.000   -0.014  0.054  0.000    0.000  0.000  0.001
         -0.050  0.157  0.000   -0.037  0.150  0.000    0.000  0.000  0.001

         -0.016  0.028  0.000    0.001 -0.002 -0.005   -0.160  0.204  0.000
          0.010  0.019  0.000   -0.001 -0.001  0.000   -0.029 -0.062  0.000
          0.027  0.007  0.000   -0.002  0.000  0.002   -0.038 -0.211  0.000
          0.031  0.003  0.001   -0.002  0.000  0.011   -0.130 -0.034  0.000
          0.023 -0.003 -0.001   -0.001  0.000 -0.009    0.203  0.061  0.000
          0.067  0.038  0.000   -0.004 -0.002  0.003    0.590  0.436  0.000
         -0.007 -0.030  0.001    0.000  0.002  0.015   -0.168  0.126  0.000
         -0.076 -0.024  0.004    0.005  0.002  0.045    0.168 -0.104  0.000
          0.036  0.105 -0.016   -0.002 -0.006 -0.197   -0.143 -0.001  0.000
         -0.123  0.219  0.081    0.007 -0.014  0.975   -0.307  0.102  0.000
          0.136  0.075  0.002   -0.008 -0.005  0.030   -0.010  0.052  0.000
         -0.097 -0.075  0.003    0.006  0.005  0.032    0.012  0.030  0.000
         -0.075 -0.121  0.000    0.005  0.007 -0.005    0.074 -0.088  0.000
          0.537 -0.473 -0.004   -0.033  0.029 -0.041    0.054 -0.085  0.000
         -0.066  0.570  0.003    0.004 -0.035  0.037    0.082 -0.200  0.000

          0.046 -0.052  0.000   -0.096  0.092  0.000    0.042  0.053  0.000
          0.038 -0.017  0.000   -0.013  0.032  0.000    0.176 -0.103  0.000
         -0.063 -0.090  0.000    0.108  0.014  0.000   -0.155  0.029  0.000
          0.155 -0.598  0.000    0.025  0.236  0.000   -0.491  0.738  0.000
         -0.058  0.117  0.000    0.086 -0.036  0.000   -0.049 -0.022  0.000
          0.415  0.608  0.000    0.242  0.103  0.000    0.206  0.242  0.000
          0.005 -0.046  0.000   -0.141 -0.046  0.000   -0.020 -0.019  0.000
         -0.045  0.052  0.000   -0.238 -0.055  0.000   -0.018  0.002  0.000
          0.056  0.016  0.000    0.267  0.076  0.000    0.037  0.017  0.000
          0.154 -0.044  0.000    0.256  0.106  0.000    0.124 -0.038  0.000
         -0.006 -0.024  0.000    0.015 -0.039  0.000   -0.029 -0.026  0.000
          0.002 -0.006  0.000   -0.132 -0.069  0.000    0.035  0.014  0.000
         -0.019  0.022  0.000    0.124  0.027  0.000   -0.019 -0.004  0.000
         -0.015  0.022  0.000   -0.359  0.297  0.000    0.055 -0.043  0.000
         -0.020  0.052  0.000    0.122 -0.572  0.000   -0.021  0.109  0.000

         -0.157  0.011  0.000   -0.120  0.133  0.000    0.136 -0.112  0.000
          0.155 -0.031  0.000    0.002 -0.061  0.000    0.060  0.041  0.000
         -0.093  0.083  0.000    0.011  0.078  0.000   -0.104 -0.131  0.000
          0.049 -0.250  0.000    0.141 -0.194  0.000   -0.256  0.129  0.000
         -0.058 -0.006  0.000   -0.030 -0.029  0.000    0.045  0.110  0.000
         -0.031  0.034  0.000    0.027  0.028  0.000   -0.258 -0.182  0.000
          0.191 -0.011  0.000    0.098 -0.091  0.000    0.033  0.168  0.000
          0.037  0.025  0.000   -0.017 -0.001  0.000   -0.033 -0.086  0.000
         -0.074  0.009  0.000   -0.057 -0.034  0.000    0.036 -0.221  0.000
         -0.626  0.372  0.000    0.695 -0.547  0.000    0.384 -0.482  0.000
          0.102 -0.010  0.000    0.009  0.077  0.000    0.014  0.368  0.000
         -0.176 -0.090  0.000   -0.008  0.081  0.000   -0.201 -0.181  0.000
          0.083  0.023  0.000    0.026 -0.056  0.000    0.019  0.020  0.000
         -0.208  0.188  0.000    0.172 -0.145  0.000   -0.147  0.106  0.000
          0.080 -0.384  0.000    0.031 -0.157  0.000    0.019 -0.172  0.000

          0.163  0.345  0.000   -0.087 -0.051  0.000    0.004 -0.042  0.000
         -0.143 -0.180  0.000    0.114  0.020  0.000    0.057 -0.086  0.000
         -0.058 -0.089  0.000   -0.158 -0.040  0.000   -0.137  0.252  0.000
         -0.055 -0.164  0.000   -0.077 -0.297  0.000    0.285 -0.685  0.000
          0.005  0.138  0.000    0.164  0.150  0.000    0.095 -0.126  0.000
         -0.437 -0.289  0.000   -0.568 -0.580  0.000    0.179 -0.071  0.000
          0.223 -0.028  0.000   -0.039 -0.016  0.000   -0.104  0.157  0.000
         -0.125 -0.055  0.000   -0.058 -0.039  0.000   -0.046 -0.046  0.000
          0.123 -0.078  0.000   -0.020  0.117  0.000    0.150 -0.133  0.000
         -0.491  0.327  0.000    0.318 -0.093  0.000   -0.303  0.160  0.000
         -0.085 -0.020  0.000    0.026 -0.104  0.000   -0.087  0.068  0.000
          0.046 -0.006  0.000    0.049  0.036  0.000    0.062  0.092  0.000
         -0.003 -0.007  0.000   -0.004  0.001  0.000   -0.022 -0.033  0.000
         -0.045  0.014  0.000    0.019 -0.008  0.000    0.204 -0.162  0.000
         -0.001  0.128  0.000   -0.006  0.040  0.000   -0.025 -0.011  0.000

          0.007 -0.071  0.000    0.354  0.056  0.000   -0.115 -0.020  0.000
          0.012  0.057  0.000   -0.077 -0.102  0.000   -0.009  0.016  0.000
          0.015 -0.083  0.000   -0.069  0.096  0.000    0.037 -0.045  0.000
         -0.114  0.190  0.000    0.068 -0.228  0.000   -0.014  0.075  0.000
         -0.012  0.047  0.000    0.012 -0.059  0.000   -0.043 -0.025  0.000
         -0.084 -0.015  0.000    0.065 -0.017  0.000    0.128  0.151  0.000
          0.029 -0.034  0.000   -0.068  0.111  0.000    0.150  0.209  0.000
         -0.018  0.038  0.000    0.037 -0.071  0.000   -0.091 -0.133  0.000
          0.057 -0.071  0.000   -0.163  0.187  0.000   -0.008  0.059  0.000
         -0.230  0.113  0.000    0.350 -0.142  0.000    0.119 -0.017  0.000
         -0.026 -0.016  0.000    0.101 -0.136  0.000   -0.002 -0.039  0.000
         -0.084  0.215  0.000   -0.233  0.013  0.000    0.174 -0.140  0.000
          0.014 -0.040  0.000    0.024  0.051  0.000   -0.112  0.166  0.000
          0.557 -0.358  0.000    0.286 -0.096  0.000    0.624 -0.228  0.000
          0.014 -0.594  0.000    0.017 -0.609  0.000   -0.135 -0.524  0.000

         -0.020 -0.090  0.000    0.000  0.000  0.000    0.002  0.001  0.000
         -0.013  0.029  0.000    0.000  0.000  0.000    0.002 -0.001  0.000
          0.023 -0.053  0.000    0.000  0.000  0.000   -0.083 -0.038  0.000
         -0.047  0.092  0.000    0.002  0.001  0.000    0.908  0.409  0.000
         -0.054 -0.032  0.000    0.000  0.000  0.000    0.002  0.003  0.000
          0.145  0.177  0.000    0.000  0.000  0.000   -0.015  0.005  0.000
          0.180  0.262  0.000    0.001  0.001  0.000    0.002  0.001  0.000
         -0.115 -0.146  0.000    0.001  0.000  0.000    0.000  0.000  0.000
         -0.020  0.041  0.000   -0.048 -0.075  0.000    0.000  0.000  0.000
          0.141 -0.070  0.000    0.553  0.828  0.000   -0.001 -0.002  0.000
          0.020 -0.087  0.000    0.000  0.002  0.000    0.000  0.000  0.000
         -0.056  0.221  0.000   -0.001  0.001  0.000    0.000  0.000  0.000
          0.085 -0.159  0.000    0.000  0.000  0.000    0.000  0.000  0.000
         -0.533  0.180  0.000    0.000  0.000  0.000   -0.001 -0.002  0.000
          0.100  0.583  0.000    0.000  0.000  0.000    0.001  0.000  0.000

          0.000 -0.001  0.000    0.000 -0.001  0.000    0.000  0.000  0.000
          0.001  0.000  0.000    0.001 -0.001  0.000    0.000  0.000  0.000
          0.000  0.001  0.000   -0.001 -0.003  0.000    0.000  0.000  0.000
         -0.002 -0.001  0.000    0.009  0.007  0.000    0.000  0.000  0.000
         -0.001  0.000  0.000   -0.054  0.054  0.000    0.000  0.000  0.000
          0.010 -0.010  0.000    0.706 -0.704  0.000   -0.002  0.002  0.000
          0.000  0.001  0.000    0.003 -0.001  0.000    0.000  0.000  0.000
          0.000  0.000  0.000    0.000  0.000  0.000    0.000  0.000  0.000
          0.000  0.000  0.000    0.000  0.000  0.000    0.000  0.000  0.000
          0.000  0.000  0.000    0.000  0.000  0.000    0.000  0.000  0.000
          0.000 -0.001  0.000    0.000  0.000  0.000    0.000  0.001  0.000
          0.002 -0.003  0.000    0.000  0.000  0.000    0.000  0.001  0.000
         -0.031  0.046  0.000    0.000 -0.001  0.000   -0.074 -0.047  0.000
         -0.328 -0.584  0.000    0.005  0.010  0.000    0.365  0.645  0.000
          0.741 -0.007  0.000   -0.009  0.000  0.000    0.666 -0.007  0.000

             "
   atoms = "   C     N     C     H     N     H     C     N     C     H     N     C     N     H     H  "
        >
  </normal_modes>
  
  <manual_normal_modes_reordering
     new_order=" 11 0 1 3 2 10 6 5 9 4 8 7 12 13 14 17 15 16 19 18 21 20 22 23 24 25 26 28 27 30 29 31 32 33 34 35 36 37 38 " >
  </manual_normal_modes_reordering>
  
  <frequencies
    text = "
        137.60                 215.65                 275.50
        282.55                 457.38                 509.92
        528.54                 560.49                 611.88
        614.18                 651.17                 662.91
        721.51                 742.42                 800.78
        891.90                 927.53                 937.50
       1014.11                1014.48                1132.84
       1147.85                1217.31                1237.92
       1340.67                1416.06                1458.56
       1462.55                1471.54                1502.41
       1539.62                1612.66                1692.05
       1699.89                3248.66                3307.01
       3575.34                3671.58                3714.66
             "
        >
  </frequencies>
  
</target_state>

</input>
------------------------------------------------------------------------------
 
TOC (size=5) for node input:
job_parameters              30       184
parallel_approximation       184       656
dushinsky_rotations        656      1282
initial_state             1282     18180
target_state             18180     35426

TOC (size=100) for node masses:
TOC (size=0) for node job_parameters:

TOC (size=3) for node initial_state:
geometry                  1300      2172
normal_modes              2172     17296
frequencies              17296     18160


====== Reading the initial state ======
TOC (size=0) for node geometry:

TOC (size=0) for node C:

TOC (size=0) for node C:

TOC (size=0) for node N:

TOC (size=0) for node C:

TOC (size=0) for node H:

TOC (size=0) for node N:

TOC (size=0) for node C:

TOC (size=0) for node N:

TOC (size=0) for node H:

TOC (size=0) for node H:

TOC (size=0) for node N:

TOC (size=0) for node H:

TOC (size=0) for node C:

TOC (size=0) for node H:

TOC (size=0) for node N:

TOC (size=0) for node normal_modes:

TOC (size=0) for node frequencies:

TOC (size=0) for node C:

TOC (size=0) for node C:

TOC (size=0) for node N:

TOC (size=0) for node C:

TOC (size=0) for node H:

TOC (size=0) for node N:

TOC (size=0) for node C:

TOC (size=0) for node N:

TOC (size=0) for node H:

TOC (size=0) for node H:

TOC (size=0) for node N:

TOC (size=0) for node H:

TOC (size=0) for node C:

TOC (size=0) for node H:

TOC (size=0) for node N:

TOC (size=6) for node target_state:
ip                       18196     18225
geometry                 18225     19097
manual_atoms_reordering     19097     19213
normal_modes             19213     34340
manual_normal_modes_reordering     34340     34541
frequencies              34541     35407

===== Reading the target state #0 =====
TOC (size=0) for node ip:

TOC (size=0) for node geometry:

TOC (size=0) for node C:

TOC (size=0) for node N:

TOC (size=0) for node C:

TOC (size=0) for node H:

TOC (size=0) for node N:

TOC (size=0) for node H:

TOC (size=0) for node C:

TOC (size=0) for node N:

TOC (size=0) for node C:

TOC (size=0) for node H:

TOC (size=0) for node N:

TOC (size=0) for node C:

TOC (size=0) for node N:

TOC (size=0) for node H:

TOC (size=0) for node H:

TOC (size=0) for node normal_modes:

TOC (size=0) for node frequencies:

TOC (size=0) for node C:

TOC (size=0) for node N:

TOC (size=0) for node C:

TOC (size=0) for node H:

TOC (size=0) for node N:

TOC (size=0) for node H:

TOC (size=0) for node C:

TOC (size=0) for node N:

TOC (size=0) for node C:

TOC (size=0) for node H:

TOC (size=0) for node N:

TOC (size=0) for node C:

TOC (size=0) for node N:

TOC (size=0) for node H:

TOC (size=0) for node H:

TOC (size=0) for node manual_normal_modes_reordering:

New normal modes order was requested:
 11 0 1 3 2 10 6 5 9 4 8 7 12 13 14 17 15 16 19 18 21 20 22 23 24 25 26 28 27 30 29 31 32 33 34 35 36 37 38 
Normal modes were reordered accordingly.
TOC (size=0) for node manual_atoms_reordering:

New order of atoms was requested:
0 6 7 8 9 10 11 12 13 14 4 5 2 3 1
Atoms were reordered accordingly.
Done reading states

Coordinate axes were aligned with MOI principal axes; center mass was shifted to the origin.

New molecular geometry:
   C     -0.0003      -0.5233      -0.1966 
   C      0.0009       0.7803      -0.6806 
   N      0.0003       1.9045       0.0439 
   C     -0.0008       1.6398       1.3478 
   H     -0.0025       2.5001       2.0115 
   N     -0.0008       0.4455       1.9593 
   C      0.0000      -0.6610       1.2048 
   N      0.0024      -1.8681       1.8074 
   H     -0.0057      -2.7110       1.2591 
   H     -0.0064      -1.9129       2.8124 
   N      0.0009       0.6423      -2.0468 
   H      0.0024       1.3944      -2.7171 
   C     -0.0007      -0.7091      -2.3060 
   H     -0.0007      -1.0879      -3.3181 
   N     -0.0013      -1.4449      -1.2268 

MOI tensor:
                0           1           2
    0  532.636909    0.000000   -0.000000
    1    0.000000  320.496518   -0.000000
    2   -0.000000   -0.000000  212.140862


Coordinate axes were aligned with MOI principal axes; center mass was shifted to the origin.
Also rotated by 2/2*pi, 2/2*pi, and 3/2*pi CCW around x, y, and z.
The norm of the geometry difference from the initial state is 0.2086

New molecular geometry:
   C     -0.0000      -0.5478      -0.2011 
   C      0.0000       0.7860      -0.7106 
   N      0.0000       1.8802      -0.0125 
   C     -0.0001       1.6413       1.3460 
   H      0.0002       2.5317       1.9665 
   N     -0.0000       0.4845       1.9669 
   C      0.0000      -0.6527       1.2305 
   N      0.0000      -1.8168       1.8466 
   H      0.0001      -2.6869       1.3272 
   H      0.0001      -1.8393       2.8611 
   N      0.0001       0.6082      -2.0823 
   H      0.0003       1.3414      -2.7808 
   C     -0.0001      -0.7239      -2.3020 
   H     -0.0001      -1.1439      -3.2988 
   N      0.0000      -1.4577      -1.1779 

MOI tensor:
                0           1           2
    0  533.768319   -0.000000   -0.000000
    1   -0.000000  324.801082   -0.000000
    2   -0.000000   -0.000000  208.967239


Done doing transformations
------------------------------------------------------------------------------
TOC (size=1) for node parallel_approximation:
energy_thresholds          438       628


=== Reading the parallel approximation job parameters ===
TOC (size=2) for node energy_thresholds:
initial_state              482       544
target_state               544       605

Reading energy thresholds .. 
TOC (size=0) for node initial_state:

TOC (size=0) for node target_state:


===== Overlap matrix of the target state #1 with the initial state =====
WARNING! The normal mmodes overlap matrix whith the initial state
         is non-diagonal! Consider normal modes reordering.

  The non diagonal part of the normal modes overlap matrix (do_not_excite_subspace is excluded):
            5       8      11      12      22      24      25      26      28      32      33
    5   0.545   0.389   0.411   0.215      --      --      --      --      --      --      --
    8  -0.095   0.734  -0.035  -0.646  -0.002      --  -0.001   0.001  -0.001   0.001   0.003
   11  -0.674   0.031   0.702   0.098  -0.001      --      --      --      --      --      --
   12  -0.176   0.410  -0.350   0.605      --      --      --      --      --      --   0.002
   22   0.002  -0.005      --      --  -0.600  -0.521  -0.166   0.128  -0.012  -0.060  -0.147
   24      --  -0.002      --      --  -0.501   0.479  -0.181  -0.241   0.510  -0.140  -0.017
   25      --      --      --      --   0.041  -0.257   0.603   0.228   0.601  -0.071  -0.151
   26      --  -0.001      --      --   0.105  -0.484  -0.108  -0.719      --  -0.176   0.046
   28      --      --      --      --   0.299  -0.128  -0.631   0.246   0.349  -0.090  -0.191
   32      --      --      --      --  -0.009  -0.033  -0.161   0.013   0.082   0.653  -0.459
   33   0.001  -0.002      --      --  -0.066  -0.109  -0.056  -0.050   0.197   0.644   0.638

------------------------------------------------------------------------------

Photoelectron spectrum in the parallel approximation will be evaluated

===== Target state #1 =====

Difference (dQ) between the initial and the target state geometries.
Angstrom*sqrt(amu):

normal mode  dQ in initial  dQ in target   frequency   frequency   comments
  number      state coord.  state coord.    initial      target

       0      -0.014981        0.008775       124.01     662.91
       1       0.003847       -0.008328       169.29     137.60
       2      -0.000676       -0.002785       220.24     215.65
       3       0.052443        0.055299       279.31     282.55
       4       0.002601        0.002900       303.34     275.50
       5      -0.003418       -0.003331       521.13     651.17
       6      -0.096845       -0.102159       526.49     528.54
       7       0.033652        0.041625       535.79     509.92
       8      -0.002929       -0.001709       543.84     614.18
       9      -0.000448       -0.001030       580.57     457.38
      10       0.100805        0.101036       624.17     611.88
      11       0.000069        0.001758       672.14     560.49
      12       0.000598        0.006541       697.12     721.51
      13      -0.084571       -0.064248       737.24     742.42
      14       0.000974        0.000855       818.97     800.78
      15      -0.000472       -0.000292       871.30     937.50
      16      -0.026215        0.003362       910.70     891.90
      17      -0.047355       -0.063448       952.82     927.53
      18       0.000495       -0.000465      1003.95    1014.48
      19      -0.009133        0.010720      1024.55    1014.11
      20      -0.042233        0.000483      1107.77    1147.85
      21      -0.059994       -0.107203      1168.80    1132.84
      22      -0.041924        0.058287      1265.67    1217.31
      23       0.053494        0.048515      1288.10    1237.92
      24      -0.067814        0.025893      1362.69    1340.67
      25      -0.013434       -0.036957      1390.26    1416.06
      26      -0.093447        0.069335      1403.30    1458.56
      27      -0.041509        0.028783      1448.71    1471.54
      28      -0.033319       -0.057072      1475.53    1462.55
      29      -0.020962       -0.028991      1540.77    1539.62
      30      -0.129058        0.109953      1565.04    1502.41
      31      -0.015511       -0.071036      1637.04    1612.66
      32       0.077938        0.089903      1687.33    1692.05
      33      -0.065794        0.016890      1697.39    1699.89
      34      -0.003786       -0.000295      3212.18    3248.66
      35      -0.000484       -0.002953      3299.30    3307.01
      36       0.011931        0.015094      3661.27    3575.34
      37       0.003919       -0.006024      3721.95    3671.58
      38      -0.000217       -0.000489      3806.47    3714.66


TARGET state normal coordinates (displacements dQ) will be used.

Maximum number of vibrational excitations: 3 and 3
 in the initial and each target state, respectively.

Maximum number of combination bands = 131790400
   = 11480 (# of vibrational states in the initial electronic state)
   * 11480 (# of vibrational states in the target electronic state)

A set of initial vibrational states is being created...
  energy threshold = 0.09 eV (1000.00 K)
  54 vibrational states below the energy threshold

A set of target vibrational states is being created...
  energy threshold = 0.25 eV (2016.37 cm-1)
  1466 vibrational states below the energy threshold

Total number of combination bands with thresholds applied: 79164

Intensities of combination bands are being calculated...
------------------------------------------------------------------------------
           Stick photoelectron spectrum (parallel approximation)
------------------------------------------------------------------------------

WARNING! The normal modes of one of the target states were reordered!
         New order is used for the target state assignment.

Energy,eV    Intensity     FC factor         E",K   Transition

 0.0653      1.054417e-03  -1.147645e-01   757.506  0(1v6)->1(0)
 0.0347      5.040439e-03  -1.931223e-01   600.420  0(2v0,1v1)->1(1v1)
 0.0342      2.673104e-03  -1.939588e-01   793.289  0(2v0,1v4)->1(1v4)
 0.0313      3.990876e-03  -1.941749e-01   673.726  0(2v0,1v2)->1(1v2)
 0.0308      1.147800e-02  -1.941905e-01   356.848  0(2v0)->1(0)
 0.0303      2.930575e-03  -1.917134e-01   758.715  0(2v0,1v3)->1(1v3)
 0.0153      9.804588e-03  +3.984157e-01   835.316  0(1v9)->1(1v9)
 0.0138      6.357233e-03  +3.995944e-01   967.065  0(1v11)->1(1v11)
 0.0118      1.319744e-02  +3.882888e-01   730.716  0(3v1)->1(3v1)
 0.0113      7.153210e-03  +3.942428e-01   923.585  0(2v1,1v4)->1(2v1,1v4)
 0.0084      1.067956e-02  +3.946821e-01   804.022  0(2v1,1v2)->1(2v1,1v2)
 0.0079      5.725249e-03  +3.985394e-01   996.891  0(1v1,1v2,1v4)->1(1v1,1v2,1v4)
 0.0079      3.071507e-02  +3.947138e-01   487.144  0(2v1)->1(2v1)
 0.0075      7.842201e-03  +3.896788e-01   889.011  0(2v1,1v3)->1(2v1,1v3)
 0.0074      1.646616e-02  +3.985715e-01   680.013  0(1v1,1v4)->1(1v1,1v4)
 0.0069      8.712292e-03  +3.998339e-01   872.882  0(2v4)->1(2v4)
 0.0051      8.546704e-03  +3.989613e-01   877.328  0(1v1,2v2)->1(1v1,2v2)
 0.0045      2.458357e-02  +3.990155e-01   560.450  0(1v1,1v2)->1(1v1,1v2)
 0.0041      6.276700e-03  +3.939256e-01   962.317  0(1v1,1v2,1v3)->1(1v1,1v2,1v3)
 0.0040      1.303744e-02  +4.007439e-01   753.319  0(1v2,1v4)->1(1v2,1v4)
 0.0039      7.070383e-02  +3.990477e-01   243.572  0(1v1)->1(1v1)
 0.0035      1.805217e-02  +3.939574e-01   645.439  0(1v1,1v3)->1(1v1,1v3)
 0.0035      3.749647e-02  +4.007762e-01   436.441  0(1v4)->1(1v4)
 0.0032      1.199115e-02  +3.957464e-01   770.887  0(1v7)->1(1v7)
 0.0031      9.573636e-03  +3.956638e-01   838.308  0(1v3,1v4)->1(1v3,1v4)
 0.0017      6.765537e-03  +4.010914e-01   950.634  0(3v2)->1(3v2)
 0.0015      6.628662e-03  +3.636980e-01   898.047  0(1v10)->1(1v10)
 0.0011      1.946241e-02  +4.011682e-01   633.756  0(2v2)->1(2v2)
 0.0006      5.598129e-02  +4.012227e-01   316.878  0(1v2)->1(1v2)
 0.0002      1.429320e-02  +3.961047e-01   718.745  0(1v2,1v3)->1(1v2,1v3)
 0.0000      1.610056e-01  +4.012550e-01     0.000  0(0)->1(0)
-0.0003      1.087070e-02  +3.684937e-01   757.506  0(1v6)->1(1v6)
-0.0004      4.110810e-02  +3.961365e-01   401.867  0(1v3)->1(1v3)
-0.0008      1.049366e-02  +3.910443e-01   803.734  0(2v3)->1(2v3)
-0.0087      1.181609e-02  +4.005041e-01   782.469  0(1v8)->1(1v8)
-0.0122      5.735147e-03  +3.965472e-01   993.366  0(1v1,1v5)->1(1v1,1v5)
-0.0161      1.305998e-02  +3.987407e-01   749.794  0(1v5)->1(1v5)
-0.0302      1.127101e-03  -5.038309e-02   243.572  0(1v1)->1(3v1)
-0.0350      2.039337e-03  -4.515902e-02     0.000  0(0)->1(1v3)
-0.0354      1.048704e-03  -6.327143e-02   401.867  0(1v3)->1(2v3)
-0.0361      1.008313e-02  -2.450418e-01   535.271  0(3v0)->1(1v0)
-0.0451      1.084490e-03  +5.969084e-02   356.848  0(2v0)->1(1v10)
-0.0577      2.502867e-03  +1.126745e-01   487.144  0(2v1)->1(2v1,1v6)
-0.0582      1.341772e-03  +1.137757e-01   680.013  0(1v1,1v4)->1(1v1,1v4,1v6)
-0.0590      8.994135e-03  +2.875635e-01   665.568  0(1v0,2v1)->1(1v0,2v1)
-0.0594      4.821702e-03  +2.903740e-01   858.437  0(1v0,1v1,1v4)->1(1v0,1v1,1v4)
-0.0610      2.003232e-03  +1.139024e-01   560.450  0(1v1,1v2)->1(1v1,1v2,1v6)
-0.0615      1.062377e-03  +1.143958e-01   753.319  0(1v2,1v4)->1(1v2,1v4,1v6)
-0.0616      5.761417e-03  +1.139116e-01   243.572  0(1v1)->1(1v1,1v6)
-0.0620      1.471011e-03  +1.124585e-01   645.439  0(1v1,1v3)->1(1v1,1v3,1v6)
-0.0621      3.055461e-03  +1.144050e-01   436.441  0(1v4)->1(1v4,1v6)
-0.0623      7.198679e-03  +2.906975e-01   738.874  0(1v0,1v1,1v2)->1(1v0,1v1,1v2)
-0.0628      3.817687e-03  +2.919567e-01   931.743  0(1v0,1v2,1v4)->1(1v0,1v2,1v4)
-0.0629      2.070384e-02  +2.907209e-01   421.996  0(1v0,1v1)->1(1v0,1v1)
-0.0632      2.215203e-03  -4.706595e-02     0.000  0(0)->1(1v7)
-0.0633      5.286124e-03  +2.870124e-01   823.863  0(1v0,1v1,1v3)->1(1v0,1v1,1v3)
-0.0634      1.097990e-02  +2.919802e-01   614.865  0(1v0,1v4)->1(1v0,1v4)
-0.0636      3.511307e-03  +2.883158e-01   949.311  0(1v0,1v7)->1(1v0,1v7)
-0.0644      1.585926e-03  +1.145169e-01   633.756  0(2v2)->1(2v2,1v6)
-0.0650      4.561726e-03  +1.145325e-01   316.878  0(1v2)->1(1v2,1v6)
-0.0654      1.164704e-03  +1.130715e-01   718.745  0(1v2,1v3)->1(1v2,1v3,1v6)
-0.0655      1.311980e-02  +1.145417e-01     0.000  0(0)->1(1v6)
-0.0657      5.699078e-03  +2.922657e-01   812.180  0(1v0,2v2)->1(1v0,2v2)
-0.0658      1.928719e-03  +1.552157e-01   757.506  0(1v6)->1(2v6)
-0.0659      3.349761e-03  +1.130806e-01   401.867  0(1v3)->1(1v3,1v6)
-0.0662      1.639271e-02  +2.923055e-01   495.302  0(1v0,1v2)->1(1v0,1v2)
-0.0666      4.185403e-03  +2.885768e-01   897.169  0(1v0,1v2,1v3)->1(1v0,1v2,1v3)
-0.0668      4.714643e-02  +2.923290e-01   178.424  0(1v0)->1(1v0)
-0.0671      3.183212e-03  +2.684612e-01   935.930  0(1v0,1v6)->1(1v0,1v6)
-0.0672      1.203747e-02  +2.886000e-01   580.291  0(1v0,1v3)->1(1v0,1v3)
-0.0676      3.072806e-03  +2.848901e-01   982.158  0(1v0,2v3)->1(1v0,2v3)
-0.0680      2.902089e-03  -1.213283e-01   487.144  0(2v1)->1(2v1,1v10)
-0.0685      1.555792e-03  -1.225140e-01   680.013  0(1v1,1v4)->1(1v1,1v4,1v10)
-0.0714      2.322759e-03  -1.226505e-01   560.450  0(1v1,1v2)->1(1v1,1v2,1v10)
-0.0718      1.231832e-03  -1.231818e-01   753.319  0(1v2,1v4)->1(1v2,1v4,1v10)
-0.0719      6.680395e-03  -1.226604e-01   243.572  0(1v1)->1(1v1,1v10)
-0.0723      1.705645e-03  -1.210957e-01   645.439  0(1v1,1v3)->1(1v1,1v3,1v10)
-0.0724      3.542824e-03  -1.231917e-01   436.441  0(1v4)->1(1v4,1v10)
-0.0727      1.132974e-03  -1.216457e-01   770.887  0(1v7)->1(1v7,1v10)
-0.0743      1.399569e-03  -1.671187e-01   898.047  0(1v10)->1(2v10)
-0.0747      1.838890e-03  -1.233122e-01   633.756  0(2v2)->1(2v2,1v10)
-0.0753      5.289347e-03  -1.233290e-01   316.878  0(1v2)->1(1v2,1v10)
-0.0755      3.460044e-03  +2.917819e-01   960.893  0(1v0,1v8)->1(1v0,1v8)
-0.0757      1.350481e-03  -1.217558e-01   718.745  0(1v2,1v3)->1(1v2,1v3,1v10)
-0.0759      1.521248e-02  -1.233389e-01     0.000  0(0)->1(1v10)
-0.0761      1.027110e-03  -1.132686e-01   757.506  0(1v6)->1(1v6,1v10)
-0.0763      3.884066e-03  -1.217656e-01   401.867  0(1v3)->1(1v3,1v10)
-0.0817      1.064214e-03  +1.138240e-01   749.794  0(1v5)->1(1v5,1v6)
-0.0829      3.824287e-03  +2.904972e-01   928.218  0(1v0,1v5)->1(1v0,1v5)
-0.0842      1.386160e-03  +8.385198e-02   487.144  0(2v1)->1(2v1,1v13)
-0.0846      1.116434e-03  -1.231081e-01   782.469  0(1v8)->1(1v8,1v10)
-0.0876      1.109448e-03  +8.476582e-02   560.450  0(1v1,1v2)->1(1v1,1v2,1v13)
-0.0881      3.190839e-03  +8.477265e-02   243.572  0(1v1)->1(1v1,1v13)
-0.0886      1.692203e-03  +8.513985e-02   436.441  0(1v4)->1(1v4,1v13)
-0.0915      2.526416e-03  +8.523471e-02   316.878  0(1v2)->1(1v2,1v13)
-0.0920      1.233962e-03  -1.225660e-01   749.794  0(1v5)->1(1v5,1v10)
-0.0920      7.266125e-03  +8.524157e-02     0.000  0(0)->1(1v13)
-0.0925      1.855194e-03  +8.415422e-02   401.867  0(1v3)->1(1v3,1v13)
-0.1058      1.003835e-03  -8.618453e-02   600.420  0(2v0,1v1)->1(1v1,1v21)
-0.1071      1.746891e-03  +9.413247e-02   487.144  0(2v1)->1(2v1,1v17)
-0.1097      2.285916e-03  -8.666126e-02   356.848  0(2v0)->1(1v21)
-0.1105      1.398167e-03  +9.515835e-02   560.450  0(1v1,1v2)->1(1v1,1v2,1v17)
-0.1111      4.021214e-03  +9.516601e-02   243.572  0(1v1)->1(1v1,1v17)
-0.1115      1.026700e-03  +9.395206e-02   645.439  0(1v1,1v3)->1(1v1,1v3,1v17)
-0.1115      2.132577e-03  +9.557824e-02   436.441  0(1v4)->1(1v4,1v17)
-0.1134      1.133817e-03  -3.367220e-02     0.000  0(0)->1(2v9)
-0.1139      1.106906e-03  +9.567171e-02   633.756  0(2v2)->1(2v2,1v17)
-0.1144      3.183883e-03  +9.568472e-02   316.878  0(1v2)->1(1v2,1v17)
-0.1150      9.157040e-03  +9.569243e-02     0.000  0(0)->1(1v17)
-0.1154      2.337985e-03  +9.447176e-02   401.867  0(1v3)->1(1v3,1v17)
-0.1252      1.952645e-03  +1.778006e-01   835.316  0(1v9)->1(1v9,1v21)
-0.1266      1.266083e-03  +1.783267e-01   967.065  0(1v11)->1(1v11,1v21)
-0.1284      1.687086e-03  +8.298878e-02   421.996  0(1v0,1v1)->1(1v0,1v1,1v6)
-0.1297      1.890478e-03  +1.182726e-01   600.420  0(2v0,1v1)->1(2v0,1v1)
-0.1302      1.002580e-03  +1.187849e-01   793.289  0(2v0,1v4)->1(2v0,1v4)
-0.1318      1.335787e-03  +8.344111e-02   495.302  0(1v0,1v2)->1(1v0,1v2,1v6)
-0.1323      3.841804e-03  +8.344783e-02   178.424  0(1v0)->1(1v0,1v6)
-0.1326      6.117097e-03  +1.761486e-01   487.144  0(2v1)->1(2v1,1v21)
-0.1331      1.496827e-03  +1.189172e-01   673.726  0(2v0,1v2)->1(2v0,1v2)
-0.1331      3.279339e-03  +1.778702e-01   680.013  0(1v1,1v4)->1(1v1,1v4,1v21)
-0.1336      1.735107e-03  +1.784336e-01   872.882  0(2v4)->1(2v4,1v21)
-0.1336      4.304966e-03  +1.189268e-01   356.848  0(2v0)->1(2v0)
-0.1340      1.099148e-03  +1.174098e-01   758.715  0(2v0,1v3)->1(2v0,1v3)
-0.1360      4.895970e-03  +1.780684e-01   560.450  0(1v1,1v2)->1(1v1,1v2,1v21)
-0.1364      2.596488e-03  +1.788397e-01   753.319  0(1v2,1v4)->1(1v2,1v4,1v21)
-0.1365      1.408111e-02  +1.780827e-01   243.572  0(1v1)->1(1v1,1v21)
-0.1369      3.595202e-03  +1.758110e-01   645.439  0(1v1,1v3)->1(1v1,1v3,1v21)
-0.1370      7.467656e-03  +1.788541e-01   436.441  0(1v4)->1(1v4,1v21)
-0.1372      2.388112e-03  +1.766095e-01   770.887  0(1v7)->1(1v7,1v21)
-0.1374      1.906649e-03  +1.765726e-01   838.308  0(1v3,1v4)->1(1v3,1v4,1v21)
-0.1388      1.956186e-03  -8.936260e-02   421.996  0(1v0,1v1)->1(1v0,1v1,1v10)
-0.1389      1.320139e-03  +1.623072e-01   898.047  0(1v10)->1(1v10,1v21)
-0.1392      1.037427e-03  -8.974969e-02   614.865  0(1v0,1v4)->1(1v0,1v4,1v10)
-0.1393      3.876060e-03  +1.790290e-01   633.756  0(2v2)->1(2v2,1v21)
-0.1399      1.114902e-02  +1.790533e-01   316.878  0(1v2)->1(1v2,1v21)
-0.1403      2.846579e-03  +1.767693e-01   718.745  0(1v2,1v3)->1(1v2,1v3,1v21)
-0.1405      3.206526e-02  +1.790678e-01     0.000  0(0)->1(1v21)
-0.1407      2.164968e-03  +1.644474e-01   757.506  0(1v6)->1(1v6,1v21)
-0.1409      8.186934e-03  +1.767835e-01   401.867  0(1v3)->1(1v3,1v21)
-0.1413      2.089878e-03  +1.745110e-01   803.734  0(2v3)->1(2v3,1v21)
-0.1414      1.239614e-03  -3.520815e-02     0.000  0(0)->1(1v6,1v10)
-0.1421      1.548852e-03  -8.984968e-02   495.302  0(1v0,1v2)->1(1v0,1v2,1v10)
-0.1427      4.454593e-03  -8.985691e-02   178.424  0(1v0)->1(1v0,1v10)
-0.1431      1.957916e-03  -9.965604e-02   487.144  0(2v1)->1(2v1,1v22)
-0.1431      1.137351e-03  -8.871068e-02   580.291  0(1v0,1v3)->1(1v0,1v3,1v10)
-0.1435      1.049627e-03  -1.006300e-01   680.013  0(1v1,1v4)->1(1v1,1v4,1v22)
-0.1456      1.380449e-03  -8.367905e-02   487.144  0(2v1)->1(2v1,1v23)
-0.1464      1.567066e-03  -1.007421e-01   560.450  0(1v1,1v2)->1(1v1,1v2,1v22)
-0.1470      4.506978e-03  -1.007502e-01   243.572  0(1v1)->1(1v1,1v22)
-0.1474      1.150726e-03  -9.946505e-02   645.439  0(1v1,1v3)->1(1v1,1v3,1v22)
-0.1475      2.390193e-03  -1.011866e-01   436.441  0(1v4)->1(1v4,1v22)
-0.1490      1.104876e-03  -8.459101e-02   560.450  0(1v1,1v2)->1(1v1,1v2,1v23)
-0.1491      2.299587e-03  +1.929508e-01   835.316  0(1v9)->1(2v0,1v9)
-0.1492      2.353247e-03  +1.787326e-01   782.469  0(1v8)->1(1v8,1v21)
-0.1496      3.177691e-03  -8.459782e-02   243.572  0(1v1)->1(1v1,1v23)
-0.1498      1.240621e-03  -1.012856e-01   633.756  0(2v2)->1(2v2,1v22)
-0.1500      1.685230e-03  -8.496427e-02   436.441  0(1v4)->1(1v4,1v23)
-0.1501      1.147897e-03  +6.141103e-02   356.848  0(2v0)->1(1v26)
-0.1504      3.568498e-03  -1.012994e-01   316.878  0(1v2)->1(1v2,1v22)
-0.1505      1.491038e-03  +1.935217e-01   967.065  0(1v11)->1(2v0,1v11)
-0.1509      1.026322e-02  -1.013075e-01     0.000  0(0)->1(1v22)
-0.1513      2.620414e-03  -1.000152e-01   401.867  0(1v3)->1(1v3,1v22)
-0.1516      1.413732e-03  +1.022779e-01   600.420  0(2v0,1v1)->1(1v1,1v30)
-0.1526      1.142190e-03  +1.769668e-01   993.366  0(1v1,1v5)->1(1v1,1v5,1v21)
-0.1529      2.516006e-03  -8.505892e-02   316.878  0(1v2)->1(1v2,1v23)
-0.1535      7.236186e-03  -8.506577e-02     0.000  0(0)->1(1v23)
-0.1539      1.847550e-03  -8.398066e-02   401.867  0(1v3)->1(1v3,1v23)
-0.1550      1.119353e-03  +1.028354e-01   673.726  0(2v0,1v2)->1(1v2,1v30)
-0.1555      3.219327e-03  +1.028436e-01   356.848  0(2v0)->1(1v30)
-0.1566      2.600976e-03  +1.779457e-01   749.794  0(1v5)->1(1v5,1v21)
-0.1589      2.127702e-03  +6.210161e-02   178.424  0(1v0)->1(1v0,1v13)
-0.1605      1.658302e-02  +1.932569e-01   243.572  0(1v1)->1(2v0,1v1)
-0.1609      8.794497e-03  +1.940940e-01   436.441  0(1v4)->1(2v0,1v4)
-0.1612      2.812428e-03  +1.916582e-01   770.887  0(1v7)->1(2v0,1v7)
-0.1629      1.554700e-03  +1.761373e-01   898.047  0(1v10)->1(2v0,1v10)
-0.1638      1.312996e-02  +1.943103e-01   316.878  0(1v2)->1(2v0,1v2)
-0.1644      3.776257e-02  +1.943259e-01     0.000  0(0)->1(2v0)
-0.1646      2.549636e-03  +1.784598e-01   757.506  0(1v6)->1(2v0,1v6)
-0.1648      9.641575e-03  +1.918471e-01   401.867  0(1v3)->1(2v0,1v3)
-0.1662      2.181258e-03  -4.670394e-02     0.000  0(0)->1(1v24)
-0.1692      1.406063e-03  -6.796688e-02   356.848  0(2v0)->1(1v31)
-0.1710      2.749971e-03  -2.110016e-01   835.316  0(1v9)->1(1v9,1v30)
-0.1716      1.990842e-03  +6.696096e-02   243.572  0(1v1)->1(1v1,1v25)
-0.1721      1.055806e-03  +6.725101e-02   436.441  0(1v4)->1(1v4,1v25)
-0.1730      3.071766e-03  -1.248247e-01   487.144  0(2v1)->1(2v1,1v26)
-0.1731      2.771369e-03  +1.939623e-01   782.469  0(1v8)->1(2v0,1v8)
-0.1735      1.646755e-03  -1.260447e-01   680.013  0(1v1,1v4)->1(1v1,1v4,1v26)
-0.1735      2.189158e-03  +1.053768e-01   487.144  0(2v1)->1(2v1,1v28)
-0.1740      1.173594e-03  +1.064067e-01   680.013  0(1v1,1v4)->1(1v1,1v4,1v28)
-0.1750      1.576292e-03  +6.732593e-02   316.878  0(1v2)->1(1v2,1v25)
-0.1751      1.019424e-03  +8.685115e-02   600.420  0(2v0,1v1)->1(1v1,1v32)
-0.1756      4.533511e-03  +6.733135e-02     0.000  0(0)->1(1v25)
-0.1760      1.157501e-03  +6.647247e-02   401.867  0(1v3)->1(1v3,1v25)
-0.1763      2.458564e-03  -1.261851e-01   560.450  0(1v1,1v2)->1(1v1,1v2,1v26)
-0.1765      2.008118e-03  -1.093546e-01   535.271  0(3v0)->1(1v0,1v21)
-0.1768      1.303854e-03  -1.267317e-01   753.319  0(1v2,1v4)->1(1v2,1v4,1v26)
-0.1768      1.752147e-03  +1.065253e-01   560.450  0(1v1,1v2)->1(1v1,1v2,1v28)
-0.1769      7.070978e-03  -1.261953e-01   243.572  0(1v1)->1(1v1,1v26)
-0.1773      1.805369e-03  -1.245855e-01   645.439  0(1v1,1v3)->1(1v1,1v3,1v26)
-0.1774      3.749963e-03  -1.267419e-01   436.441  0(1v4)->1(1v4,1v26)
-0.1774      5.039280e-03  +1.065338e-01   243.572  0(1v1)->1(1v1,1v28)
-0.1776      1.199216e-03  -1.251513e-01   770.887  0(1v7)->1(1v7,1v26)
-0.1778      1.286634e-03  +1.051749e-01   645.439  0(1v1,1v3)->1(1v1,1v3,1v28)
-0.1779      2.672489e-03  +1.069953e-01   436.441  0(1v4)->1(1v4,1v28)
-0.1779      1.177511e-03  +6.933193e-02   421.996  0(1v0,1v1)->1(1v0,1v1,1v17)
-0.1784      8.614900e-03  -2.090411e-01   487.144  0(2v1)->1(2v1,1v30)
-0.1785      1.258423e-03  -5.323738e-02   243.572  0(1v1)->1(1v1,1v27)
-0.1789      4.618396e-03  -2.110841e-01   680.013  0(1v1,1v4)->1(1v1,1v4,1v30)
-0.1790      2.321414e-03  +8.733157e-02   356.848  0(2v0)->1(1v32)
-0.1797      1.946405e-03  -1.268659e-01   633.756  0(2v2)->1(2v2,1v26)
-0.1802      1.387146e-03  +1.070999e-01   633.756  0(2v2)->1(2v2,1v28)
-0.1803      5.598600e-03  -1.268831e-01   316.878  0(1v2)->1(1v2,1v26)
-0.1805      3.063114e-03  +1.931082e-01   749.794  0(1v5)->1(2v0,1v5)
-0.1807      1.429440e-03  -1.252646e-01   718.745  0(1v2,1v3)->1(1v2,1v3,1v26)
-0.1808      3.989959e-03  +1.071145e-01   316.878  0(1v2)->1(1v2,1v28)
-0.1808      1.610191e-02  -1.268933e-01     0.000  0(0)->1(1v26)
-0.1811      1.087162e-03  -1.165329e-01   757.506  0(1v6)->1(1v6,1v26)
-0.1812      1.018720e-03  +1.057481e-01   718.745  0(1v2,1v3)->1(1v2,1v3,1v28)
-0.1812      4.111156e-03  -1.252746e-01   401.867  0(1v3)->1(1v3,1v26)
-0.1813      1.147536e-02  +1.071231e-01     0.000  0(0)->1(1v28)
-0.1817      2.929901e-03  +1.057567e-01   401.867  0(1v3)->1(1v3,1v28)
-0.1818      6.895148e-03  -2.113193e-01   560.450  0(1v1,1v2)->1(1v1,1v2,1v30)
-0.1818      2.681409e-03  +6.971544e-02   178.424  0(1v0)->1(1v0,1v17)
-0.1823      3.656715e-03  -2.122347e-01   753.319  0(1v2,1v4)->1(1v2,1v4,1v30)
-0.1823      1.983087e-02  -2.113363e-01   243.572  0(1v1)->1(1v1,1v30)
-0.1824      2.865661e-03  -5.353187e-02     0.000  0(0)->1(1v27)
-0.1827      5.063236e-03  -2.086405e-01   645.439  0(1v1,1v3)->1(1v1,1v3,1v30)
-0.1828      1.051693e-02  -2.122518e-01   436.441  0(1v4)->1(1v4,1v30)
-0.1831      3.363253e-03  -2.095880e-01   770.887  0(1v7)->1(1v7,1v30)
-0.1851      5.458778e-03  -2.124593e-01   633.756  0(2v2)->1(2v2,1v30)
-0.1857      1.570152e-02  -2.124882e-01   316.878  0(1v2)->1(1v2,1v30)
-0.1861      4.008927e-03  -2.097777e-01   718.745  0(1v2,1v3)->1(1v2,1v3,1v30)
-0.1863      4.515852e-02  -2.125053e-01     0.000  0(0)->1(1v30)
-0.1867      1.152992e-02  -2.097946e-01   401.867  0(1v3)->1(1v3,1v30)
-0.1870      1.357839e-03  +5.530030e-02   243.572  0(1v1)->1(1v1,1v29)
-0.1903      1.075099e-03  +5.560172e-02   316.878  0(1v2)->1(1v2,1v29)
-0.1909      3.092049e-03  +5.560620e-02     0.000  0(0)->1(1v29)
-0.1921      3.762617e-03  +1.381502e-01   487.144  0(2v1)->1(2v1,1v31)
-0.1954      3.011504e-03  +1.396558e-01   560.450  0(1v1,1v2)->1(1v1,1v2,1v31)
-0.1960      8.661268e-03  +1.396671e-01   243.572  0(1v1)->1(1v1,1v31)
-0.1965      4.593344e-03  +1.402721e-01   436.441  0(1v4)->1(1v4,1v31)
-0.1994      6.857747e-03  +1.404283e-01   316.878  0(1v2)->1(1v2,1v31)
-0.1999      1.972330e-02  +1.404397e-01     0.000  0(0)->1(1v31)
-0.2003      5.035771e-03  +1.386482e-01   401.867  0(1v3)->1(1v3,1v31)
-0.2019      6.212091e-03  -1.775111e-01   487.144  0(2v1)->1(2v1,1v32)
-0.2021      1.147422e-03  +5.083524e-02   243.572  0(1v1)->1(1v1,1v6,1v21)
-0.2033      4.123298e-03  +1.297398e-01   421.996  0(1v0,1v1)->1(1v0,1v1,1v21)
-0.2059      1.429978e-02  -1.794601e-01   243.572  0(1v1)->1(1v1,1v32)
-0.2060      2.612890e-03  +5.111644e-02     0.000  0(0)->1(1v6,1v21)
-0.2063      7.583624e-03  -1.802375e-01   436.441  0(1v4)->1(1v4,1v32)
-0.2067      3.264710e-03  +1.304469e-01   495.302  0(1v0,1v2)->1(1v0,1v2,1v21)
-0.2073      9.389505e-03  +1.304574e-01   178.424  0(1v0)->1(1v0,1v21)
-0.2092      1.132216e-02  -1.804383e-01   316.878  0(1v2)->1(1v2,1v32)
-0.2098      3.256321e-02  -1.804528e-01     0.000  0(0)->1(1v32)
-0.2102      8.314071e-03  -1.781509e-01   401.867  0(1v3)->1(1v3,1v32)
-0.2108      1.156138e-03  -3.400203e-02     0.000  0(0)->1(1v33)
-0.2124      1.330442e-03  -5.473956e-02   243.572  0(1v1)->1(1v1,1v10,1v21)
-0.2158      1.053406e-03  -5.503792e-02   316.878  0(1v2)->1(1v2,1v10,1v21)
-0.2163      3.029661e-03  -5.504235e-02     0.000  0(0)->1(1v10,1v21)
-0.2177      3.005325e-03  -7.380625e-02   178.424  0(1v0)->1(1v0,1v22)
-0.2203      2.118935e-03  -6.197354e-02   178.424  0(1v0)->1(1v0,1v23)
-0.2299      3.077144e-03  +5.547201e-02     0.000  0(0)->1(2v0,1v6)
-0.2312      3.317345e-02  +2.452126e-01   178.424  0(1v0)->1(3v0)
-0.2325      1.447094e-03  +3.804069e-02     0.000  0(0)->1(1v13,1v21)
-0.2402      3.567966e-03  -5.973245e-02     0.000  0(0)->1(2v0,1v10)
-0.2464      1.312091e-03  -3.622279e-02     0.000  0(0)->1(1v6,1v26)
------------------------------------------------------------------------------

Stick spectrum was also saved in "adenine.xml.spectrum_parallel" file 
------------------------------------------------------------------------------

TOC (size=4) for node dushinsky_rotations:
energy_thresholds          810      1001
single_excitation         1001      1083
single_excitation         1083      1170
single_excitation         1170      1256



=== Reading the Dushinsky rotations job parameters ===

Target state number 1 from the input will be used

All normal modes modes will be excited

=== Photoelectron spectrum with the Dushinsky rotations will be evaluated ==== 

Determinant of the normal modes rotation matrix: |Det(S)| =  0.99924341
Number of normal modes to excite: 39

Size of layers with exactly K' excitations in the target state (in bytes):
   layer K'=0: 8
   layer K'=1: 312
   layer K'=2: 6.09 K
   layer K'=3: 83.28 K
Please be sure that you have enough memory to store all this layers,
otherwise use "max_vibr_to_store" tag to limit the memory use.
You also can reduce "max_vibr_excitations_in_target_el_state" value,
and/or use "single_excitation" elements to add higher excitations.

Layer K'=1 is being evaluated (will be saved in memory)... Done
19 points above the intensity threhold were added to the spectrum

Layer K'=2 is being evaluated (will be saved in memory)... Done
56 points above the intensity threhold were added to the spectrum

Layer K'=3 is being evaluated (will be saved in memory)... Done
19 points above the intensity threhold were added to the spectrum

TOC (size=2) for node energy_thresholds:
initial_state              855       917
target_state               917       978

TOC (size=0) for node initial_state:

TOC (size=0) for node target_state:

T=300.00 FCF thresh=0.03
Max quanta ini=3  Max quanta targ=3
Thresh[ini]=0.09  Thresh[targ]=0.25
Maximum number of combination bands = 131790400
   = 11480 (# of vibrational states in the initial electronic state)
   * 11480 (# of vibrational states in the target electronic state)

A set of initial vibrational states is being created...
  energy threshold = 0.09 eV (1000.00 K)
  53 vibrational states below the energy threshold

A set of target vibrational states is being created...
  energy threshold = 0.25 eV (2016.37 cm-1)
  1466 vibrational states below the energy threshold

Total number of combination bands with thresholds applied: 77698

Hot bands are being calculated...Done

1109 hot bands were added to the spectrum
Note: the Boltzmann distribution will be applied later

WARNING! The normal modes of the target state were reordered!
         New order is used for the single transitions.

The following single transitions were added to the spectrum:
TOC (size=0) for node single_excitation:

FCF=4.735618e-02 0(0)->1(4v0)
TOC (size=0) for node single_excitation:

FCF=5.363579e-02 0(0)->1(3v0,1v12)
TOC (size=0) for node single_excitation:

FCF=4.402473e-02 0(0)->1(2v0,2v12)

Updating the energies and applying the Boltzmann distribution...Done
  921 hotbands were removed from the spectrum

------------------------------------------------------------------------------
        Stick photoelectron spectrum (with Dushinsky rotations) 
------------------------------------------------------------------------------

WARNING! The normal modes of the target state were reordered!
         New order is used for the target state assignment.

Energy,eV    Intensity     FC factor         E",K   Transition

 0.0403      1.027585e-03  +9.719928e-02   665.568  0(1v0,2v1)->1(1v1)
 0.0364      1.273018e-03  -7.208883e-02   421.996  0(1v0,1v1)->1(0)
 0.0347      2.188959e-03  +1.272673e-01   600.420  0(2v0,1v1)->1(1v1)
 0.0342      2.001278e-03  -1.678245e-01   793.289  0(2v0,1v4)->1(1v4)
 0.0313      2.420058e-03  -1.512070e-01   673.726  0(2v0,1v2)->1(1v2)
 0.0308      8.938059e-03  -1.713628e-01   356.848  0(2v0)->1(0)
 0.0303      2.276794e-03  -1.689810e-01   758.715  0(2v0,1v3)->1(1v3)
 0.0291      1.391775e-03  -9.103888e-02   535.271  0(3v0)->1(1v1)
 0.0153      6.437849e-03  +3.228436e-01   835.316  0(1v9)->1(1v9)
 0.0142      1.485655e-03  -9.809036e-02   560.450  0(1v1,1v2)->1(2v1)
 0.0138      3.098361e-03  +2.789660e-01   967.065  0(1v11)->1(1v11)
 0.0118      8.602712e-03  -3.134928e-01   730.716  0(3v1)->1(3v1)
 0.0113      5.048335e-03  +3.311978e-01   923.585  0(2v1,1v4)->1(2v1,1v4)
 0.0108      1.217245e-03  +1.003268e-01   633.756  0(2v2)->1(1v1,1v2)
 0.0102      1.962578e-03  +7.512379e-02   316.878  0(1v2)->1(1v1)
 0.0084      5.668668e-03  +2.875486e-01   804.022  0(2v1,1v2)->1(2v1,1v2)
 0.0079      3.605057e-03  -3.162497e-01   996.891  0(1v1,1v2,1v4)->1(1v1,1v2,1v4)
 0.0079      2.280145e-02  +3.400853e-01   487.144  0(2v1)->1(2v1)
 0.0075      5.808199e-03  +3.353579e-01   889.011  0(2v1,1v3)->1(2v1,1v3)
 0.0074      1.341654e-02  -3.597744e-01   680.013  0(1v1,1v4)->1(1v1,1v4)
 0.0069      7.951112e-03  +3.819683e-01   872.882  0(2v4)->1(2v4)
 0.0062      3.141749e-03  +1.699573e-01   665.568  0(1v0,2v1)->1(3v1)
 0.0057      1.303046e-03  -1.509515e-01   858.437  0(1v0,1v1,1v4)->1(2v1,1v4)
 0.0051      4.637397e-03  -2.938790e-01   877.328  0(1v1,2v2)->1(1v1,2v2)
 0.0045      1.676218e-02  -3.294827e-01   560.450  0(1v1,1v2)->1(1v1,1v2)
 0.0041      4.269825e-03  -3.249029e-01   962.317  0(1v1,1v2,1v3)->1(1v1,1v2,1v3)
 0.0040      1.064200e-02  +3.620615e-01   753.319  0(1v2,1v4)->1(1v2,1v4)
 0.0039      6.021557e-02  -3.682627e-01   243.572  0(1v1)->1(1v1)
 0.0035      1.533891e-02  -3.631465e-01   645.439  0(1v1,1v3)->1(1v1,1v3)
 0.0035      3.553371e-02  +3.901459e-01   436.441  0(1v4)->1(1v4)
 0.0032      1.130804e-02  +3.843087e-01   770.887  0(1v7)->1(1v7)
 0.0031      9.050883e-03  +3.847099e-01   838.308  0(1v3,1v4)->1(1v3,1v4)
 0.0028      2.010662e-03  -1.536329e-01   738.874  0(1v0,1v1,1v2)->1(2v1,1v2)
 0.0026      1.041300e-03  +1.617236e-01   967.065  0(1v11)->1(1v5)
 0.0022      5.886261e-03  -1.550139e-01   421.996  0(1v0,1v1)->1(2v1)
 0.0021      1.759083e-03  +1.417598e-01   730.716  0(3v1)->1(2v1,1v2)
 0.0018      1.499480e-03  -1.528630e-01   823.863  0(1v0,1v1,1v3)->1(2v1,1v3)
 0.0018      1.834929e-03  +1.193614e-01   614.865  0(1v0,1v4)->1(1v1,1v4)
 0.0017      4.709496e-03  +3.346412e-01   950.634  0(3v2)->1(3v2)
 0.0015      6.370523e-03  +3.565460e-01   898.047  0(1v10)->1(1v10)
 0.0011      1.520355e-02  +3.545689e-01   633.756  0(2v2)->1(2v2)
 0.0006      4.908113e-02  +3.756828e-01   316.878  0(1v2)->1(1v2)
 0.0002      1.250259e-02  +3.704633e-01   718.745  0(1v2,1v3)->1(1v2,1v3)
 0.0000      1.584467e-01  +3.980536e-01     0.000  0(0)->1(0)
-0.0003      1.019048e-02  +3.567785e-01   757.506  0(1v6)->1(1v6)
-0.0004      4.036226e-02  +3.925265e-01   401.867  0(1v3)->1(1v3)
-0.0005      1.127232e-03  +1.299817e-01   812.180  0(1v0,2v2)->1(1v1,2v2)
-0.0008      1.027929e-02  +3.870293e-01   803.734  0(2v3)->1(2v3)
-0.0010      2.228652e-03  +2.471973e-01   993.366  0(1v1,1v5)->1(1v1,1v11)
-0.0011      3.068657e-03  +1.264695e-01   495.302  0(1v0,1v2)->1(1v1,1v2)
-0.0012      1.816594e-03  -1.627795e-01   804.022  0(2v1,1v2)->1(1v1,2v2)
-0.0017      8.224106e-03  +1.220933e-01   178.424  0(1v0)->1(1v1)
-0.0018      3.091158e-03  -1.252181e-01   487.144  0(2v1)->1(1v1,1v2)
-0.0021      2.095080e-03  +1.204007e-01   580.291  0(1v0,1v3)->1(1v1,1v3)
-0.0046      1.168495e-03  +1.475179e-01   877.328  0(1v1,2v2)->1(3v2)
-0.0049      5.869675e-03  -2.673168e-01   749.794  0(1v5)->1(1v11)
-0.0052      2.514820e-03  +1.276206e-01   560.450  0(1v1,1v2)->1(2v2)
-0.0057      4.059265e-03  +9.561522e-02   243.572  0(1v1)->1(1v2)
-0.0061      1.034090e-03  +9.428959e-02   645.439  0(1v1,1v3)->1(1v2,1v3)
-0.0087      6.221192e-03  +2.906075e-01   782.469  0(1v8)->1(1v8)
-0.0088      2.515798e-03  -2.018179e-01   835.316  0(1v9)->1(1v5)
-0.0108      1.343360e-03  +8.367730e-02   495.302  0(1v0,1v2)->1(2v2)
-0.0114      2.168142e-03  +6.268899e-02   178.424  0(1v0)->1(1v2)
-0.0122      1.462025e-03  -2.002165e-01   993.366  0(1v1,1v5)->1(1v1,1v5)
-0.0133      1.772900e-03  +1.551359e-01   782.469  0(1v8)->1(1v5)
-0.0161      3.857312e-03  +2.167014e-01   749.794  0(1v5)->1(1v5)
-0.0176      1.967006e-03  +1.547470e-01   749.794  0(1v5)->1(1v0)
-0.0220      1.914384e-03  +1.612073e-01   782.469  0(1v8)->1(1v12)
-0.0350      2.227827e-03  -4.719986e-02     0.000  0(0)->1(1v3)
-0.0354      1.144795e-03  -6.610665e-02   401.867  0(1v3)->1(2v3)
-0.0361      4.309108e-03  +1.601902e-01   535.271  0(3v0)->1(1v0)
-0.0433      1.737461e-03  +1.017185e-01   535.271  0(3v0)->1(1v12)
-0.0549      1.260398e-03  +6.020297e-02   316.878  0(1v2)->1(1v0)
-0.0573      1.478076e-03  +8.658747e-02   487.144  0(2v1)->1(1v0,1v1)
-0.0577      1.972836e-03  +1.000350e-01   487.144  0(2v1)->1(2v1,1v6)
-0.0582      1.160837e-03  -1.058268e-01   680.013  0(1v1,1v4)->1(1v1,1v4,1v6)
-0.0590      2.498508e-03  -1.515635e-01   665.568  0(1v0,2v1)->1(1v0,2v1)
-0.0594      1.773696e-03  +1.761153e-01   858.437  0(1v0,1v1,1v4)->1(1v0,1v1,1v4)
-0.0608      1.071470e-03  -4.406944e-02   178.424  0(1v0)->1(1v8)
-0.0610      1.450291e-03  -9.691588e-02   560.450  0(1v1,1v2)->1(1v1,1v2,1v6)
-0.0612      1.958778e-03  -6.641955e-02   243.572  0(1v1)->1(1v0)
-0.0616      5.209949e-03  -1.083228e-01   243.572  0(1v1)->1(1v1,1v6)
-0.0620      1.328685e-03  -1.068798e-01   645.439  0(1v1,1v3)->1(1v1,1v3,1v6)
-0.0621      3.074430e-03  +1.147596e-01   436.441  0(1v4)->1(1v4,1v6)
-0.0623      2.087057e-03  +1.565244e-01   738.874  0(1v0,1v1,1v2)->1(1v0,1v1,1v2)
-0.0628      1.577446e-03  -1.876703e-01   931.743  0(1v0,1v2,1v4)->1(1v0,1v2,1v4)
-0.0629      8.006786e-03  +1.807923e-01   421.996  0(1v0,1v1)->1(1v0,1v1)
-0.0632      1.911411e-03  -4.371969e-02     0.000  0(0)->1(1v7)
-0.0633      2.039576e-03  +1.782797e-01   823.863  0(1v0,1v1,1v3)->1(1v0,1v1,1v3)
-0.0634      5.697389e-03  -2.103256e-01   614.865  0(1v0,1v4)->1(1v0,1v4)
-0.0636      1.817172e-03  -2.074112e-01   949.311  0(1v0,1v7)->1(1v0,1v7)
-0.0644      1.315417e-03  +1.042941e-01   633.756  0(2v2)->1(2v2,1v6)
-0.0646      1.466618e-03  +1.041734e-01   600.420  0(2v0,1v1)->1(1v0,2v1)
-0.0650      4.246524e-03  +1.105047e-01   316.878  0(1v2)->1(1v2,1v6)
-0.0654      2.471671e-03  +6.693339e-02   178.424  0(1v0)->1(1v5)
-0.0654      1.082983e-03  +1.090325e-01   718.745  0(1v2,1v3)->1(1v2,1v3,1v6)
-0.0655      1.370891e-02  +1.170851e-01     0.000  0(0)->1(1v6)
-0.0657      2.081523e-03  -1.766307e-01   812.180  0(1v0,2v2)->1(1v0,2v2)
-0.0658      1.923757e-03  +1.550160e-01   757.506  0(1v6)->1(2v6)
-0.0659      3.496210e-03  +1.155261e-01   401.867  0(1v3)->1(1v3,1v6)
-0.0662      1.011073e-03  -9.641518e-02   665.568  0(1v0,2v1)->1(2v1,1v12)
-0.0662      7.293367e-03  -1.949735e-01   495.302  0(1v0,1v2)->1(1v0,1v2)
-0.0666      1.857850e-03  -1.922640e-01   897.169  0(1v0,1v2,1v3)->1(1v0,1v2,1v3)
-0.0668      2.546281e-02  -2.148328e-01   178.424  0(1v0)->1(1v0)
-0.0671      1.637797e-03  -1.925656e-01   935.930  0(1v0,1v6)->1(1v0,1v6)
-0.0672      6.486337e-03  -2.118500e-01   580.291  0(1v0,1v3)->1(1v0,1v3)
-0.0676      1.651915e-03  -2.088833e-01   982.158  0(1v0,2v3)->1(1v0,2v3)
-0.0680      2.361002e-03  -1.094346e-01   487.144  0(2v1)->1(2v1,1v10)
-0.0685      1.389275e-03  +1.157721e-01   680.013  0(1v1,1v4)->1(1v1,1v4,1v10)
-0.0685      2.328211e-03  -8.745932e-02   356.848  0(2v0)->1(1v0,1v1)
-0.0702      3.233814e-03  +1.148969e-01   421.996  0(1v0,1v1)->1(1v1,1v12)
-0.0706      2.307055e-03  -1.338391e-01   614.865  0(1v0,1v4)->1(1v4,1v12)
-0.0714      1.735630e-03  +1.060220e-01   560.450  0(1v1,1v2)->1(1v1,1v2,1v10)
-0.0718      1.101913e-03  -1.165050e-01   753.319  0(1v2,1v4)->1(1v2,1v4,1v10)
-0.0719      6.235031e-03  +1.185012e-01   243.572  0(1v1)->1(1v1,1v10)
-0.0723      1.594197e-03  +1.170727e-01   645.439  0(1v1,1v3)->1(1v1,1v3,1v10)
-0.0724      3.679465e-03  -1.255449e-01   436.441  0(1v4)->1(1v4,1v10)
-0.0727      1.232849e-03  -1.268941e-01   770.887  0(1v7)->1(1v7,1v10)
-0.0735      2.913248e-03  -1.232254e-01   495.302  0(1v0,1v2)->1(1v2,1v12)
-0.0741      1.026678e-02  -1.364158e-01   178.424  0(1v0)->1(1v12)
-0.0743      1.477587e-03  -1.717135e-01   898.047  0(1v10)->1(2v10)
-0.0745      2.615238e-03  -1.345192e-01   580.291  0(1v0,1v3)->1(1v3,1v12)
-0.0747      1.574141e-03  -1.140906e-01   633.756  0(2v2)->1(2v2,1v10)
-0.0753      5.081915e-03  -1.208865e-01   316.878  0(1v2)->1(1v2,1v10)
-0.0757      1.299371e-03  -1.194296e-01   718.745  0(1v2,1v3)->1(1v2,1v3,1v10)
-0.0759      1.640629e-02  -1.280870e-01     0.000  0(0)->1(1v10)
-0.0763      4.194896e-03  -1.265441e-01   401.867  0(1v3)->1(1v3,1v10)
-0.0767      1.072327e-03  -1.250046e-01   803.734  0(2v3)->1(2v3,1v10)
-0.0881      2.009458e-03  -6.727331e-02   243.572  0(1v1)->1(1v1,1v13)
-0.0886      1.185889e-03  +7.127362e-02   436.441  0(1v4)->1(1v4,1v13)
-0.0915      1.638010e-03  +6.863132e-02   316.878  0(1v2)->1(1v2,1v13)
-0.0920      5.287976e-03  +7.271847e-02     0.000  0(0)->1(1v13)
-0.0925      1.352804e-03  +7.186190e-02   401.867  0(1v3)->1(1v3,1v13)
-0.1071      1.327290e-03  +8.205206e-02   487.144  0(2v1)->1(2v1,1v17)
-0.1097      1.881023e-03  -7.861257e-02   356.848  0(2v0)->1(1v21)
-0.1111      3.505287e-03  -8.885157e-02   243.572  0(1v1)->1(1v1,1v17)
-0.1115      2.068534e-03  +9.413216e-02   436.441  0(1v4)->1(1v4,1v17)
-0.1134      1.234267e-03  -3.513214e-02     0.000  0(0)->1(2v9)
-0.1144      2.857107e-03  +9.064155e-02   316.878  0(1v2)->1(1v2,1v17)
-0.1150      9.223752e-03  +9.604037e-02     0.000  0(0)->1(1v17)
-0.1154      2.339140e-03  +9.449510e-02   401.867  0(1v3)->1(1v3,1v17)
-0.1252      1.354358e-03  +1.480773e-01   835.316  0(1v9)->1(1v9,1v21)
-0.1323      2.202791e-03  -6.318793e-02   178.424  0(1v0)->1(1v0,1v6)
-0.1326      4.797369e-03  +1.559941e-01   487.144  0(2v1)->1(2v1,1v21)
-0.1331      2.822598e-03  -1.650192e-01   680.013  0(1v1,1v4)->1(1v1,1v4,1v21)
-0.1336      1.672673e-03  +1.751939e-01   872.882  0(2v4)->1(2v4,1v21)
-0.1336      1.190431e-03  +6.253843e-02   356.848  0(2v0)->1(2v0)
-0.1360      3.526543e-03  -1.511270e-01   560.450  0(1v1,1v2)->1(1v1,1v2,1v21)
-0.1364      2.238801e-03  +1.660651e-01   753.319  0(1v2,1v4)->1(1v2,1v4,1v21)
-0.1365      1.266847e-02  -1.689139e-01   243.572  0(1v1)->1(1v1,1v21)
-0.1369      3.222019e-03  -1.664365e-01   645.439  0(1v1,1v3)->1(1v1,1v3,1v21)
-0.1370      7.475288e-03  +1.789455e-01   436.441  0(1v4)->1(1v4,1v21)
-0.1372      2.395748e-03  +1.768916e-01   770.887  0(1v7)->1(1v7,1v21)
-0.1374      1.901066e-03  +1.763139e-01   838.308  0(1v3,1v4)->1(1v3,1v4,1v21)
-0.1382      1.237889e-03  -7.108724e-02   421.996  0(1v0,1v1)->1(2v1,1v21)
-0.1389      1.320559e-03  +1.623330e-01   898.047  0(1v10)->1(1v10,1v21)
-0.1393      3.198481e-03  +1.626297e-01   633.756  0(2v2)->1(2v2,1v21)
-0.1399      1.032547e-02  +1.723133e-01   316.878  0(1v2)->1(1v2,1v21)
-0.1403      2.626120e-03  +1.697863e-01   718.745  0(1v2,1v3)->1(1v2,1v3,1v21)
-0.1405      3.333302e-02  +1.825733e-01     0.000  0(0)->1(1v21)
-0.1407      2.119476e-03  +1.627105e-01   757.506  0(1v6)->1(1v6,1v21)
-0.1409      8.477877e-03  +1.798973e-01   401.867  0(1v3)->1(1v3,1v21)
-0.1409      1.145527e-03  +6.134760e-02   356.848  0(2v0)->1(1v0,1v12)
-0.1413      2.155765e-03  +1.772406e-01   803.734  0(2v3)->1(2v3,1v21)
-0.1414      1.172805e-03  -3.424624e-02     0.000  0(0)->1(1v6,1v10)
-0.1421      1.729340e-03  +5.598706e-02   178.424  0(1v0)->1(1v1,1v21)
-0.1427      2.636187e-03  +6.912507e-02   178.424  0(1v0)->1(1v0,1v10)
-0.1431      1.488122e-03  -8.688123e-02   487.144  0(2v1)->1(2v1,1v22)
-0.1453      1.234857e-03  -1.226105e-01   749.794  0(1v5)->1(1v11,1v21)
-0.1456      1.252743e-03  -7.971454e-02   487.144  0(2v1)->1(2v1,1v23)
-0.1464      1.093983e-03  +8.417296e-02   560.450  0(1v1,1v2)->1(1v1,1v2,1v22)
-0.1470      3.929945e-03  +9.407983e-02   243.572  0(1v1)->1(1v1,1v22)
-0.1474      1.007799e-03  +9.308324e-02   645.439  0(1v1,1v3)->1(1v1,1v3,1v22)
-0.1475      2.319121e-03  -9.967091e-02   436.441  0(1v4)->1(1v4,1v22)
-0.1492      1.308676e-03  +1.332865e-01   782.469  0(1v8)->1(1v8,1v21)
-0.1496      3.308610e-03  +8.632292e-02   243.572  0(1v1)->1(1v1,1v23)
-0.1499      1.061816e-03  +4.387045e-02   178.424  0(1v0)->1(1v10,1v12)
-0.1500      1.952601e-03  -9.145626e-02   436.441  0(1v4)->1(1v4,1v23)
-0.1504      3.203313e-03  -9.597625e-02   316.878  0(1v2)->1(1v2,1v22)
-0.1509      1.034100e-02  -1.016907e-01     0.000  0(0)->1(1v22)
-0.1513      2.651891e-03  -1.006141e-01   401.867  0(1v3)->1(1v3,1v22)
-0.1529      2.696999e-03  -8.806522e-02   316.878  0(1v2)->1(1v2,1v23)
-0.1535      8.706713e-03  -9.330977e-02     0.000  0(0)->1(1v23)
-0.1539      2.207673e-03  -9.180125e-02   401.867  0(1v3)->1(1v3,1v23)
-0.1555      2.526451e-03  +9.110671e-02   356.848  0(2v0)->1(1v30)
-0.1605      5.533481e-03  -1.116356e-01   243.572  0(1v1)->1(2v0,1v1)
-0.1609      3.446928e-03  +1.215130e-01   436.441  0(1v4)->1(2v0,1v4)
-0.1612      1.098549e-03  +1.197833e-01   770.887  0(1v7)->1(2v0,1v7)
-0.1629      2.253616e-03  -4.747226e-02     0.000  0(0)->1(1v0,1v5)
-0.1638      4.522106e-03  +1.140340e-01   316.878  0(1v2)->1(2v0,1v2)
-0.1644      1.539120e-02  +1.240613e-01     0.000  0(0)->1(2v0)
-0.1648      3.920731e-03  +1.223389e-01   401.867  0(1v3)->1(2v0,1v3)
-0.1656      1.351107e-03  +3.675741e-02     0.000  0(0)->1(1v8,1v12)
-0.1661      1.282360e-03  +4.821169e-02   178.424  0(1v0)->1(2v0,1v1)
-0.1662      2.276584e-03  -4.771356e-02     0.000  0(0)->1(1v24)
-0.1677      3.524710e-03  -8.909739e-02   243.572  0(1v1)->1(1v0,1v1,1v12)
-0.1682      2.208333e-03  +9.726106e-02   436.441  0(1v4)->1(1v0,1v4,1v12)
-0.1692      1.084559e-03  -5.969274e-02   356.848  0(2v0)->1(1v31)
-0.1702      1.000723e-03  -3.163420e-02     0.000  0(0)->1(1v5,1v12)
-0.1710      1.820260e-03  -1.716676e-01   835.316  0(1v9)->1(1v9,1v30)
-0.1711      2.885663e-03  +9.109339e-02   316.878  0(1v2)->1(1v0,1v2,1v12)
-0.1716      1.645184e-03  -6.087101e-02   243.572  0(1v1)->1(1v1,1v25)
-0.1716      9.871852e-03  +9.935720e-02     0.000  0(0)->1(1v0,1v12)
-0.1720      2.514714e-03  +9.797730e-02   401.867  0(1v3)->1(1v0,1v3,1v12)
-0.1730      2.209202e-03  -1.058581e-01   487.144  0(2v1)->1(2v1,1v26)
-0.1735      1.299890e-03  +1.119859e-01   680.013  0(1v1,1v4)->1(1v1,1v4,1v26)
-0.1735      1.469966e-03  +8.634960e-02   487.144  0(2v1)->1(2v1,1v28)
-0.1750      1.382309e-03  -5.579637e-02   243.572  0(1v1)->1(1v1,2v12)
-0.1750      1.340684e-03  +6.209080e-02   316.878  0(1v2)->1(1v2,1v25)
-0.1756      4.328094e-03  +6.578825e-02     0.000  0(0)->1(1v25)
-0.1760      1.099463e-03  +6.478456e-02   401.867  0(1v3)->1(1v3,1v25)
-0.1763      1.624035e-03  +1.025569e-01   560.450  0(1v1,1v2)->1(1v1,1v2,1v26)
-0.1768      1.031065e-03  -1.126973e-01   753.319  0(1v2,1v4)->1(1v2,1v4,1v26)
-0.1768      1.080663e-03  -8.365896e-02   560.450  0(1v1,1v2)->1(1v1,1v2,1v28)
-0.1769      5.834061e-03  +1.146275e-01   243.572  0(1v1)->1(1v1,1v26)
-0.1773      1.488457e-03  +1.131235e-01   645.439  0(1v1,1v3)->1(1v1,1v3,1v26)
-0.1774      3.442684e-03  -1.214382e-01   436.441  0(1v4)->1(1v4,1v26)
-0.1774      3.882095e-03  -9.350534e-02   243.572  0(1v1)->1(1v1,1v28)
-0.1776      1.087384e-03  -1.191731e-01   770.887  0(1v7)->1(1v7,1v26)
-0.1779      2.290935e-03  +9.906336e-02   436.441  0(1v4)->1(1v4,1v28)
-0.1783      1.131908e-03  +5.705184e-02   316.878  0(1v2)->1(1v2,2v12)
-0.1784      6.446302e-03  -1.808265e-01   487.144  0(2v1)->1(2v1,1v30)
-0.1785      1.124572e-03  +5.032653e-02   243.572  0(1v1)->1(1v1,1v27)
-0.1789      3.793290e-03  +1.913013e-01   680.013  0(1v1,1v4)->1(1v1,1v4,1v30)
-0.1789      3.804673e-03  +6.168203e-02     0.000  0(0)->1(2v12)
-0.1790      1.789562e-03  +7.667757e-02   356.848  0(2v0)->1(1v32)
-0.1797      1.473012e-03  -1.103650e-01   633.756  0(2v2)->1(2v2,1v26)
-0.1803      4.755227e-03  -1.169364e-01   316.878  0(1v2)->1(1v2,1v26)
-0.1807      1.213210e-03  -1.154020e-01   718.745  0(1v2,1v3)->1(1v2,1v3,1v26)
-0.1808      3.164414e-03  +9.539172e-02   316.878  0(1v2)->1(1v2,1v28)
-0.1808      1.535095e-02  -1.238989e-01     0.000  0(0)->1(1v26)
-0.1812      3.916585e-03  -1.222742e-01   401.867  0(1v3)->1(1v3,1v26)
-0.1813      1.021534e-02  +1.010710e-01     0.000  0(0)->1(1v28)
-0.1817      2.596208e-03  +9.955222e-02   401.867  0(1v3)->1(1v3,1v28)
-0.1818      4.739111e-03  +1.751926e-01   560.450  0(1v1,1v2)->1(1v1,1v2,1v30)
-0.1818      1.482918e-03  -5.184490e-02   178.424  0(1v0)->1(1v0,1v17)
-0.1823      3.008934e-03  -1.925206e-01   753.319  0(1v2,1v4)->1(1v2,1v4,1v30)
-0.1823      1.702465e-02  +1.958134e-01   243.572  0(1v1)->1(1v1,1v30)
-0.1824      2.959301e-03  -5.439946e-02     0.000  0(0)->1(1v27)
-0.1827      4.341053e-03  +1.931889e-01   645.439  0(1v1,1v3)->1(1v1,1v3,1v30)
-0.1828      1.004695e-02  -2.074550e-01   436.441  0(1v4)->1(1v4,1v30)
-0.1831      3.208071e-03  -2.046957e-01   770.887  0(1v7)->1(1v7,1v30)
-0.1840      1.664566e-03  +8.243304e-02   421.996  0(1v0,1v1)->1(2v1,1v30)
-0.1851      4.298615e-03  -1.885352e-01   633.756  0(2v2)->1(2v2,1v30)
-0.1857      1.387718e-02  -1.997628e-01   316.878  0(1v2)->1(1v2,1v30)
-0.1861      3.538480e-03  -1.970850e-01   718.745  0(1v2,1v3)->1(1v2,1v3,1v30)
-0.1863      4.479945e-02  -2.116588e-01     0.000  0(0)->1(1v30)
-0.1867      1.142338e-02  -2.088231e-01   401.867  0(1v3)->1(1v3,1v30)
-0.1870      1.243849e-03  -5.292821e-02   243.572  0(1v1)->1(1v1,1v29)
-0.1880      2.325891e-03  -6.492952e-02   178.424  0(1v0)->1(1v1,1v30)
-0.1903      1.013482e-03  +5.398487e-02   316.878  0(1v2)->1(1v2,1v29)
-0.1909      3.271819e-03  +5.719982e-02     0.000  0(0)->1(1v29)
-0.1920      1.147781e-03  -5.084319e-02   243.572  0(1v1)->1(1v2,1v30)
-0.1921      2.767921e-03  +1.184905e-01   487.144  0(2v1)->1(2v1,1v31)
-0.1954      2.034720e-03  -1.147941e-01   560.450  0(1v1,1v2)->1(1v1,1v2,1v31)
-0.1960      7.309385e-03  -1.283050e-01   243.572  0(1v1)->1(1v1,1v31)
-0.1965      4.313077e-03  +1.359253e-01   436.441  0(1v4)->1(1v4,1v31)
-0.1994      5.957599e-03  +1.308880e-01   316.878  0(1v2)->1(1v2,1v31)
-0.1999      1.923253e-02  +1.386814e-01     0.000  0(0)->1(1v31)
-0.2003      4.893969e-03  +1.366822e-01   401.867  0(1v3)->1(1v3,1v31)
-0.2019      4.560214e-03  -1.520895e-01   487.144  0(2v1)->1(2v1,1v32)
-0.2033      1.684496e-03  +8.292506e-02   421.996  0(1v0,1v1)->1(1v0,1v1,1v21)
-0.2059      1.204356e-02  +1.646952e-01   243.572  0(1v1)->1(1v1,1v32)
-0.2060      2.528291e-03  +5.028212e-02     0.000  0(0)->1(1v6,1v21)
-0.2063      7.107426e-03  -1.744869e-01   436.441  0(1v4)->1(1v4,1v32)
-0.2067      1.534224e-03  -8.942437e-02   495.302  0(1v0,1v2)->1(1v0,1v2,1v21)
-0.2073      5.356230e-03  -9.853195e-02   178.424  0(1v0)->1(1v0,1v21)
-0.2075      1.177559e-03  +6.933333e-02   421.996  0(1v0,1v1)->1(2v1,1v32)
-0.2092      9.817024e-03  -1.680173e-01   316.878  0(1v2)->1(1v2,1v32)
-0.2098      3.169222e-02  -1.780231e-01     0.000  0(0)->1(1v32)
-0.2102      8.056359e-03  -1.753681e-01   401.867  0(1v3)->1(1v3,1v32)
-0.2115      1.645340e-03  -5.461039e-02   178.424  0(1v0)->1(1v1,1v32)
-0.2124      1.262213e-03  +5.331748e-02   243.572  0(1v1)->1(1v1,1v10,1v21)
-0.2145      2.159354e-03  -6.256182e-02   178.424  0(1v0)->1(1v12,1v21)
-0.2158      1.028695e-03  -5.438853e-02   316.878  0(1v2)->1(1v2,1v10,1v21)
-0.2163      3.321000e-03  -5.762812e-02     0.000  0(0)->1(1v10,1v21)
-0.2177      1.659998e-03  +5.485312e-02   178.424  0(1v0)->1(1v0,1v22)
-0.2203      1.399908e-03  +5.037294e-02   178.424  0(1v0)->1(1v0,1v23)
-0.2268      1.119569e-03  +3.345996e-02     0.000  0(0)->1(1v10,1v22)
-0.2297      1.798457e-03  +5.709493e-02   178.424  0(1v0)->1(2v0,1v5)
-0.2299      1.331755e-03  +3.649322e-02     0.000  0(0)->1(2v0,1v6)
-0.2312      7.420226e-03  -1.159728e-01   178.424  0(1v0)->1(3v0)
-0.2325      1.287900e-03  +3.588732e-02     0.000  0(0)->1(1v13,1v21)
-0.2402      1.593990e-03  -3.992480e-02     0.000  0(0)->1(2v0,1v10)
-0.2464      1.422960e-03  -3.772214e-02     0.000  0(0)->1(1v6,1v26)
-0.2475      1.022824e-03  -3.198162e-02     0.000  0(0)->1(1v0,1v10,1v12)
------------------------------------------------------------------------------

Stick spectrum was also saved in "adenine.xml.spectrum_dushinsky" file 



Job "./ezspectrum_exe adenine.xml" has been finished: Sun Jan  3 13:14:22 2021

