Job "../ezspectrum_code/ezFCF_linux.exe cis_hcoh.xml" has been started: Thu Nov  3 11:28:47 2022

A copy of the "cis_hcoh.xml" input:
--------------------------------------------------------------------------------
Node input
<input
  job = "harmonic_pes" >

<job_parameters 
   spectrum_intensity_threshold = "0.0001" 
   temperature                  = "600">
</job_parameters>


<parallel_approximation
        max_vibr_excitations_in_initial_el_state = "3"
        max_vibr_excitations_in_target_el_state  = "4"
        combination_bands                        = "true"
        use_normal_coordinates_of_target_states  = "true" >


  <energy_thresholds  units="eV, K, cm-1">
    <initial_state   units="K">      8000    </initial_state>
    <target_state   units="eV">      1.20    </target_state>
  </energy_thresholds> 

</parallel_approximation>



<dushinsky_rotations target_state="1"
      max_vibr_excitations_in_initial_el_state = "3"
      max_vibr_excitations_in_target_el_state  = "4"
      > 

  <energy_thresholds  units="eV, K, cm-1">
    <initial_state   units="K">      8000    </initial_state>
    <target_state   units="eV">      1.20    </target_state>
  </energy_thresholds> 

</dushinsky_rotations>



 <initial_state>
  <!-- THIS INITIAL STATE IS FROM "aces-cis-neut.out" FILE -->

  <geometry
    number_of_atoms = "4"
    linear = "false"
    units   ="au"
    text   = "
               C        1.40532059     0.15759481     0.00000000
               O       -1.07218877     0.09830247     0.00000000
               H        2.05763204    -1.84281323     0.00000000
               H       -1.77413458    -1.59377227     0.00000000
             ">
    </geometry>

  <normal_modes
    atoms = "C   O   H   H   "
    if_mass_weighted="false"
    text = "
    0.000 0.0000  0.2744    0.2414 -0.0009  0.0000    0.6961  0.0016  0.0000
    0.000 0.0000 -0.2678   -0.2845  0.1139  0.0000   -0.6035 -0.0193  0.0000
    0.000 0.0000 -0.5903   -0.4395 -0.1718  0.0000    0.2733  0.0278  0.0000
    0.000 0.0000  0.7103    0.7398 -0.2791  0.0000   -0.2710  0.0435  0.0000

    0.211 0.3271  0.0000    0.0856 -0.2637  0.0000    0.0046  0.0120  0.0000
    0.106-0.2726  0.0000    0.0040  0.0076  0.0000    0.0876  0.2252  0.0000
   -0.738-0.1684  0.0000   -0.3030  0.9111  0.0000   -0.0086 -0.0366  0.0000
   -0.415 0.1259  0.0000   -0.0082 -0.0316  0.0000   -0.3563 -0.9017  0.0000
             ">
        </normal_modes>

  <frequencies
    text = "
              1027.59                   1237.54                   1345.00 
              1491.40                   2794.17                   3661.57 
             ">
        </frequencies>

</initial_state>

<target_state>

  <excitation_energy units="eV" > 8.79 </excitation_energy>

  <!-- THIS TARGET STATE IS FROM "aces-cis-cat.out" FILE -->

  <geometry
    number_of_atoms = "4"
    linear = "false"
    units   ="au"
    text   = "
               C        1.28368876      .13509689      .00000000
               O       -1.01273572      .08329864      .00000000
               H        2.69659188    -1.37216418      .00000000
               H       -1.90840788    -1.55842089      .00000000
             ">
        </geometry>

  <normal_modes
    atoms = "C   O   H   H   "
    if_mass_weighted="false"
    text = "
     .000  .0000   .3663     .0301   .0929   .0000     .0056   .4004   .0000
     .000  .0000  -.3091    -.0845   .1132   .0000     .2417  -.3027   .0000
     .000  .0000  -.6366    -.4512  -.4101   .0000    -.5343  -.3944   .0000
     .000  .0000   .6042     .6842  -.3614   .0000    -.4480   .2186   .0000

     .733  .1110   .0000     .2391  -.1934   .0000     .0070  -.0083   .0000
    -.618 -.0498   .0000    -.0376  -.0010   .0000    -.1236  -.2091   .0000
     .095 -.1710   .0000    -.6569   .6869   .0000    -.0050   .0150   .0000
    -.162 -.0135   .0000    -.0183  -.0154   .0000     .4731   .8466   .0000
             ">
   </normal_modes>

  <manual_normal_modes_reordering
      new_order="0 1 3 2 4 5" >
    </manual_normal_modes_reordering>

  <frequencies
    text = "
               935.00                    987.54                   1170.79 
              1733.16                   3085.30                   3463.98 
             ">
        </frequencies>

</target_state>

</input>
--------------------------------------------------------------------------------


====== Reading the initial state ======
===== Reading the target state #0 =====
Excitation energy = 8.790000 eV
New normal modes order was requested:
0 1 3 2 4 5
Normal modes reordered.
===== Done reading states =====

Coordinate axes were aligned with MOI principal axes; center mass was shifted to the origin.

New molecular geometry:
   C      0.0000       0.0834      -0.7437 
   O      0.0000       0.0520       0.5674 
   H      0.0000      -0.9752      -1.0889 
   H      0.0000      -0.8434       0.9388 
 
MOI tensor:
    15.670849     0.000000     0.000000
     0.000000    13.868805     0.000000
     0.000000     0.000000     1.802044
Coordinate axes were aligned with MOI principal axes; center mass was shifted to the origin.
Also rotated by 2/2*pi, 2/2*pi, and 2/2*pi CCW around x, y, and z.
The norm of the geometry difference from the initial state is 0.432544

New molecular geometry:
   C      0.0000       0.0715      -0.6793 
   O      0.0000       0.0441       0.5359 
   H      0.0000      -0.7261      -1.4270 
   H      0.0000      -0.8247       1.0099 
 
MOI tensor:
    14.520626     0.000000     0.000000
     0.000000    13.211404     0.000000
     0.000000     0.000000     1.309222
Done with the transformations
--------------------------------------------------------------------------------

=== Reading the parallel approximation job parameters ===
Reading energy thresholds. 

===== Overlap matrix of the target state #1 with the initial state =====
The normal modes overlap matrix with the initial state is diagonal
  (do_not_excite_subspace is excluded)

--------------------------------------------------------------------------------

Begining the parallel mode approximation computations.

===== Target state #1 =====

Difference (dQ) between the initial and the target state geometries.
Angstrom*sqrt(amu):

normal mode  dQ in initial  dQ in target   frequency   frequency   comments
  number      state coord.  state coord.    initial      target

       0       0.000000        0.000000      1027.59     935.00
       1      -0.343356       -0.336058      1237.54     987.54
       2      -0.110727       -0.243397      1345.00    1733.16
       3      -0.299192       -0.221654      1491.40    1170.79
       4       0.116994       -0.100254      2794.17    3085.30
       5      -0.001238       -0.025925      3661.57    3463.98


TARGET state normal coordinates (displacements dQ) will be used.

Maximum number of vibrational excitations: 3 and 4
 in the initial and each target state, respectively.

Maximum number of combination bands = 17640
   = 84 (# of vibrational states in the initial electronic state)
   * 210 (# of vibrational states in the target electronic state)

A set of initial vibrational states is being created...
  energy threshold = 0.69 eV (8000.00 K)
  53 vibrational states below the energy threshold

A set of target vibrational states is being created...
  energy threshold = 1.20 eV (9678.57 cm-1)
  184 vibrational states below the energy threshold

Total number of combination bands with thresholds applied: 9752

Intensities of combination bands are being calculated...
------------------------------------------------------------------------------
           Stick photoelectron spectrum (parallel approximation)
------------------------------------------------------------------------------

WARNING! The normal modes of one of the target states were reordered!
         New order is used for the target state assignment.

Energy,eV    Intensity     FC factor         E",K   Transition

 8.6051      2.309875e-04  -9.086297e-02  2145.805  0(1v3)->1(0)
 8.6232      5.848946e-04  -1.213107e-01  1935.167  0(1v2)->1(0)
 8.6366      8.247962e-04  -1.266420e-01  1780.555  0(1v1)->1(0)
 8.7275      4.727184e-04  -1.299852e-01  2145.805  0(1v3)->1(1v1)
 8.7342      1.016163e-04  -1.733493e-01  3413.648  0(1v0,1v2)->1(1v0,1v1)
 8.7457      1.196993e-03  -1.735426e-01  1935.167  0(1v2)->1(1v1)
 8.7590      3.516988e-04  -8.269699e-02  1780.555  0(1v1)->1(1v1)
 8.7684      6.263555e-04  -1.255367e-01  1935.167  0(1v2)->1(1v3)
 8.7785      8.337142e-04  +9.898947e-02  1478.482  0(1v0)->1(1v0)
 8.7817      8.832628e-04  -1.310537e-01  1780.555  0(1v1)->1(1v3)
 8.7900      9.820773e-03  +9.909982e-02     0.000  0(0)->1(0)
 8.8200      2.686114e-04  -9.798394e-02  2145.805  0(1v3)->1(1v2)
 8.8500      4.320571e-04  -1.242691e-01  2145.805  0(1v3)->1(2v1)
 8.8514      9.591413e-04  -1.365669e-01  1780.555  0(1v1)->1(1v2)
 8.8681      1.094033e-03  -1.659111e-01  1935.167  0(1v2)->1(2v1)
 8.8794      1.088194e-04  -1.793882e-01  3413.648  0(1v0,1v2)->1(1v0,1v1,1v3)
 8.8895      1.445218e-04  +1.412952e-01  2956.964  0(2v0)->1(2v0,1v1)
 8.8908      1.281843e-03  -1.795882e-01  1935.167  0(1v2)->1(1v1,1v3)
 8.8954      1.923143e-04  +8.290840e-02  2145.805  0(1v3)->1(2v3)
 8.9010      1.706205e-03  +1.416107e-01  1478.482  0(1v0)->1(1v0,1v1)
 8.9042      3.766294e-04  -8.557785e-02  1780.555  0(1v1)->1(1v1,1v3)
 8.9124      2.009832e-02  +1.417685e-01     0.000  0(0)->1(1v1)
 8.9136      2.641867e-04  -8.152966e-02  1935.167  0(1v2)->1(2v3)
 8.9237      8.928130e-04  +1.024379e-01  1478.482  0(1v0)->1(1v0,1v3)
 8.9269      3.725461e-04  -8.511268e-02  1780.555  0(1v1)->1(2v3)
 8.9352      1.051693e-02  +1.025521e-01     0.000  0(0)->1(1v3)
 8.9424      5.497161e-04  -1.401722e-01  2145.805  0(1v3)->1(1v1,1v2)
 8.9724      2.302296e-04  -9.071379e-02  2145.805  0(1v3)->1(3v1)
 8.9739      4.089845e-04  -8.917799e-02  1780.555  0(1v1)->1(1v1,1v2)
 8.9906      5.829756e-04  -1.211115e-01  1935.167  0(1v2)->1(3v1)
 8.9934      9.695119e-04  +1.067473e-01  1478.482  0(1v0)->1(1v0,1v2)
 8.9966      1.027131e-03  -1.413244e-01  1780.555  0(1v1)->1(1v2,1v3)
 9.0039      5.869387e-04  +1.068318e-01  1780.555  0(1v1)->1(3v1)
 9.0049      1.142041e-02  +1.068663e-01     0.000  0(0)->1(1v2)
 9.0058      2.430030e-04  -7.819266e-02  1935.167  0(1v2)->1(1v4)
 9.0119      1.320907e-04  +1.350818e-01  2956.964  0(2v0)->1(2v0,2v1)
 9.0133      1.171585e-03  -1.716908e-01  1935.167  0(1v2)->1(2v1,1v3)
 9.0179      3.935734e-04  +1.186057e-01  2145.805  0(1v3)->1(1v1,2v3)
 9.0191      3.426736e-04  -8.162902e-02  1780.555  0(1v1)->1(1v4)
 9.0234      1.559445e-03  +1.353834e-01  1478.482  0(1v0)->1(1v0,2v1)
 9.0346      1.547664e-04  +1.462174e-01  2956.964  0(2v0)->1(2v0,1v1,1v3)
 9.0349      1.918905e-04  -8.281700e-02  2145.805  0(1v3)->1(2v2)
 9.0349      1.836955e-02  +1.355343e-01     0.000  0(0)->1(2v1)
 9.0360      5.406609e-04  -1.166333e-01  1935.167  0(1v2)->1(1v1,2v3)
 9.0406      2.131295e-04  +8.727994e-02  2145.805  0(1v3)->1(3v3)
 9.0461      1.827152e-03  +1.465439e-01  1478.482  0(1v0)->1(1v0,1v1,1v3)
 9.0493      1.588562e-04  -5.557844e-02  1780.555  0(1v1)->1(1v1,2v3)
 9.0576      2.152301e-02  +1.467072e-01     0.000  0(0)->1(1v1,1v3)
 9.0649      5.024318e-04  -1.340082e-01  2145.805  0(1v3)->1(2v1,1v2)
 9.0663      6.851912e-04  -1.154277e-01  1780.555  0(1v1)->1(2v2)
 9.0688      3.765742e-04  +6.652818e-02  1478.482  0(1v0)->1(1v0,2v3)
 9.0803      4.435872e-03  +6.660234e-02     0.000  0(0)->1(2v3)
 9.1044      1.680620e-04  +1.523686e-01  2956.964  0(2v0)->1(2v0,1v1,1v2)
 9.1101      1.963977e-04  -8.378397e-02  2145.805  0(1v3)->1(1v1,1v4)
 9.1103      2.236390e-04  +8.940596e-02  2145.805  0(1v3)->1(1v2,2v3)
 9.1130      1.974585e-04  -7.048523e-02  1935.167  0(1v2)->1(4v1)
 9.1158      1.984117e-03  +1.527088e-01  1478.482  0(1v0)->1(1v0,1v1,1v2)
 9.1191      4.379758e-04  -9.228462e-02  1780.555  0(1v1)->1(1v1,1v2,1v3)
 9.1263      7.785259e-04  +1.230384e-01  1780.555  0(1v1)->1(4v1)
 9.1273      2.337199e-02  +1.528790e-01     0.000  0(0)->1(1v1,1v2)
 9.1282      4.973082e-04  -1.118595e-01  1935.167  0(1v2)->1(1v1,1v4)
 9.1357      6.243005e-04  -1.253306e-01  1935.167  0(1v2)->1(3v1,1v3)
 9.1386      1.038237e-03  +1.104660e-01  1478.482  0(1v0)->1(1v0,1v2,1v3)
 9.1403      3.597198e-04  +1.133900e-01  2145.805  0(1v3)->1(2v1,2v3)
 9.1415      1.461184e-04  -5.330362e-02  1780.555  0(1v1)->1(1v1,1v4)
 9.1418      4.332274e-04  -9.178299e-02  1780.555  0(1v1)->1(1v2,2v3)
 9.1458      8.309789e-04  +9.882695e-02  1478.482  0(1v0)->1(1v0,3v1)
 9.1490      6.285445e-04  +1.105534e-01  1780.555  0(1v1)->1(3v1,1v3)
 9.1500      1.222996e-02  +1.105891e-01     0.000  0(0)->1(1v2,1v3)
 9.1509      2.602285e-04  -8.091660e-02  1935.167  0(1v2)->1(1v3,1v4)
 9.1573      3.927061e-04  -1.184749e-01  2145.805  0(1v3)->1(1v1,2v2)
 9.1573      9.788553e-03  +9.893712e-02     0.000  0(0)->1(3v1)
 9.1584      4.941555e-04  -1.115044e-01  1935.167  0(1v2)->1(2v1,2v3)
 9.1611      3.463787e-04  +6.380519e-02  1478.482  0(1v0)->1(1v0,1v4)
 9.1630      4.361718e-04  +1.248595e-01  2145.805  0(1v3)->1(1v1,3v3)
 9.1643      3.669644e-04  -8.447267e-02  1780.555  0(1v1)->1(1v3,1v4)
 9.1686      1.669988e-03  +1.400996e-01  1478.482  0(1v0)->1(1v0,2v1,1v3)
 9.1725      4.080183e-03  +6.387631e-02     0.000  0(0)->1(1v4)
 9.1755      1.259893e-04  +5.630242e-02  1935.167  0(1v2)->1(1v1,2v2)
 9.1800      1.967169e-02  +1.402558e-01     0.000  0(0)->1(2v1,1v3)
 9.1812      1.075729e-04  -5.202494e-02  1935.167  0(1v2)->1(1v1,3v3)
 9.1873      2.677301e-04  -9.782307e-02  2145.805  0(1v3)->1(3v1,1v2)
 9.1888      2.921702e-04  -7.537412e-02  1780.555  0(1v1)->1(1v1,2v2)
 9.1913      7.706631e-04  +9.517276e-02  1478.482  0(1v0)->1(1v0,1v1,2v3)
 9.2025      1.115985e-04  -6.315705e-02  2145.805  0(1v3)->1(1v2,1v4)
 9.2028      9.078060e-03  +9.527886e-02     0.000  0(0)->1(1v1,2v3)
 9.2083      6.925997e-04  +9.022389e-02  1478.482  0(1v0)->1(1v0,2v2)
 9.2115      7.337617e-04  -1.194488e-01  1780.555  0(1v1)->1(2v2,1v3)
 9.2188      6.825409e-04  +1.152043e-01  1780.555  0(1v1)->1(3v1,1v2)
 9.2195      3.581579e-04  +1.892506e-02     0.000  0(0)->1(1v5)
 9.2198      8.158509e-03  +9.032446e-02     0.000  0(0)->1(2v2)
 9.2255      8.825855e-04  +2.970834e-02     0.000  0(0)->1(3v3)
 9.2325      1.795044e-04  -8.009959e-02  2145.805  0(1v3)->1(2v1,1v4)
 9.2327      4.576797e-04  +1.279009e-01  2145.805  0(1v3)->1(1v1,1v2,2v3)
 9.2340      3.984892e-04  -8.802632e-02  1780.555  0(1v1)->1(1v2,1v4)
 9.2383      1.813451e-03  +1.459934e-01  1478.482  0(1v0)->1(1v0,2v1,1v2)
 9.2497      1.063368e-04  -6.165020e-02  2145.805  0(1v3)->1(3v2)
 9.2498      2.136163e-02  +1.461562e-01     0.000  0(0)->1(2v1,1v2)
 9.2507      4.545318e-04  -1.069405e-01  1935.167  0(1v2)->1(2v1,1v4)
 9.2555      2.478446e-04  +9.412011e-02  2145.805  0(1v3)->1(1v2,3v3)
 9.2610      2.124763e-03  +1.580286e-01  1478.482  0(1v0)->1(1v0,1v1,1v2,1v3)
 9.2642      1.847311e-04  -5.993415e-02  1780.555  0(1v1)->1(1v1,1v2,2v3)
 9.2679      2.111552e-04  +7.288885e-02  1935.167  0(1v2)->1(3v2)
 9.2725      2.502874e-02  +1.582047e-01     0.000  0(0)->1(1v1,1v2,1v3)
 9.2734      5.325605e-04  -1.157563e-01  1935.167  0(1v2)->1(1v1,1v3,1v4)
 9.2797      3.589271e-04  -1.132650e-01  2145.805  0(1v3)->1(2v1,2v2)
 9.2798      3.315461e-03  +5.758004e-02     0.000  0(0)->1(4v1)
 9.2812      3.797011e-04  -8.592612e-02  1780.555  0(1v1)->1(3v2)
 9.2835      7.088678e-04  +9.127735e-02  1478.482  0(1v0)->1(1v0,1v1,1v4)
 9.2837      4.379116e-04  +7.174202e-02  1478.482  0(1v0)->1(1v0,1v2,2v3)
 9.2867      1.564761e-04  -5.516052e-02  1780.555  0(1v1)->1(1v1,1v3,1v4)
 9.2950      8.350139e-03  +9.137910e-02     0.000  0(0)->1(1v1,1v4)
 9.2952      5.158399e-03  +7.182199e-02     0.000  0(0)->1(1v2,2v3)
 9.2961      1.097602e-04  -5.255120e-02  1935.167  0(1v2)->1(2v3,1v4)
 9.2979      1.151522e-04  +5.382653e-02  1935.167  0(1v2)->1(2v1,2v2)
 9.3025      1.048243e-02  +1.023837e-01     0.000  0(0)->1(3v1,1v3)
 9.3062      3.709321e-04  +6.602792e-02  1478.482  0(1v0)->1(1v0,1v3,1v4)
 9.3094      1.547797e-04  -5.486069e-02  1780.555  0(1v1)->1(2v3,1v4)
 9.3177      4.369411e-03  +6.610152e-02     0.000  0(0)->1(1v3,1v4)
 9.3206      1.349202e-04  +5.826379e-02  1935.167  0(1v2)->1(1v1,2v2,1v3)
 9.3249      2.283875e-04  -9.035015e-02  2145.805  0(1v3)->1(1v1,1v2,1v4)
 9.3252      1.597632e-04  +7.556681e-02  2145.805  0(1v3)->1(2v2,2v3)
 9.3252      8.297204e-03  +9.108899e-02     0.000  0(0)->1(2v1,2v3)
 9.3307      1.417413e-03  +1.290710e-01  1478.482  0(1v0)->1(1v0,1v1,2v2)
 9.3339      3.128811e-04  -7.799988e-02  1780.555  0(1v1)->1(1v1,2v2,1v3)
 9.3419      7.329741e-04  +2.707349e-02     0.000  0(0)->1(1v1,1v5)
 9.3422      1.669648e-02  +1.292149e-01     0.000  0(0)->1(1v1,2v2)
 9.3479      1.806221e-03  +4.249966e-02     0.000  0(0)->1(1v1,3v3)
 9.3535      7.416954e-04  +9.336695e-02  1478.482  0(1v0)->1(1v0,2v2,1v3)
 9.3564      1.699185e-04  -5.748105e-02  1780.555  0(1v1)->1(1v1,1v2,1v4)
 9.3567      3.094889e-04  -7.757590e-02  1780.555  0(1v1)->1(2v2,2v3)
 9.3646      3.835463e-04  +1.958434e-02     0.000  0(0)->1(1v3,1v5)
 9.3649      8.736834e-03  +9.347103e-02     0.000  0(0)->1(2v2,1v3)
 9.3722      2.176194e-04  -8.819451e-02  2145.805  0(1v3)->1(1v1,3v2)
 9.3722      1.138294e-02  +1.066909e-01     0.000  0(0)->1(3v1,1v2)
 9.3731      2.422057e-04  -7.806428e-02  1935.167  0(1v2)->1(3v1,1v4)
 9.3759      4.027978e-04  +6.880562e-02  1478.482  0(1v0)->1(1v0,1v2,1v4)
 9.3791      4.267365e-04  -9.109283e-02  1780.555  0(1v1)->1(1v2,1v3,1v4)
 9.3864      2.438522e-04  +6.886010e-02  1780.555  0(1v1)->1(3v1,1v4)
 9.3874      4.744774e-03  +6.888232e-02     0.000  0(0)->1(1v2,1v4)
 9.3903      4.321314e-04  +1.042721e-01  1935.167  0(1v2)->1(1v1,3v2)
 9.3949      2.287587e-02  +1.512477e-01     0.000  0(0)->1(2v1,1v2,1v3)
 9.3958      4.867518e-04  -1.106659e-01  1935.167  0(1v2)->1(2v1,1v3,1v4)
 9.4004      1.635158e-04  +7.644913e-02  2145.805  0(1v3)->1(1v1,2v3,1v4)
 9.4037      1.619072e-04  -5.610962e-02  1780.555  0(1v1)->1(1v1,3v2)
 9.4059      6.478939e-04  +8.726344e-02  1478.482  0(1v0)->1(1v0,2v1,1v4)
 9.4131      2.261232e-04  +7.542802e-02  1935.167  0(1v2)->1(3v2,1v3)
 9.4174      7.631895e-03  +8.736072e-02     0.000  0(0)->1(2v1,1v4)
 9.4176      1.055672e-02  +1.027459e-01     0.000  0(0)->1(1v1,1v2,2v3)
 9.4185      2.246254e-04  -7.517781e-02  1935.167  0(1v2)->1(1v1,2v3,1v4)
 9.4232      3.838066e-04  +6.716400e-02  1478.482  0(1v0)->1(1v0,3v2)
 9.4264      4.066166e-04  -8.891946e-02  1780.555  0(1v1)->1(3v2,1v3)
 9.4287      7.591167e-04  +9.445711e-02  1478.482  0(1v0)->1(1v0,1v1,1v3,1v4)
 9.4344      4.164957e-04  +2.040823e-02     0.000  0(0)->1(1v2,1v5)
 9.4347      4.521066e-03  +6.723887e-02     0.000  0(0)->1(3v2)
 9.4401      8.942048e-03  +9.456240e-02     0.000  0(0)->1(1v1,1v3,1v4)
 9.4404      1.026343e-03  +3.203660e-02     0.000  0(0)->1(1v2,3v3)
 9.4474      2.087426e-04  -8.637702e-02  2145.805  0(1v3)->1(2v1,1v2,1v4)
 9.4489      2.846726e-04  -7.440072e-02  1780.555  0(1v1)->1(2v2,1v4)
 9.4514      1.564532e-04  +4.288176e-02  1478.482  0(1v0)->1(1v0,2v3,1v4)
 9.4629      1.842947e-03  +4.292956e-02     0.000  0(0)->1(2v3,1v4)
 9.4644      6.699267e-04  +2.588294e-02     0.000  0(0)->1(2v1,1v5)
 9.4647      1.526032e-02  +1.235327e-01     0.000  0(0)->1(2v1,2v2)
 9.4828      2.353387e-04  +7.694969e-02  1935.167  0(1v2)->1(4v2)
 9.4871      7.849318e-04  +2.801663e-02     0.000  0(0)->1(1v1,1v3,1v5)
 9.4874      1.788003e-02  +1.337162e-01     0.000  0(0)->1(1v1,2v2,1v3)
 9.4961      1.786269e-04  -5.893560e-02  1780.555  0(1v1)->1(4v2)
 9.4984      8.243301e-04  +9.843079e-02  1478.482  0(1v0)->1(1v0,1v1,1v2,1v4)
 9.5016      1.819634e-04  -5.948347e-02  1780.555  0(1v1)->1(1v1,1v2,1v3,1v4)
 9.5098      1.617737e-04  +1.271903e-02     0.000  0(0)->1(2v3,1v5)
 9.5099      9.710233e-03  +9.854051e-02     0.000  0(0)->1(1v1,1v2,1v4)
 9.5101      3.685056e-03  +6.070466e-02     0.000  0(0)->1(2v2,2v3)
 9.5107      1.293993e-04  -5.705926e-02  1935.167  0(1v2)->1(1v1,2v4)
 9.5211      4.313506e-04  +7.120256e-02  1478.482  0(1v0)->1(1v0,1v2,1v3,1v4)
 9.5243      1.799906e-04  -5.916014e-02  1780.555  0(1v1)->1(1v2,2v3,1v4)
 9.5326      5.081113e-03  +7.128193e-02     0.000  0(0)->1(1v2,1v3,1v4)
 9.5398      1.631554e-04  -7.636485e-02  2145.805  0(1v3)->1(1v1,2v2,1v4)
 9.5399      4.066796e-03  +6.377144e-02     0.000  0(0)->1(3v1,1v4)
 9.5551      1.061661e-03  +3.258314e-02     0.000  0(0)->1(2v4)
 9.5568      8.523629e-04  +2.919526e-02     0.000  0(0)->1(1v1,1v2,1v5)
 9.5571      9.252411e-03  +9.618946e-02     0.000  0(0)->1(1v1,3v2)
 9.5626      8.172891e-03  +9.040404e-02     0.000  0(0)->1(2v1,1v3,1v4)
 9.5713      1.213864e-04  -4.858355e-02  1780.555  0(1v1)->1(1v1,2v2,1v4)
 9.5795      4.460194e-04  +2.111917e-02     0.000  0(0)->1(1v2,1v3,1v5)
 9.5798      4.841547e-03  +6.958123e-02     0.000  0(0)->1(3v2,1v3)
 9.5853      3.771612e-03  +6.141345e-02     0.000  0(0)->1(1v1,2v3,1v4)
 9.5868      3.569828e-04  +1.889399e-02     0.000  0(0)->1(3v1,1v5)
 9.5908      2.877506e-04  +5.815520e-02  1478.482  0(1v0)->1(1v0,2v2,1v4)
 9.5940      3.048520e-04  -7.699256e-02  1780.555  0(1v1)->1(2v2,1v3,1v4)
 9.6020      1.488019e-04  +1.219844e-02     0.000  0(0)->1(1v4,1v5)
 9.6023      3.389571e-03  +5.822002e-02     0.000  0(0)->1(2v2,1v4)
 9.6080      3.666830e-04  +1.914897e-02     0.000  0(0)->1(3v3,1v4)
 9.6095      7.174152e-04  +2.678461e-02     0.000  0(0)->1(2v1,1v3,1v5)
 9.6165      1.036866e-04  -4.490200e-02  1780.555  0(1v1)->1(1v2,2v4)
 9.6322      3.310716e-04  +1.819537e-02     0.000  0(0)->1(1v1,2v3,1v5)
 9.6323      8.874999e-03  +9.420721e-02     0.000  0(0)->1(2v1,1v2,1v4)
 9.6332      1.182689e-04  -5.455009e-02  1935.167  0(1v2)->1(2v1,2v4)
 9.6493      2.975361e-04  +1.724923e-02     0.000  0(0)->1(2v2,1v5)
 9.6495      2.126894e-03  +4.611826e-02     0.000  0(0)->1(4v2)
 9.6550      1.039855e-02  +1.019733e-01     0.000  0(0)->1(1v1,1v2,1v3,1v4)
 9.6559      1.385719e-04  -5.904699e-02  1935.167  0(1v2)->1(1v1,1v3,2v4)
 9.6638      1.577523e-04  -5.538500e-02  1780.555  0(1v1)->1(3v2,1v4)
 9.6660      1.844470e-04  +4.656034e-02  1478.482  0(1v0)->1(1v0,1v1,2v4)
 9.6775      2.172701e-03  +4.661224e-02     0.000  0(0)->1(1v1,2v4)
 9.6777      2.143132e-03  +4.629397e-02     0.000  0(0)->1(1v2,2v3,1v4)
 9.6792      7.790462e-04  +2.791140e-02     0.000  0(0)->1(2v1,1v2,1v5)
 9.7002      1.136918e-03  +3.371822e-02     0.000  0(0)->1(1v3,2v4)
 9.7020      9.127836e-04  +3.021231e-02     0.000  0(0)->1(1v1,1v2,1v3,1v5)
 9.7245      3.045247e-04  +1.745064e-02     0.000  0(0)->1(1v1,1v4,1v5)
 9.7247      1.881238e-04  +1.371582e-02     0.000  0(0)->1(1v2,2v3,1v5)
 9.7247      6.936794e-03  +8.328742e-02     0.000  0(0)->1(1v1,2v2,1v4)
 9.7472      1.593499e-04  +1.262339e-02     0.000  0(0)->1(1v3,1v4,1v5)
 9.7475      3.629845e-03  +6.024819e-02     0.000  0(0)->1(2v2,1v3,1v4)
 9.7585      1.048077e-04  +3.509757e-02  1478.482  0(1v0)->1(1v0,1v2,2v4)
 9.7617      1.110366e-04  -4.646622e-02  1780.555  0(1v1)->1(1v2,1v3,2v4)
 9.7699      1.234587e-03  +3.513670e-02     0.000  0(0)->1(1v2,2v4)
 9.7717      6.089109e-04  +2.467612e-02     0.000  0(0)->1(1v1,2v2,1v5)
 9.7944      3.186273e-04  +1.785013e-02     0.000  0(0)->1(2v2,1v3,1v5)
 9.7999      1.985814e-03  +4.456248e-02     0.000  0(0)->1(2v1,2v4)
 9.8169      1.730392e-04  +1.315444e-02     0.000  0(0)->1(1v2,1v4,1v5)
 9.8172      1.878343e-03  +4.333985e-02     0.000  0(0)->1(3v2,1v4)
 9.8227      2.326715e-03  +4.823604e-02     0.000  0(0)->1(1v1,1v3,2v4)
 9.8454      4.795338e-04  +2.189826e-02     0.000  0(0)->1(2v3,2v4)
 9.8469      2.783308e-04  +1.668325e-02     0.000  0(0)->1(2v1,1v4,1v5)
 9.8641      1.648807e-04  +1.284059e-02     0.000  0(0)->1(3v2,1v5)
 9.8696      3.261113e-04  +1.805855e-02     0.000  0(0)->1(1v1,1v3,1v4,1v5)
 9.8924      2.526597e-03  +5.026526e-02     0.000  0(0)->1(1v1,1v2,2v4)
 9.9151      1.322103e-03  +3.636073e-02     0.000  0(0)->1(1v2,1v3,2v4)
 9.9376      2.163254e-04  +1.470801e-02     0.000  0(0)->1(3v4)
 9.9393      3.541266e-04  +1.881825e-02     0.000  0(0)->1(1v1,1v2,1v4,1v5)
 9.9621      1.853053e-04  +1.361269e-02     0.000  0(0)->1(1v2,1v3,1v4,1v5)
 9.9848      8.819643e-04  +2.969788e-02     0.000  0(0)->1(2v2,2v4)
------------------------------------------------------------------------------

Stick spectrum was also saved in "cis_hcoh.xml.spectrum_parallel" file 
------------------------------------------------------------------------------



=== Reading the Dushinsky rotations job parameters ===

Target state number 1 from the input will be used

All normal modes modes will be excited

=== Photoelectron spectrum with the Dushinsky rotations will be evaluated ==== 

Determinant of the normal modes rotation matrix: |Det(S)| =  0.97900217
Number of normal modes to excite: 6

Size of layers with exactly K' excitations in the target state (in bytes):
   layer K'=0: 8
   layer K'=1: 48
   layer K'=2: 168
   layer K'=3: 448
   layer K'=4: 1008
Please be sure that you have enough memory to store all these layers,
otherwise use "max_vibr_to_store" tag to limit the memory use.
You also can reduce "max_vibr_excitations_in_target_el_state" value,
and/or use "single_excitation" elements to add higher excitations.

Layer K'=1 is being evaluated (will be saved in memory)... Done
5 points above the intensity threhold were added to the spectrum

Layer K'=2 is being evaluated (will be saved in memory)... Done
13 points above the intensity threhold were added to the spectrum

Layer K'=3 is being evaluated (will be saved in memory)... Done
25 points above the intensity threhold were added to the spectrum

Layer K'=4 is being evaluated (will be saved in memory)... Done
41 points above the intensity threhold were added to the spectrum

T=600.00 FCF thresh=0.01
Max quanta ini=3  Max quanta targ=4
Thresh[ini]=0.69  Thresh[targ]=1.20
Maximum number of combination bands = 17640
   = 84 (# of vibrational states in the initial electronic state)
   * 210 (# of vibrational states in the target electronic state)

A set of initial vibrational states is being created...
  energy threshold = 0.69 eV (8000.00 K)
  52 vibrational states below the energy threshold

A set of target vibrational states is being created...
  energy threshold = 1.20 eV (9678.57 cm-1)
  184 vibrational states below the energy threshold

Total number of combination bands with thresholds applied: 9568

Hot bands are being calculated...Done

2406 hot bands were added to the spectrum
Note: the Boltzmann distribution will be applied later


Updating the energies and applying the Boltzmann distribution...Done
  2284 hot bands were removed from the spectrum

------------------------------------------------------------------------------
        Stick photoelectron spectrum (with Dushinsky rotations) 
------------------------------------------------------------------------------

WARNING! The normal modes of the target state were reordered!
         New order is used for the target state assignment.

Energy,eV    Intensity     FC factor         E",K   Transition

 8.6051      5.485232e-04  -1.400200e-01  2145.805  0(1v3)->1(0)
 8.6232      2.125848e-04  -7.313517e-02  1935.167  0(1v2)->1(0)
 8.6283      1.182014e-04  +2.114072e-01  3561.110  0(2v1)->1(1v3)
 8.6366      1.156375e-03  -1.499525e-01  1780.555  0(1v1)->1(0)
 8.7275      1.093810e-03  -1.977260e-01  2145.805  0(1v3)->1(1v1)
 8.7457      7.127430e-04  -1.339142e-01  1935.167  0(1v2)->1(1v1)
 8.7590      7.833709e-04  -1.234207e-01  1780.555  0(1v1)->1(1v1)
 8.7684      3.691538e-04  -9.637489e-02  1935.167  0(1v2)->1(1v3)
 8.7702      1.490455e-04  -1.845628e-01  3259.037  0(1v0,1v1)->1(1v0,1v3)
 8.7785      9.413627e-04  +1.051862e-01  1478.482  0(1v0)->1(1v0)
 8.7817      1.757895e-03  -1.848846e-01  1780.555  0(1v1)->1(1v3)
 8.7900      1.110276e-02  +1.053696e-01     0.000  0(0)->1(0)
 8.8200      5.220355e-04  -1.365975e-01  2145.805  0(1v3)->1(1v2)
 8.8500      9.284287e-04  -1.821659e-01  2145.805  0(1v3)->1(2v1)
 8.8514      1.026688e-03  -1.412939e-01  1780.555  0(1v1)->1(1v2)
 8.8681      9.933948e-04  -1.580961e-01  1935.167  0(1v2)->1(2v1)
 8.8727      1.531480e-04  -7.398579e-02  2145.805  0(1v3)->1(1v1,1v3)
 8.8895      1.678674e-04  +1.522804e-01  2956.964  0(2v0)->1(2v0,1v1)
 8.8908      1.116053e-03  -1.675725e-01  1935.167  0(1v2)->1(1v1,1v3)
 8.8927      1.118101e-04  -1.598546e-01  3259.037  0(1v0,1v1)->1(1v0,1v1,1v3)
 8.9010      1.986815e-03  +1.528126e-01  1478.482  0(1v0)->1(1v0,1v1)
 8.9042      1.318727e-03  -1.601333e-01  1780.555  0(1v1)->1(1v1,1v3)
 8.9124      2.343319e-02  +1.530790e-01     0.000  0(0)->1(1v1)
 8.9136      2.506394e-04  -7.941177e-02  1935.167  0(1v2)->1(2v3)
 8.9237      1.121414e-03  +1.148057e-01  1478.482  0(1v0)->1(1v0,1v3)
 8.9269      1.054455e-03  -1.431918e-01  1780.555  0(1v1)->1(2v3)
 8.9352      1.322634e-02  +1.150058e-01     0.000  0(0)->1(1v3)
 8.9424      1.021341e-03  -1.910636e-01  2145.805  0(1v3)->1(1v1,1v2)
 8.9724      4.275164e-04  -1.236144e-01  2145.805  0(1v3)->1(3v1)
 8.9739      5.253694e-04  -1.010734e-01  1780.555  0(1v1)->1(1v1,1v2)
 8.9851      1.309727e-04  -1.730116e-01  3259.037  0(1v0,1v1)->1(1v0,1v2,1v3)
 8.9906      7.573218e-04  -1.380386e-01  1935.167  0(1v2)->1(3v1)
 8.9934      1.118630e-03  +1.146631e-01  1478.482  0(1v0)->1(1v0,1v2)
 8.9966      1.544738e-03  -1.733132e-01  1780.555  0(1v1)->1(1v2,1v3)
 9.0018      1.199269e-04  -1.883211e-01  3413.648  0(1v0,1v2)->1(1v0,2v1,1v3)
 9.0039      3.245509e-04  +7.944117e-02  1780.555  0(1v1)->1(3v1)
 9.0049      1.319351e-02  +1.148630e-01     0.000  0(0)->1(1v2)
 9.0119      1.524644e-04  +1.451259e-01  2956.964  0(2v0)->1(2v0,2v1)
 9.0133      1.414460e-03  -1.886494e-01  1935.167  0(1v2)->1(2v1,1v3)
 9.0179      1.312382e-04  +6.848931e-02  2145.805  0(1v3)->1(1v1,2v3)
 9.0234      1.804511e-03  +1.456331e-01  1478.482  0(1v0)->1(1v0,2v1)
 9.0346      1.909938e-04  +1.624316e-01  2956.964  0(2v0)->1(2v0,1v1,1v3)
 9.0349      3.053295e-04  -1.044665e-01  2145.805  0(1v3)->1(2v2)
 9.0349      2.128303e-02  +1.458870e-01     0.000  0(0)->1(2v1)
 9.0360      6.803358e-04  -1.308344e-01  1935.167  0(1v2)->1(1v1,2v3)
 9.0406      1.523750e-04  +7.379885e-02  2145.805  0(1v3)->1(3v3)
 9.0461      2.260531e-03  +1.629993e-01  1478.482  0(1v0)->1(1v0,1v1,1v3)
 9.0493      8.566471e-04  -1.290640e-01  1780.555  0(1v1)->1(1v1,2v3)
 9.0530      2.921863e-04  +8.574131e-02  1935.167  0(1v2)->1(2v2)
 9.0576      2.666149e-02  +1.632835e-01     0.000  0(0)->1(1v1,1v3)
 9.0649      8.472767e-04  -1.740225e-01  2145.805  0(1v3)->1(2v1,1v2)
 9.0663      5.581534e-04  -1.041792e-01  1780.555  0(1v1)->1(2v2)
 9.0688      5.106231e-04  +7.746947e-02  1478.482  0(1v0)->1(1v0,2v3)
 9.0720      3.021961e-04  -7.665645e-02  1780.555  0(1v1)->1(3v3)
 9.0803      6.022466e-03  +7.760455e-02     0.000  0(0)->1(2v3)
 9.0948      1.108134e-04  -6.293451e-02  2145.805  0(1v3)->1(4v1)
 9.1044      1.973660e-04  +1.651190e-01  2956.964  0(2v0)->1(2v0,1v1,1v2)
 9.1103      1.008752e-04  +6.004610e-02  2145.805  0(1v3)->1(1v2,2v3)
 9.1130      3.433289e-04  -9.294272e-02  1935.167  0(1v2)->1(4v1)
 9.1158      2.335949e-03  +1.656960e-01  1478.482  0(1v0)->1(1v0,1v1,1v2)
 9.1191      9.418997e-04  -1.353339e-01  1780.555  0(1v1)->1(1v1,1v2,1v3)
 9.1263      5.755266e-04  +1.057881e-01  1780.555  0(1v1)->1(4v1)
 9.1271      1.075588e-04  +1.218944e-01  2956.964  0(2v0)->1(2v0,1v2,1v3)
 9.1273      2.755100e-02  +1.659849e-01     0.000  0(0)->1(1v1,1v2)
 9.1357      9.799950e-04  -1.570262e-01  1935.167  0(1v2)->1(3v1,1v3)
 9.1386      1.273026e-03  +1.223204e-01  1478.482  0(1v0)->1(1v0,1v2,1v3)
 9.1403      1.472716e-04  +7.255247e-02  2145.805  0(1v3)->1(2v1,2v3)
 9.1418      9.060578e-04  -1.327340e-01  1780.555  0(1v1)->1(1v2,2v3)
 9.1458      9.046897e-04  +1.031170e-01  1478.482  0(1v0)->1(1v0,3v1)
 9.1490      2.291619e-04  +6.675373e-02  1780.555  0(1v1)->1(3v1,1v3)
 9.1500      1.501451e-02  +1.225337e-01     0.000  0(0)->1(1v2,1v3)
 9.1573      5.873467e-04  -1.448905e-01  2145.805  0(1v3)->1(1v1,2v2)
 9.1573      1.067023e-02  +1.032968e-01     0.000  0(0)->1(3v1)
 9.1584      7.750410e-04  -1.396441e-01  1935.167  0(1v2)->1(2v1,2v3)
 9.1611      1.134112e-04  +3.650972e-02  1478.482  0(1v0)->1(1v0,1v4)
 9.1630      3.171154e-04  +1.064637e-01  2145.805  0(1v3)->1(1v1,3v3)
 9.1643      1.178261e-04  -4.786577e-02  1780.555  0(1v1)->1(1v3,1v4)
 9.1686      1.944288e-03  +1.511683e-01  1478.482  0(1v0)->1(1v0,2v1,1v3)
 9.1725      1.337612e-03  +3.657338e-02     0.000  0(0)->1(1v4)
 9.1755      3.880002e-04  +9.880438e-02  1935.167  0(1v2)->1(1v1,2v2)
 9.1800      2.293161e-02  +1.514319e-01     0.000  0(0)->1(2v1,1v3)
 9.1812      1.947772e-04  -7.000504e-02  1935.167  0(1v2)->1(1v1,3v3)
 9.1873      3.789176e-04  -1.163764e-01  2145.805  0(1v3)->1(3v1,1v2)
 9.1888      2.011770e-04  -6.254512e-02  1780.555  0(1v1)->1(1v1,2v2)
 9.1913      9.686316e-04  +1.066988e-01  1478.482  0(1v0)->1(1v0,1v1,2v3)
 9.1945      2.607501e-04  -7.120598e-02  1780.555  0(1v1)->1(1v1,3v3)
 9.1982      2.391069e-04  +7.756329e-02  1935.167  0(1v2)->1(2v2,1v3)
 9.2028      1.142438e-02  +1.068849e-01     0.000  0(0)->1(1v1,2v3)
 9.2054      1.023233e-04  -5.073966e-02  1935.167  0(1v2)->1(3v1,1v2)
 9.2083      8.013830e-04  +9.705110e-02  1478.482  0(1v0)->1(1v0,2v2)
 9.2115      8.414021e-04  -1.279105e-01  1780.555  0(1v1)->1(2v2,1v3)
 9.2140      1.029474e-04  +3.478469e-02  1478.482  0(1v0)->1(1v0,3v3)
 9.2188      6.057387e-04  +1.085293e-01  1780.555  0(1v1)->1(3v1,1v2)
 9.2195      1.586749e-04  +1.259662e-02     0.000  0(0)->1(1v5)
 9.2198      9.451791e-03  +9.722032e-02     0.000  0(0)->1(2v2)
 9.2255      1.214198e-03  +3.484534e-02     0.000  0(0)->1(3v3)
 9.2282      1.271704e-04  -5.656571e-02  1935.167  0(1v2)->1(2v1,1v2,1v3)
 9.2327      2.440009e-04  +9.338742e-02  2145.805  0(1v3)->1(1v1,1v2,2v3)
 9.2383      2.095513e-03  +1.569371e-01  1478.482  0(1v0)->1(1v0,2v1,1v2)
 9.2497      1.378803e-04  -7.020108e-02  2145.805  0(1v3)->1(3v2)
 9.2498      2.471521e-02  +1.572107e-01     0.000  0(0)->1(2v1,1v2)
 9.2507      1.871703e-04  -6.862442e-02  1935.167  0(1v2)->1(2v1,1v4)
 9.2555      1.964062e-04  +8.378578e-02  2145.805  0(1v3)->1(1v2,3v3)
 9.2610      2.534960e-03  +1.726100e-01  1478.482  0(1v0)->1(1v0,1v1,1v2,1v3)
 9.2642      6.326111e-04  -1.109105e-01  1780.555  0(1v1)->1(1v1,1v2,2v3)
 9.2679      4.702837e-04  +1.087778e-01  1935.167  0(1v2)->1(3v2)
 9.2725      2.989820e-02  +1.729110e-01     0.000  0(0)->1(1v1,1v2,1v3)
 9.2734      2.187764e-04  -7.419257e-02  1935.167  0(1v2)->1(1v1,1v3,1v4)
 9.2797      4.773676e-04  -1.306229e-01  2145.805  0(1v3)->1(2v1,2v2)
 9.2798      3.109108e-03  +5.575938e-02     0.000  0(0)->1(4v1)
 9.2812      2.322444e-04  -6.720118e-02  1780.555  0(1v1)->1(3v2)
 9.2835      3.324587e-04  +6.250996e-02  1478.482  0(1v0)->1(1v0,1v1,1v4)
 9.2837      5.456549e-04  +8.008283e-02  1478.482  0(1v0)->1(1v0,1v2,2v3)
 9.2869      2.488481e-04  -6.956190e-02  1780.555  0(1v1)->1(1v2,3v3)
 9.2950      3.921133e-03  +6.261895e-02     0.000  0(0)->1(1v1,1v4)
 9.2952      6.435644e-03  +8.022247e-02     0.000  0(0)->1(1v2,2v3)
 9.2979      1.746531e-04  +6.629006e-02  1935.167  0(1v2)->1(2v1,2v2)
 9.3025      1.074188e-02  +1.036430e-01     0.000  0(0)->1(3v1,1v3)
 9.3062      2.003366e-04  +4.852445e-02  1478.482  0(1v0)->1(1v0,1v3,1v4)
 9.3094      1.386186e-04  -5.191765e-02  1780.555  0(1v1)->1(2v3,1v4)
 9.3177      2.362840e-03  +4.860905e-02     0.000  0(0)->1(1v3,1v4)
 9.3206      2.726016e-04  +8.281793e-02  1935.167  0(1v2)->1(1v1,2v2,1v3)
 9.3252      9.129343e-03  +9.554760e-02     0.000  0(0)->1(2v1,2v3)
 9.3307      1.658826e-03  +1.396306e-01  1478.482  0(1v0)->1(1v0,1v1,2v2)
 9.3339      4.058530e-04  -8.883593e-02  1780.555  0(1v1)->1(1v1,2v2,1v3)
 9.3419      6.321383e-04  +2.514236e-02     0.000  0(0)->1(1v1,1v5)
 9.3422      1.956477e-02  +1.398741e-01     0.000  0(0)->1(1v1,2v2)
 9.3479      2.095966e-03  +4.578172e-02     0.000  0(0)->1(1v1,3v3)
 9.3535      8.776733e-04  +1.015656e-01  1478.482  0(1v0)->1(1v0,2v2,1v3)
 9.3567      4.890442e-04  -9.751655e-02  1780.555  0(1v1)->1(2v2,2v3)
 9.3646      1.068274e-04  +1.033573e-02     0.000  0(0)->1(1v3,1v5)
 9.3649      1.035158e-02  +1.017427e-01     0.000  0(0)->1(2v2,1v3)
 9.3722      2.609122e-04  -9.656948e-02  2145.805  0(1v3)->1(1v1,3v2)
 9.3722      1.220559e-02  +1.104789e-01     0.000  0(0)->1(3v1,1v2)
 9.3731      1.960199e-04  -7.022800e-02  1935.167  0(1v2)->1(3v1,1v4)
 9.3759      1.732278e-04  +4.512209e-02  1478.482  0(1v0)->1(1v0,1v2,1v4)
 9.3791      1.317467e-04  -5.061441e-02  1780.555  0(1v1)->1(1v2,1v3,1v4)
 9.3864      1.348526e-04  +5.120755e-02  1780.555  0(1v1)->1(3v1,1v4)
 9.3874      2.043109e-03  +4.520076e-02     0.000  0(0)->1(1v2,1v4)
 9.3903      7.552287e-04  +1.378477e-01  1935.167  0(1v2)->1(1v1,3v2)
 9.3949      2.534797e-02  +1.592105e-01     0.000  0(0)->1(2v1,1v2,1v3)
 9.3958      3.695689e-04  -9.642905e-02  1935.167  0(1v2)->1(2v1,1v3,1v4)
 9.4059      4.169485e-04  +7.000380e-02  1478.482  0(1v0)->1(1v0,2v1,1v4)
 9.4131      4.249652e-04  +1.034039e-01  1935.167  0(1v2)->1(3v2,1v3)
 9.4174      4.917636e-03  +7.012586e-02     0.000  0(0)->1(2v1,1v4)
 9.4176      1.202361e-02  +1.096522e-01     0.000  0(0)->1(1v1,1v2,2v3)
 9.4185      1.930309e-04  -6.969051e-02  1935.167  0(1v2)->1(1v1,2v3,1v4)
 9.4232      4.409493e-04  +7.199042e-02  1478.482  0(1v0)->1(1v0,3v2)
 9.4264      3.544212e-04  -8.301645e-02  1780.555  0(1v1)->1(3v2,1v3)
 9.4287      5.379555e-04  +7.951582e-02  1478.482  0(1v0)->1(1v0,1v1,1v3,1v4)
 9.4319      1.271159e-04  -4.971692e-02  1780.555  0(1v1)->1(1v1,2v3,1v4)
 9.4344      2.112350e-04  +1.453392e-02     0.000  0(0)->1(1v2,1v5)
 9.4347      5.200709e-03  +7.211594e-02     0.000  0(0)->1(3v2)
 9.4401      6.344834e-03  +7.965447e-02     0.000  0(0)->1(1v1,1v3,1v4)
 9.4404      1.181294e-03  +3.436995e-02     0.000  0(0)->1(1v2,3v3)
 9.4514      1.380506e-04  +4.028093e-02  1478.482  0(1v0)->1(1v0,2v3,1v4)
 9.4629      1.628217e-03  +4.035117e-02     0.000  0(0)->1(2v3,1v4)
 9.4644      9.921235e-04  +3.149799e-02     0.000  0(0)->1(2v1,1v5)
 9.4647      1.737270e-02  +1.318055e-01     0.000  0(0)->1(2v1,2v2)
 9.4828      4.131236e-04  +1.019530e-01  1935.167  0(1v2)->1(4v2)
 9.4871      4.853141e-04  +2.202984e-02     0.000  0(0)->1(1v1,1v3,1v5)
 9.4874      2.040658e-02  +1.428516e-01     0.000  0(0)->1(1v1,2v2,1v3)
 9.4984      4.858648e-04  +7.556803e-02  1478.482  0(1v0)->1(1v0,1v1,1v2,1v4)
 9.5099      5.730459e-03  +7.569980e-02     0.000  0(0)->1(1v1,1v2,1v4)
 9.5101      4.216657e-03  +6.493579e-02     0.000  0(0)->1(2v2,2v3)
 9.5211      2.835016e-04  +5.772423e-02  1478.482  0(1v0)->1(1v0,1v2,1v3,1v4)
 9.5243      1.473708e-04  -5.353157e-02  1780.555  0(1v1)->1(1v2,2v3,1v4)
 9.5326      3.343717e-03  +5.782488e-02     0.000  0(0)->1(1v2,1v3,1v4)
 9.5399      3.434146e-03  +5.860159e-02     0.000  0(0)->1(3v1,1v4)
 9.5551      2.961499e-04  +1.720901e-02     0.000  0(0)->1(2v4)
 9.5568      8.103918e-04  +2.846738e-02     0.000  0(0)->1(1v1,1v2,1v5)
 9.5571      1.068182e-02  +1.033529e-01     0.000  0(0)->1(1v1,3v2)
 9.5626      7.290174e-03  +8.538252e-02     0.000  0(0)->1(2v1,1v3,1v4)
 9.5795      1.393334e-04  +1.180396e-02     0.000  0(0)->1(1v2,1v3,1v5)
 9.5798      5.503047e-03  +7.418252e-02     0.000  0(0)->1(3v2,1v3)
 9.5853      3.985641e-03  +6.313193e-02     0.000  0(0)->1(1v1,2v3,1v4)
 9.5868      8.269616e-04  +2.875694e-02     0.000  0(0)->1(3v1,1v5)
 9.5908      1.493151e-04  +4.189212e-02  1478.482  0(1v0)->1(1v0,2v2,1v4)
 9.6023      1.761075e-03  +4.196516e-02     0.000  0(0)->1(2v2,1v4)
 9.6080      5.373756e-04  +2.318136e-02     0.000  0(0)->1(3v3,1v4)
 9.6095      8.050129e-04  +2.837275e-02     0.000  0(0)->1(2v1,1v3,1v5)
 9.6322      1.068689e-04  +1.033774e-02     0.000  0(0)->1(1v1,2v3,1v5)
 9.6323      6.902623e-03  +8.308202e-02     0.000  0(0)->1(2v1,1v2,1v4)
 9.6493      1.653640e-04  +1.285939e-02     0.000  0(0)->1(2v2,1v5)
 9.6495      2.412558e-03  +4.911780e-02     0.000  0(0)->1(4v2)
 9.6550      8.649249e-03  +9.300134e-02     0.000  0(0)->1(1v1,1v2,1v3,1v4)
 9.6775      8.795505e-04  +2.965722e-02     0.000  0(0)->1(1v1,2v4)
 9.6777      2.121997e-03  +4.606513e-02     0.000  0(0)->1(1v2,2v3,1v4)
 9.6792      1.235369e-03  +3.514782e-02     0.000  0(0)->1(2v1,1v2,1v5)
 9.7002      5.312529e-04  +2.304892e-02     0.000  0(0)->1(1v3,2v4)
 9.7020      6.000052e-04  +2.449500e-02     0.000  0(0)->1(1v1,1v2,1v3,1v5)
 9.7245      1.270535e-04  +1.127180e-02     0.000  0(0)->1(1v1,1v4,1v5)
 9.7247      4.786003e-03  +6.918095e-02     0.000  0(0)->1(1v1,2v2,1v4)
 9.7475      2.714688e-03  +5.210267e-02     0.000  0(0)->1(2v2,1v3,1v4)
 9.7699      4.569723e-04  +2.137691e-02     0.000  0(0)->1(1v2,2v4)
 9.7717      6.161372e-04  +2.482211e-02     0.000  0(0)->1(1v1,2v2,1v5)
 9.7944      1.067858e-04  +1.033372e-02     0.000  0(0)->1(2v2,1v3,1v5)
 9.7999      1.172845e-03  +3.424683e-02     0.000  0(0)->1(2v1,2v4)
 9.8172      1.125778e-03  +3.355262e-02     0.000  0(0)->1(3v2,1v4)
 9.8227      1.525204e-03  +3.905386e-02     0.000  0(0)->1(1v1,1v3,2v4)
 9.8454      3.990489e-04  +1.997621e-02     0.000  0(0)->1(2v3,2v4)
 9.8469      2.395835e-04  +1.547849e-02     0.000  0(0)->1(2v1,1v4,1v5)
 9.8696      1.477622e-04  +1.215575e-02     0.000  0(0)->1(1v1,1v3,1v4,1v5)
 9.8924      1.344393e-03  +3.666596e-02     0.000  0(0)->1(1v1,1v2,2v4)
 9.9151      7.919459e-04  +2.814153e-02     0.000  0(0)->1(1v2,1v3,2v4)
 9.9393      1.957649e-04  +1.399160e-02     0.000  0(0)->1(1v1,1v2,1v4,1v5)
 9.9848      4.073543e-04  +2.018302e-02     0.000  0(0)->1(2v2,2v4)
------------------------------------------------------------------------------

Stick spectrum was also saved in "cis_hcoh.xml.spectrum_dushinsky" file 



Job "../ezspectrum_code/ezFCF_linux.exe cis_hcoh.xml" has finished: Thu Nov  3 11:28:47 2022

