Job "../ezspectrum_code/ezFCF_linux.exe formaldehyde.xml" has been started: Wed May  3 15:52:42 2023

A copy of the "formaldehyde.xml" input:
--------------------------------------------------------------------------------
Node input
<input
  job = "harmonic_pes" >

<job_parameters 
   spectrum_intensity_threshold = "0.0001" 
   temperature                  = "600" >
</job_parameters>


<parallel_approximation
        max_vibr_excitations_in_initial_el_state = "3"
        max_vibr_excitations_in_target_el_state  = "4"
        combination_bands                        = "true"
        use_normal_coordinates_of_target_states  = "true" >


  <energy_thresholds  units="eV, K, cm-1">
    <initial_state   units="K">      8000    </initial_state>
    <target_state   units="eV">      1.20    </target_state>
  </energy_thresholds> 

</parallel_approximation>


<dushinsky_rotations target_state="1"
      max_vibr_excitations_in_initial_el_state = "3"
      max_vibr_excitations_in_target_el_state  = "4"
      > 

  <energy_thresholds  units="eV, K, cm-1">
    <initial_state   units="K">      8000    </initial_state>
    <target_state   units="eV">      1.20    </target_state>
  </energy_thresholds> 

</dushinsky_rotations>


<initial_state>
  <!-- THIS INITIAL STATE IS FROM "q0.out" FILE -->

  <geometry
    number_of_atoms = "4"
    linear = "false"
    units   ="angstr"
    text   = "
      C       0.5340153438    -0.0000003264     0.0000000000
      O      -0.6761213844     0.0000015561    -0.0000000000
      H       1.1024509331     0.9200767241     0.0000000000
      H       1.1024280793    -0.9200872144     0.0000000000
             ">
    </geometry>

  <normal_modes
    if_mass_weighted="true"
    text = "
          0.000  0.000 -0.172    0.000  0.146  0.000    0.039 -0.000  0.000
         -0.000 -0.000  0.041   -0.000 -0.077 -0.000   -0.108  0.000 -0.000
          0.000  0.000  0.696    0.648 -0.258 -0.000    0.620 -0.331 -0.000
         -0.000 -0.000  0.696   -0.648 -0.258 -0.000    0.620  0.331 -0.000

          0.459 -0.000  0.000   -0.064 -0.000 -0.000    0.000 -0.100 -0.000
         -0.303  0.000 -0.000    0.003  0.000  0.000   -0.000 -0.000  0.000
         -0.330  0.490 -0.000    0.355  0.610  0.000    0.372  0.597  0.000
         -0.330 -0.490 -0.000    0.354 -0.610  0.000   -0.372  0.598  0.000

             "
    atoms = "   C     O     H     H  ">
  </normal_modes> 

  <frequencies
    text = "
       1328.98                1373.53                1673.57
       1909.76                3208.10                3299.85
             ">
    </frequencies>

</initial_state>

<target_state>

  <excitation_energy units="eV"> 10.868 </excitation_energy>

  <!-- THIS TARGET STATE IS FROM "q1.out" FILE -->
  <geometry
    number_of_atoms = "4"
    linear = "false"
    units   ="angstr"
    text   = "
      C       0.0000000017    -0.0000000000     0.5538395625
      O       0.0000000000     0.0000000000    -0.6825093375
      H       0.9535317529    -0.0000000000     1.0685187424
      H      -0.9535317529     0.0000000000     1.0685187424
             ">
  </geometry>

  <normal_modes
    if_mass_weighted="true"
    text = "
          0.140  0.000 -0.000    0.000 -0.166  0.000   -0.000  0.000  0.074
         -0.076 -0.000  0.000   -0.000  0.037 -0.000    0.000 -0.000 -0.135
         -0.228 -0.000  0.660    0.000  0.697  0.000   -0.299 -0.000  0.631
         -0.228 -0.000 -0.660   -0.000  0.697 -0.000    0.299 -0.000  0.631

          0.000  0.000  0.377   -0.000 -0.000  0.060   -0.102  0.000 -0.000
         -0.000 -0.000 -0.228   -0.000  0.000 -0.002   -0.001  0.000  0.000
          0.463 -0.000 -0.434   -0.619  0.000 -0.339    0.615 -0.000  0.341
         -0.463 -0.000 -0.434    0.619 -0.000 -0.339    0.615 -0.000 -0.341

             "
   atoms = "   C     O     H     H  ">
        </normal_modes>

  <manual_normal_modes_reordering 
      new_order="1 0 2 3 4 5">
  </manual_normal_modes_reordering>


  <frequencies
    text = "
       1111.27                1286.59                1475.16
       1634.87                3199.40                3348.62
             ">
   </frequencies>
	
</target_state>

</input>
--------------------------------------------------------------------------------


====== Reading the initial state ======
===== Reading the target state #0 =====
Excitation energy = 10.868000 eV
New normal modes order was requested:
1 0 2 3 4 5
Normal modes reordered.
===== Done reading states =====


Coordinate axes were aligned with MOI principal axes.
Center of mass was shifted to the origin.

New molecular geometry:
   C      0.0000      -0.0000      -0.6068 
   O      0.0000       0.0000       0.6033 
   H      0.0000       0.9201      -1.1752 
   H      0.0000      -0.9201      -1.1752 
 
MOI tensor:
    14.731157     0.000000     0.000000
     0.000000    13.024798     0.000000
     0.000000     0.000000     1.706359

Coordinate axes were aligned with MOI principal axes.
Center of mass was shifted to the origin.
Molecule was rotated by 0/2*pi, 2/2*pi, and 3/2*pi CCW around x, y, and z.
The norm of the geometry difference from the initial state is 0.072.

New molecular geometry:
   C      0.0000       0.0000      -0.6244 
   O      0.0000       0.0000       0.6120 
   H      0.0000       0.9535      -1.1391 
   H      0.0000      -0.9535      -1.1391 
 
MOI tensor:
    15.116307     0.000000     0.000000
     0.000000    13.283623     0.000000
     0.000000     0.000000     1.832684

Transformations of the molecular orientation are complete.
--------------------------------------------------------------------------------

=== Reading the parallel approximation job parameters ===
Reading energy thresholds.


===== Overlap matrix of the target state #1 with the initial state =====
The normal modes overlap matrix with the initial state is diagonal.

--------------------------------------------------------------------------------
 Beginning the parallel mode approximation computations.
--------------------------------------------------------------------------------

===== Target state #1 =====

Difference (dQ) between the initial and the target state geometries
Angstrom*sqrt(amu):

normal mode  dQ in initial  dQ in target   frequency   frequency   comments
  number      state coord.  state coord.    initial      target

       0       0.000000        0.000000      1328.98    1286.59
       1      -0.000013       -0.000013      1373.53    1111.27
       2      -0.040500       -0.027563      1673.57    1475.16
       3       0.090296        0.095010      1909.76    1634.87
       4       0.001336       -0.003996      3208.10    3199.40
       5      -0.000034       -0.000002      3299.85    3348.62


TARGET state normal coordinates (displacements dQ) will be used.

Maximum number of vibrational excitations:
  3 (in the initial state),
  4 (in each target state).

Maximum number of combination bands = 17640
   = 84 (# of vibrational states in the initial electronic state)
   * 210 (# of vibrational states in the target electronic state).

A set of initial vibrational states is being created...
  Energy threshold = 0.69 eV (8000.00 K).
  44 vibrational states below the energy threshold.

A set of target vibrational states is being created...
  Energy threshold = 1.20 eV (9678.57 cm-1).
  183 vibrational states below the energy threshold.

Total number of combination bands with thresholds applied: 8052.

Intensities of combination bands are being calculated...done.
--------------------------------------------------------------------------------
           Stick photoelectron spectrum (parallel approximation)
--------------------------------------------------------------------------------
WARNING! Normal modes of at least one target states were reordered!
         New order is used for TARGET STATE ASSIGNMENT.

Energy,eV    Intensity     FC factor         E",K   Transition

10.6312      1.712272e-03  +4.085309e-01  2747.735  0(1v3)->1(0)
10.6605      2.295699e-04  -1.126960e-01  2407.909  0(1v2)->1(0)
10.8014      1.676798e-04  +6.635829e-01  4723.951  0(1v1,1v3)->1(1v1,1v3)
10.8030      1.021878e-03  +8.612552e-01  3952.431  0(2v1)->1(2v1)
10.8109      4.892034e-04  +8.539099e-01  4384.124  0(1v1,1v2)->1(1v1,1v2)
10.8188      2.305686e-04  +8.400448e-01  4815.817  0(2v2)->1(2v2)
10.8287      1.886373e-04  +6.672225e-01  4659.853  0(1v0,1v3)->1(1v0,1v3)
10.8302      1.162658e-03  +8.708845e-01  3888.333  0(1v0,1v1)->1(1v0,1v1)
10.8339      4.568550e-03  +6.673102e-01  2747.735  0(1v3)->1(1v3)
10.8355      2.815807e-02  +8.709989e-01  1976.215  0(1v1)->1(1v1)
10.8381      5.503464e-04  +8.585934e-01  4320.026  0(1v0,1v2)->1(1v0,1v2)
10.8434      1.332867e-02  +8.587062e-01  2407.909  0(1v2)->1(1v2)
10.8575      1.307629e-03  +8.755461e-01  3824.235  0(2v0)->1(2v0)
10.8627      3.167740e-02  +8.757762e-01  1912.117  0(1v0)->1(1v0)
10.8669      3.493299e-04  +8.752258e-01  4615.768  0(1v4)->1(1v4)
10.8680      7.671854e-01  +8.758912e-01     0.000  0(0)->1(0)
10.8740      2.807511e-04  +8.758676e-01  4747.777  0(1v5)->1(1v5)
11.0041      1.230071e-04  -5.683553e-01  4723.951  0(1v1,1v3)->1(1v1,2v3)
11.0057      2.596834e-04  -4.341646e-01  3952.431  0(2v1)->1(2v1,1v3)
11.0136      1.243181e-04  -4.304617e-01  4384.124  0(1v1,1v2)->1(1v1,1v2,1v3)
11.0184      5.288404e-04  +1.193654e-01  1976.215  0(1v1)->1(1v1,1v2)
11.0263      5.406390e-04  +1.729437e-01  2407.909  0(1v2)->1(2v2)
11.0314      1.383812e-04  -5.714726e-01  4659.853  0(1v0,1v3)->1(1v0,2v3)
11.0329      2.954589e-04  -4.390187e-01  3888.333  0(1v0,1v1)->1(1v0,1v1,1v3)
11.0366      3.351412e-03  -5.715477e-01  2747.735  0(1v3)->1(2v3)
11.0382      7.155630e-03  -4.390764e-01  1976.215  0(1v1)->1(1v1,1v3)
11.0408      1.398560e-04  -4.328228e-01  4320.026  0(1v0,1v2)->1(1v0,1v2,1v3)
11.0456      5.949374e-04  +1.200201e-01  1912.117  0(1v0)->1(1v0,1v2)
11.0461      3.387131e-03  -4.328796e-01  2407.909  0(1v2)->1(1v2,1v3)
11.0509      1.440861e-02  +1.200359e-01     0.000  0(0)->1(1v2)
11.0602      3.322995e-04  -4.413687e-01  3824.235  0(2v0)->1(2v0,1v3)
11.0654      8.049976e-03  -4.414847e-01  1912.117  0(1v0)->1(1v0,1v3)
11.0707      1.949599e-01  -4.415427e-01     0.000  0(0)->1(1v3)
11.1110      4.705170e-04  -1.125910e-01  1976.215  0(1v1)->1(3v1)
11.1383      1.764415e-04  -6.536101e-02  1912.117  0(1v0)->1(1v0,2v1)
11.1436      4.273183e-03  -6.536959e-02     0.000  0(0)->1(2v1)
11.1870      1.007545e-04  -1.003765e-02     0.000  0(0)->1(2v0)
11.2211      1.343908e-04  -6.017291e-02  1976.215  0(1v1)->1(1v1,1v2,1v3)
11.2290      1.373891e-04  -8.718210e-02  2407.909  0(1v2)->1(2v2,1v3)
11.2338      7.504731e-04  -2.739476e-02     0.000  0(0)->1(2v2)
11.2393      3.589205e-04  +1.870414e-01  2747.735  0(1v3)->1(3v3)
11.2409      4.389541e-04  +1.087491e-01  1976.215  0(1v1)->1(1v1,2v3)
11.2483      1.511876e-04  -6.050294e-02  1912.117  0(1v0)->1(1v0,1v2,1v3)
11.2488      2.077797e-04  +1.072143e-01  2407.909  0(1v2)->1(1v2,2v3)
11.2536      3.661568e-03  -6.051089e-02     0.000  0(0)->1(1v2,1v3)
11.2647      5.828911e-04  +2.414314e-02     0.000  0(0)->1(1v4)
11.2681      4.938167e-04  +1.093456e-01  1912.117  0(1v0)->1(1v0,2v3)
11.2734      1.195960e-02  +1.093599e-01     0.000  0(0)->1(2v3)
11.3137      1.195695e-04  +5.675790e-02  1976.215  0(1v1)->1(3v1,1v3)
11.3463      1.085917e-03  +3.295325e-02     0.000  0(0)->1(2v1,1v3)
11.4365      1.907130e-04  +1.380989e-02     0.000  0(0)->1(2v2,1v3)
11.4563      2.246147e-04  +1.498715e-02     0.000  0(0)->1(1v2,2v3)
11.4674      1.481264e-04  -1.217072e-02     0.000  0(0)->1(1v3,1v4)
--------------------------------------------------------------------------------

Stick spectrum was also saved in "formaldehyde.xml.spectrum_parallel" file.
--------------------------------------------------------------------------------



=== Reading the Dushinsky rotations job parameters ===

Duschinsky calculations will work with the input target state number 1.

Reading energy thresholds.

--------------------------------------------------------------------------------
 Beginning computations with an inclusion of the Duschinsky effect.
--------------------------------------------------------------------------------

Determinant of the normal modes rotation matrix: |Det(S)| =  0.9995.

Number of normal modes active in this calculation: 6.

Size of layers with exactly K' excitations in the target state (in bytes):
   layer K'=0: 8
   layer K'=1: 48
   layer K'=2: 168
   layer K'=3: 448
   layer K'=4: 1008
Please be sure that you have enough memory to store all these layers,
otherwise use "max_vibr_to_store" tag to limit the memory use.
You also can reduce "max_vibr_excitations_in_target_el_state" value,
and/or use "single_excitation" elements to add higher excitations.

Layer K'=1 is being evaluated (will be saved in memory)... Done
3 points above the intensity threhold were added to the spectrum

Layer K'=2 is being evaluated (will be saved in memory)... Done
7 points above the intensity threhold were added to the spectrum

Layer K'=3 is being evaluated (will be saved in memory)... Done
3 points above the intensity threhold were added to the spectrum

Layer K'=4 is being evaluated (will be saved in memory)... Done
No points above the intensity threhold were found in this layer

Maximum number of combination bands = 17640
   = 84 (# of vibrational states in the initial electronic state)
   * 210 (# of vibrational states in the target electronic state)

A set of initial vibrational states is being created...
  Energy threshold = 0.69 eV (8000.00 K).
  43 vibrational states below the energy threshold.

A set of target vibrational states is being created...
  Energy threshold = 1.20 eV (9678.57 cm-1).
  183 vibrational states below the energy threshold

Total number of combination bands with thresholds applied: 7869

Hot bands are being calculated...Done

665 hot bands were added to the spectrum.
Note: the Boltzmann distribution will be applied later.

Scaling intensities by Boltzmann distribution and applying thresholds.
  624 hot bands were removed from the spectrum.

--------------------------------------------------------------------------------
        Stick photoelectron spectrum (with Dushinsky rotations) 
--------------------------------------------------------------------------------
WARNING! Normal modes of at least one target states were reordered!
         New order is used for TARGET STATE ASSIGNMENT.

Energy,eV    Intensity     FC factor         E",K   Transition

10.6312      1.557625e-03  +3.896458e-01  2747.735  0(1v3)->1(0)
10.6605      5.186998e-04  -1.693984e-01  2407.909  0(1v2)->1(0)
10.8014      1.684042e-04  +6.650146e-01  4723.951  0(1v1,1v3)->1(1v1,1v3)
10.8030      1.018275e-03  +8.597355e-01  3952.431  0(2v1)->1(2v1)
10.8109      4.711196e-04  +8.379786e-01  4384.124  0(1v1,1v2)->1(1v1,1v2)
10.8141      3.076160e-04  +1.731582e-01  2747.735  0(1v3)->1(1v2)
10.8188      2.141394e-04  +8.095630e-01  4815.817  0(2v2)->1(2v2)
10.8287      1.899750e-04  +6.695842e-01  4659.853  0(1v0,1v3)->1(1v0,1v3)
10.8302      1.161758e-03  +8.705471e-01  3888.333  0(1v0,1v1)->1(1v0,1v1)
10.8339      4.600979e-03  +6.696744e-01  2747.735  0(1v3)->1(1v3)
10.8355      2.813645e-02  +8.706644e-01  1976.215  0(1v1)->1(1v1)
10.8381      5.314651e-04  +8.437366e-01  4320.026  0(1v0,1v2)->1(1v0,1v2)
10.8434      1.287148e-02  +8.438503e-01  2407.909  0(1v2)->1(1v2)
10.8575      1.310213e-03  +8.764108e-01  3824.235  0(2v0)->1(2v0)
10.8627      3.174043e-02  +8.766471e-01  1912.117  0(1v0)->1(1v0)
10.8669      3.499920e-04  -8.760549e-01  4615.768  0(1v4)->1(1v4)
10.8680      7.687172e-01  +8.767652e-01     0.000  0(0)->1(0)
10.8740      2.805375e-04  +8.755344e-01  4747.777  0(1v5)->1(1v5)
11.0041      1.202809e-04  -5.620216e-01  4723.951  0(1v1,1v3)->1(1v1,2v3)
11.0057      2.566660e-04  -4.316348e-01  3952.431  0(2v1)->1(2v1,1v3)
11.0136      1.270068e-04  -4.350918e-01  4384.124  0(1v1,1v2)->1(1v1,1v2,1v3)
11.0184      4.929653e-04  +1.152456e-01  1976.215  0(1v1)->1(1v1,1v2)
11.0263      5.088279e-04  +1.677786e-01  2407.909  0(1v2)->1(2v2)
11.0314      1.356876e-04  -5.658835e-01  4659.853  0(1v0,1v3)->1(1v0,2v3)
11.0329      2.928321e-04  -4.370628e-01  3888.333  0(1v0,1v1)->1(1v0,1v1,1v3)
11.0366      3.286200e-03  -5.659597e-01  2747.735  0(1v3)->1(2v3)
11.0382      7.092061e-03  -4.371217e-01  1976.215  0(1v1)->1(1v1,1v3)
11.0408      1.432751e-04  -4.380814e-01  4320.026  0(1v0,1v2)->1(1v0,1v2,1v3)
11.0456      5.561090e-04  +1.160375e-01  1912.117  0(1v0)->1(1v0,1v2)
11.0461      3.469960e-03  -4.381405e-01  2407.909  0(1v2)->1(1v2,1v3)
11.0509      1.346833e-02  +1.160531e-01     0.000  0(0)->1(1v2)
11.0602      3.302518e-04  -4.400067e-01  3824.235  0(2v0)->1(2v0,1v3)
11.0654      8.000480e-03  -4.401253e-01  1912.117  0(1v0)->1(1v0,1v3)
11.0707      1.937625e-01  -4.401846e-01     0.000  0(0)->1(1v3)
11.1110      4.782017e-04  -1.135068e-01  1976.215  0(1v1)->1(3v1)
11.1383      1.798181e-04  -6.598346e-02  1912.117  0(1v0)->1(1v0,2v1)
11.1436      4.354990e-03  -6.599235e-02     0.000  0(0)->1(2v1)
11.1870      1.035619e-04  -1.017653e-02     0.000  0(0)->1(2v0)
11.2211      1.649057e-04  -6.665519e-02  1976.215  0(1v1)->1(1v1,1v2,1v3)
11.2290      1.537670e-04  -9.223223e-02  2407.909  0(1v2)->1(2v2,1v3)
11.2338      8.457460e-04  -2.908171e-02     0.000  0(0)->1(2v2)
11.2393      3.487783e-04  +1.843798e-01  2747.735  0(1v3)->1(3v3)
11.2409      4.343749e-04  +1.081804e-01  1976.215  0(1v1)->1(1v1,2v3)
11.2483      1.860284e-04  -6.711320e-02  1912.117  0(1v0)->1(1v0,1v2,1v3)
11.2488      2.469241e-04  +1.168780e-01  2407.909  0(1v2)->1(1v2,2v3)
11.2536      4.505396e-03  -6.712224e-02     0.000  0(0)->1(1v2,1v3)
11.2647      4.370841e-04  +2.090656e-02     0.000  0(0)->1(1v4)
11.2681      4.900138e-04  +1.089237e-01  1912.117  0(1v0)->1(1v0,2v3)
11.2734      1.186758e-02  +1.089384e-01     0.000  0(0)->1(2v3)
11.3137      1.205353e-04  +5.698667e-02  1976.215  0(1v1)->1(3v1,1v3)
11.3463      1.097717e-03  +3.313181e-02     0.000  0(0)->1(2v1,1v3)
11.4210      2.734330e-04  -1.653581e-02     0.000  0(0)->1(1v1,1v5)
11.4365      1.675118e-04  +1.294264e-02     0.000  0(0)->1(2v2,1v3)
11.4563      4.288355e-04  +2.070834e-02     0.000  0(0)->1(1v2,2v3)
11.4674      2.646868e-04  -1.626920e-02     0.000  0(0)->1(1v3,1v4)
--------------------------------------------------------------------------------

Stick spectrum was also saved in "formaldehyde.xml.spectrum_dushinsky" file.
--------------------------------------------------------------------------------


Job "../ezspectrum_code/ezFCF_linux.exe formaldehyde.xml" has finished: Wed May  3 15:52:42 2023

