Job "../ezspectrum_code/ezFCF_linux.exe the_only_initial_state.xml" has been started: Wed May  3 15:52:42 2023

A copy of the "the_only_initial_state.xml" input:
--------------------------------------------------------------------------------
Node input
<input
  job = "harmonic_pes" >

<job_parameters 
   spectrum_intensity_threshold = "0.0001" 
   temperature                  = "600" >
</job_parameters>


<parallel_approximation
        max_vibr_excitations_in_initial_el_state = "3"
        max_vibr_excitations_in_target_el_state  = "4"
        combination_bands                        = "true"
        use_normal_coordinates_of_target_states  = "true" >


  <energy_thresholds  units="eV, K, cm-1">
    <initial_state   units="K">      8000    </initial_state>
    <target_state   units="eV">      1.20    </target_state>
  </energy_thresholds> 

  <the_only_initial_state text="1v1,1v2"> 
  </the_only_initial_state>

</parallel_approximation>


<dushinsky_rotations target_state="1"
      max_vibr_excitations_in_initial_el_state = "3"
      max_vibr_excitations_in_target_el_state  = "4"
      > 

  <energy_thresholds  units="eV, K, cm-1">
    <initial_state   units="K">      8000    </initial_state>
    <target_state   units="eV">      1.20    </target_state>
  </energy_thresholds> 

  <the_only_initial_state text="1v1,1v2"> 
  </the_only_initial_state>

</dushinsky_rotations>


<initial_state>
  <!-- THIS INITIAL STATE IS FROM "q0.out" FILE -->

  <geometry
    number_of_atoms = "4"
    linear = "false"
    units   ="angstr"
    text   = "
      C       0.5340153438    -0.0000003264     0.0000000000
      O      -0.6761213844     0.0000015561    -0.0000000000
      H       1.1024509331     0.9200767241     0.0000000000
      H       1.1024280793    -0.9200872144     0.0000000000
             ">
    </geometry>

  <normal_modes
    if_mass_weighted="true"
    text = "
          0.000  0.000 -0.172    0.000  0.146  0.000    0.039 -0.000  0.000
         -0.000 -0.000  0.041   -0.000 -0.077 -0.000   -0.108  0.000 -0.000
          0.000  0.000  0.696    0.648 -0.258 -0.000    0.620 -0.331 -0.000
         -0.000 -0.000  0.696   -0.648 -0.258 -0.000    0.620  0.331 -0.000

          0.459 -0.000  0.000   -0.064 -0.000 -0.000    0.000 -0.100 -0.000
         -0.303  0.000 -0.000    0.003  0.000  0.000   -0.000 -0.000  0.000
         -0.330  0.490 -0.000    0.355  0.610  0.000    0.372  0.597  0.000
         -0.330 -0.490 -0.000    0.354 -0.610  0.000   -0.372  0.598  0.000

             "
    atoms = "   C     O     H     H  ">
  </normal_modes> 

  <frequencies
    text = "
       1328.98                1373.53                1673.57
       1909.76                3208.10                3299.85
             ">
    </frequencies>

</initial_state>

<target_state>

  <excitation_energy units="eV"> 10.868 </excitation_energy>

  <!-- THIS TARGET STATE IS FROM "q1.out" FILE -->
  <geometry
    number_of_atoms = "4"
    linear = "false"
    units   ="angstr"
    text   = "
      C       0.0000000017    -0.0000000000     0.5538395625
      O       0.0000000000     0.0000000000    -0.6825093375
      H       0.9535317529    -0.0000000000     1.0685187424
      H      -0.9535317529     0.0000000000     1.0685187424
             ">
  </geometry>

  <normal_modes
    if_mass_weighted="true"
    text = "
          0.140  0.000 -0.000    0.000 -0.166  0.000   -0.000  0.000  0.074
         -0.076 -0.000  0.000   -0.000  0.037 -0.000    0.000 -0.000 -0.135
         -0.228 -0.000  0.660    0.000  0.697  0.000   -0.299 -0.000  0.631
         -0.228 -0.000 -0.660   -0.000  0.697 -0.000    0.299 -0.000  0.631

          0.000  0.000  0.377   -0.000 -0.000  0.060   -0.102  0.000 -0.000
         -0.000 -0.000 -0.228   -0.000  0.000 -0.002   -0.001  0.000  0.000
          0.463 -0.000 -0.434   -0.619  0.000 -0.339    0.615 -0.000  0.341
         -0.463 -0.000 -0.434    0.619 -0.000 -0.339    0.615 -0.000 -0.341

             "
   atoms = "   C     O     H     H  ">
        </normal_modes>

  <manual_normal_modes_reordering 
      new_order="1 0 2 3 4 5">
  </manual_normal_modes_reordering>


  <frequencies
    text = "
       1111.27                1286.59                1475.16
       1634.87                3199.40                3348.62
             ">
   </frequencies>
	
</target_state>

</input>
--------------------------------------------------------------------------------


====== Reading the initial state ======
===== Reading the target state #0 =====
Excitation energy = 10.868000 eV
New normal modes order was requested:
1 0 2 3 4 5
Normal modes reordered.
===== Done reading states =====


Coordinate axes were aligned with MOI principal axes.
Center of mass was shifted to the origin.

New molecular geometry:
   C      0.0000      -0.0000      -0.6068 
   O      0.0000       0.0000       0.6033 
   H      0.0000       0.9201      -1.1752 
   H      0.0000      -0.9201      -1.1752 
 
MOI tensor:
    14.731157     0.000000     0.000000
     0.000000    13.024798     0.000000
     0.000000     0.000000     1.706359

Coordinate axes were aligned with MOI principal axes.
Center of mass was shifted to the origin.
Molecule was rotated by 0/2*pi, 2/2*pi, and 3/2*pi CCW around x, y, and z.
The norm of the geometry difference from the initial state is 0.072.

New molecular geometry:
   C      0.0000       0.0000      -0.6244 
   O      0.0000       0.0000       0.6120 
   H      0.0000       0.9535      -1.1391 
   H      0.0000      -0.9535      -1.1391 
 
MOI tensor:
    15.116307     0.000000     0.000000
     0.000000    13.283623     0.000000
     0.000000     0.000000     1.832684

Transformations of the molecular orientation are complete.
--------------------------------------------------------------------------------

=== Reading the parallel approximation job parameters ===
Reading energy thresholds.


===== Overlap matrix of the target state #1 with the initial state =====
The normal modes overlap matrix with the initial state is diagonal.

--------------------------------------------------------------------------------
 Beginning the parallel mode approximation computations.
--------------------------------------------------------------------------------

===== Target state #1 =====

Difference (dQ) between the initial and the target state geometries
Angstrom*sqrt(amu):

normal mode  dQ in initial  dQ in target   frequency   frequency   comments
  number      state coord.  state coord.    initial      target

       0       0.000000        0.000000      1328.98    1286.59
       1      -0.000013       -0.000013      1373.53    1111.27
       2      -0.040500       -0.027563      1673.57    1475.16
       3       0.090296        0.095010      1909.76    1634.87
       4       0.001336       -0.003996      3208.10    3199.40
       5      -0.000034       -0.000002      3299.85    3348.62


TARGET state normal coordinates (displacements dQ) will be used.

Maximum number of vibrational excitations:
  3 (in the initial state),
  4 (in each target state).

Maximum number of combination bands = 210
   = 1 (# of vibrational states in the initial electronic state)
   * 210 (# of vibrational states in the target electronic state).

A set of initial vibrational states is being created...
  Energy threshold = 0.69 eV (8000.00 K).
  44 vibrational states below the energy threshold.

A set of target vibrational states is being created...
  Energy threshold = 1.20 eV (9678.57 cm-1).
  183 vibrational states below the energy threshold.

 The only initial state active:
    The initial state contains only ONE vibrational state.

Total number of combination bands with thresholds applied: 183.

Intensities of combination bands are being calculated...done.
--------------------------------------------------------------------------------
           Stick photoelectron spectrum (parallel approximation)
--------------------------------------------------------------------------------
WARNING! Normal modes of at least one target states were reordered!
         New order is used for TARGET STATE ASSIGNMENT.

Energy,eV    Intensity     FC factor         E",K   Transition

10.8109      4.892034e-04  +8.539099e-01  4384.124  0(1v1,1v2)->1(1v1,1v2)
11.0136      1.243181e-04  -4.304617e-01  4384.124  0(1v1,1v2)->1(1v1,1v2,1v3)
--------------------------------------------------------------------------------

Stick spectrum was also saved in "the_only_initial_state.xml.spectrum_parallel" file.
--------------------------------------------------------------------------------



=== Reading the Dushinsky rotations job parameters ===

Duschinsky calculations will work with the input target state number 1.

Reading energy thresholds.

--------------------------------------------------------------------------------
 Beginning computations with an inclusion of the Duschinsky effect.
--------------------------------------------------------------------------------

Determinant of the normal modes rotation matrix: |Det(S)| =  0.9995.

Number of normal modes active in this calculation: 6.

Size of layers with exactly K' excitations in the target state (in bytes):
   layer K'=0: 8
   layer K'=1: 48
   layer K'=2: 168
   layer K'=3: 448
   layer K'=4: 1008
Please be sure that you have enough memory to store all these layers,
otherwise use "max_vibr_to_store" tag to limit the memory use.
You also can reduce "max_vibr_excitations_in_target_el_state" value,
and/or use "single_excitation" elements to add higher excitations.

Scaling intensities by Boltzmann distribution and applying thresholds.
  16 hot bands were removed from the spectrum.

--------------------------------------------------------------------------------
        Stick photoelectron spectrum (with Dushinsky rotations) 
--------------------------------------------------------------------------------
WARNING! Normal modes of at least one target states were reordered!
         New order is used for TARGET STATE ASSIGNMENT.

Energy,eV    Intensity     FC factor         E",K   Transition

10.8109      4.711196e-04  +8.379786e-01  4384.124  0(1v1,1v2)->1(1v1,1v2)
11.0136      1.270068e-04  -4.350918e-01  4384.124  0(1v1,1v2)->1(1v1,1v2,1v3)
--------------------------------------------------------------------------------

Stick spectrum was also saved in "the_only_initial_state.xml.spectrum_dushinsky" file.
--------------------------------------------------------------------------------


Job "../ezspectrum_code/ezFCF_linux.exe the_only_initial_state.xml" has finished: Wed May  3 15:52:42 2023

