Job "../ezspectrum_code/ezFCF_linux.exe vg_phenolate.xml" has been started: Thu Aug 25 14:36:42 2022

A copy of the "vg_phenolate.xml" input:
------------------------------------------------------------------------------
Node input
<input
  job = "harmonic_pes">

<job_parameters
        temperature                              = "300"
        spectrum_intensity_threshold             = "0.001" >
</job_parameters>

<parallel_approximation
        max_vibr_excitations_in_initial_el_state = "1"
        max_vibr_excitations_in_target_el_state  = "4"
        combination_bands                        = "true"
        use_normal_coordinates_of_target_states  = "true"
 >
</parallel_approximation>

<!--
  ______________________________________________________________________

 -->

<initial_state>
  <!-- THIS INITIAL STATE IS FROM "initialFreq.out" FILE -->

  <geometry
    number_of_atoms = "12"
    linear = "false"
    units   = "angstr"
    text   = "
      C      -1.2054461359     0.0000000000     0.2853376169
      C      -1.1922644022     0.0000000000    -1.0939323325
      C       0.0000000000     0.0000000000    -1.8191186332
      C       1.1922644022    -0.0000000000    -1.0939323325
      C       1.2054461359    -0.0000000000     0.2853376169
      C       0.0000000000     0.0000000000     1.0766024045
      O       0.0000000000     0.0000000000     2.3331965278
      H      -2.1459568243     0.0000000000     0.8267777040
      H      -2.1387806877     0.0000000000    -1.6293962060
      H       0.0000000000     0.0000000000    -2.9020958466
      H       2.1387806877    -0.0000000000    -1.6293962060
      H       2.1459568243    -0.0000000000     0.8267777040
             ">
  </geometry>

  <normal_modes
    if_mass_weighted="True"
    text = "
         -0.000 -0.291 -0.000   -0.000  0.238 -0.000   -0.246 -0.000 -0.039
          0.000  0.002  0.000    0.000 -0.224 -0.000    0.043  0.000 -0.099
          0.000  0.267 -0.000    0.000  0.000 -0.000    0.097 -0.000 -0.000
          0.000  0.002 -0.000    0.000  0.224  0.000    0.043 -0.000  0.099
         -0.000 -0.291 -0.000   -0.000 -0.238  0.000   -0.246  0.000  0.039
         -0.000 -0.084  0.000   -0.000  0.000  0.000   -0.219  0.000 -0.000
          0.000  0.307  0.000    0.000 -0.000  0.000    0.417 -0.000 -0.000
         -0.000 -0.409 -0.000   -0.000  0.386 -0.000   -0.378 -0.000 -0.263
          0.000  0.046 -0.000    0.000 -0.494 -0.000    0.131  0.000 -0.259
         -0.000  0.565 -0.000    0.000  0.000 -0.000    0.169 -0.000 -0.000
          0.000  0.046  0.000    0.000  0.494  0.000    0.131 -0.000  0.259
         -0.000 -0.409  0.000   -0.000 -0.386  0.000   -0.378  0.000  0.263

          0.000  0.047 -0.000    0.211 -0.000 -0.053   -0.145 -0.000  0.250
          0.000 -0.120 -0.000    0.179  0.000 -0.129    0.251  0.000  0.278
          0.000  0.205 -0.000   -0.000 -0.000 -0.390    0.109 -0.000 -0.000
         -0.000 -0.120 -0.000   -0.179  0.000 -0.129    0.251 -0.000 -0.278
         -0.000  0.047 -0.000   -0.211  0.000 -0.053   -0.145  0.000 -0.250
          0.000  0.200  0.000   -0.000 -0.000  0.321   -0.149  0.000 -0.000
         -0.000 -0.075  0.000    0.000  0.000  0.379   -0.115 -0.000 -0.000
          0.000 -0.395 -0.000    0.036  0.000 -0.340   -0.219 -0.000  0.114
         -0.000 -0.531  0.000    0.048  0.000  0.100    0.301  0.000  0.183
         -0.000 -0.050 -0.000    0.000  0.000 -0.388   -0.365  0.000 -0.000
         -0.000 -0.531  0.000   -0.048  0.000  0.100    0.301 -0.000 -0.183
         -0.000 -0.395 -0.000   -0.036  0.000 -0.340   -0.219  0.000 -0.114

          0.000  0.022 -0.000   -0.000  0.072  0.000   -0.248 -0.000 -0.068
         -0.000 -0.068 -0.000   -0.000 -0.156  0.000   -0.209 -0.000 -0.162
         -0.000 -0.057  0.000    0.000  0.215 -0.000    0.000 -0.000  0.086
         -0.000 -0.068  0.000    0.000 -0.156  0.000    0.209  0.000 -0.162
          0.000  0.022  0.000    0.000  0.072  0.000    0.248  0.000 -0.068
          0.000  0.061 -0.000    0.000 -0.204 -0.000   -0.000  0.000  0.148
          0.000 -0.021 -0.000   -0.000  0.039 -0.000   -0.000 -0.000  0.240
          0.000  0.069 -0.000   -0.000  0.650 -0.000   -0.306  0.000 -0.143
         -0.000  0.137 -0.000    0.000  0.007  0.000   -0.054  0.000 -0.448
         -0.000  0.967  0.000    0.000 -0.074 -0.000    0.000 -0.000  0.076
         -0.000  0.137  0.000   -0.000  0.007 -0.000    0.054 -0.000 -0.448
          0.000  0.069  0.000    0.000  0.650 -0.000    0.306 -0.000 -0.143

         -0.000  0.077 -0.000    0.000 -0.149 -0.000   -0.000  0.043  0.000
         -0.000  0.068 -0.000   -0.000 -0.022  0.000    0.000 -0.074  0.000
          0.000  0.000  0.000    0.000  0.053  0.000   -0.000  0.031 -0.000
          0.000 -0.068 -0.000    0.000 -0.022  0.000   -0.000 -0.074  0.000
          0.000 -0.077 -0.000   -0.000 -0.149 -0.000    0.000  0.043  0.000
         -0.000  0.000  0.000    0.000  0.267 -0.000    0.000  0.007  0.000
          0.000 -0.000  0.000    0.000 -0.071 -0.000   -0.000  0.003 -0.000
         -0.000 -0.585 -0.000    0.000  0.542  0.000   -0.000 -0.338 -0.000
         -0.000 -0.384 -0.000    0.000  0.309 -0.000    0.000  0.589 -0.000
         -0.000 -0.000  0.000    0.000 -0.310  0.000    0.000 -0.248 -0.000
          0.000  0.384 -0.000    0.000  0.309  0.000   -0.000  0.589 -0.000
          0.000  0.585 -0.000    0.000  0.542 -0.000    0.000 -0.338  0.000

          0.000  0.067 -0.000    0.291  0.000 -0.111    0.014 -0.000 -0.084
          0.000 -0.093 -0.000   -0.183 -0.000 -0.089    0.155  0.000  0.010
         -0.000  0.000  0.000   -0.000  0.000  0.270    0.000  0.000  0.227
         -0.000  0.093 -0.000    0.183 -0.000 -0.089   -0.155 -0.000  0.010
         -0.000 -0.067 -0.000   -0.291  0.000 -0.111   -0.014  0.000 -0.084
         -0.000 -0.000 -0.000   -0.000 -0.000 -0.008    0.000 -0.000  0.009
         -0.000  0.000  0.000    0.000  0.000  0.070   -0.000  0.000  0.009
          0.000 -0.400  0.000    0.463 -0.000  0.188   -0.181  0.000 -0.435
          0.000  0.572 -0.000   -0.185  0.000 -0.056    0.334 -0.000 -0.283
          0.000 -0.000  0.000   -0.000 -0.000  0.266    0.000  0.000  0.243
          0.000 -0.572  0.000    0.185  0.000 -0.056   -0.334  0.000 -0.283
          0.000  0.400 -0.000   -0.463 -0.000  0.188    0.181 -0.000 -0.435

         -0.067 -0.000  0.082    0.006  0.000  0.004    0.006  0.000 -0.044
         -0.059  0.000 -0.027   -0.017 -0.000  0.036   -0.046 -0.000  0.039
          0.113 -0.000 -0.000    0.043 -0.000  0.000   -0.000 -0.000  0.015
         -0.059 -0.000  0.027   -0.017  0.000 -0.036    0.046  0.000  0.039
         -0.067  0.000 -0.082    0.006 -0.000 -0.004   -0.006  0.000 -0.044
          0.079 -0.000 -0.000   -0.018  0.000 -0.000   -0.000  0.000  0.013
         -0.017  0.000 -0.000    0.001 -0.000 -0.000    0.000 -0.000 -0.014
          0.146  0.000  0.468   -0.119 -0.000 -0.214   -0.215 -0.000 -0.432
          0.043 -0.000 -0.218   -0.230  0.000  0.415   -0.269  0.000  0.435
          0.608  0.000 -0.000    0.652  0.000  0.000   -0.000 -0.000  0.015
          0.043  0.000  0.218   -0.230 -0.000 -0.415    0.269  0.000  0.435
          0.146 -0.000 -0.468   -0.119  0.000  0.214    0.215 -0.000 -0.432

         -0.109  0.000 -0.051   -0.069 -0.000 -0.121   -0.094  0.000 -0.137
         -0.058  0.000  0.092   -0.003 -0.000  0.028    0.099 -0.000  0.000
          0.087  0.000 -0.000    0.148  0.000  0.000    0.000  0.000  0.057
         -0.058  0.000 -0.092   -0.003  0.000 -0.028   -0.099 -0.000  0.000
         -0.109 -0.000  0.051   -0.069  0.000  0.121    0.094 -0.000 -0.137
          0.348 -0.000  0.000    0.015  0.000 -0.000    0.000  0.000 -0.104
         -0.033  0.000 -0.000    0.015  0.000  0.000   -0.000 -0.000  0.126
         -0.352 -0.000 -0.466    0.203 -0.000  0.359    0.226  0.000  0.415
          0.102  0.000 -0.204   -0.207  0.000  0.391   -0.139  0.000  0.449
         -0.179 -0.000 -0.000   -0.452 -0.000  0.000   -0.000 -0.000  0.077
          0.102 -0.000  0.204   -0.207 -0.000 -0.391    0.139 -0.000  0.449
         -0.352  0.000  0.466    0.203 -0.000 -0.359   -0.226  0.000  0.415

         -0.029 -0.000  0.170    0.150 -0.000  0.094   -0.039 -0.000  0.066
          0.033  0.000 -0.219   -0.217  0.000  0.059    0.105 -0.000 -0.234
          0.054  0.000 -0.000    0.384  0.000  0.000   -0.000 -0.000  0.151
          0.033  0.000  0.219   -0.217  0.000 -0.059   -0.105  0.000 -0.234
         -0.029  0.000 -0.170    0.150 -0.000 -0.094    0.039 -0.000  0.066
          0.110  0.000 -0.000   -0.203  0.000  0.000    0.000  0.000  0.363
         -0.030  0.000  0.000    0.017 -0.000 -0.000   -0.000  0.000 -0.230
         -0.208 -0.000 -0.104   -0.076 -0.000 -0.300    0.027 -0.000  0.259
         -0.311  0.000  0.353   -0.053  0.000 -0.265   -0.259  0.000  0.417
         -0.525 -0.000 -0.000   -0.557 -0.000  0.000    0.000 -0.000  0.175
         -0.311 -0.000 -0.353   -0.053 -0.000  0.265    0.259 -0.000  0.417
         -0.208  0.000  0.104   -0.076  0.000  0.300   -0.027  0.000  0.259

         -0.037  0.000 -0.281    0.015  0.000 -0.008    0.017  0.000 -0.008
         -0.071  0.000  0.245   -0.048  0.000 -0.026   -0.050  0.000 -0.028
         -0.000 -0.000 -0.105    0.000 -0.000  0.019    0.002  0.000 -0.000
          0.071  0.000  0.245    0.048  0.000 -0.026   -0.050 -0.000  0.028
          0.037 -0.000 -0.281   -0.015  0.000 -0.008    0.017 -0.000  0.008
          0.000  0.000  0.400    0.000 -0.000 -0.001    0.001 -0.000 -0.000
          0.000 -0.000 -0.163   -0.000 -0.000 -0.000   -0.000  0.000  0.000
          0.272  0.000  0.268   -0.193 -0.000  0.107   -0.200 -0.000  0.112
          0.207 -0.000 -0.246    0.562 -0.000  0.315    0.581 -0.000  0.327
          0.000  0.000 -0.115   -0.000  0.000 -0.259   -0.005  0.000  0.000
         -0.207 -0.000 -0.246   -0.562 -0.000  0.315    0.581  0.000 -0.327
         -0.272  0.000  0.268    0.193 -0.000  0.107   -0.200 -0.000 -0.112

         -0.050 -0.000  0.030   -0.049 -0.000  0.028   -0.013 -0.000  0.009
         -0.017 -0.000 -0.012   -0.011  0.000 -0.010   -0.021 -0.000 -0.010
          0.003  0.000 -0.000    0.000  0.000  0.028   -0.000  0.000 -0.080
         -0.017 -0.000  0.012    0.011  0.000 -0.010    0.021 -0.000 -0.010
         -0.050  0.000 -0.030    0.049 -0.000  0.028    0.013  0.000  0.009
          0.003 -0.000 -0.000    0.000 -0.000  0.005   -0.000 -0.000  0.002
         -0.000 -0.000  0.000   -0.000 -0.000 -0.001    0.000 -0.000 -0.001
          0.578  0.000 -0.332    0.563  0.000 -0.319    0.147  0.000 -0.086
          0.196 -0.000  0.114    0.133 -0.000  0.080    0.208 -0.000  0.113
         -0.004  0.000  0.000   -0.000  0.000 -0.326    0.000 -0.000  0.907
          0.196  0.000 -0.114   -0.133 -0.000  0.080   -0.208 -0.000  0.113
          0.578 -0.000  0.332   -0.563  0.000 -0.319   -0.147  0.000 -0.086

           "
   atoms = "   C     C     C     C     C     C     O     H     H     H     H     H             ">
  </normal_modes>

  <frequencies
    text = "
        197.75                 440.07                 453.34
        522.76                 539.26                 619.62
        706.58                 725.97                 833.16
        837.03                 881.11                 974.37
        981.09                 989.95                1039.74
       1084.77                1163.45                1185.08
       1252.68                1351.89                1431.54
       1500.26                1575.50                1595.82
       1667.54                3114.41                3117.36
       3157.37                3159.27                3181.70
             ">
  </frequencies>

</initial_state>

<!--
  ______________________________________________________________________

 -->

<target_state>

  <excitation_energy units="eV"> 2.32 </excitation_energy>

  <!-- THIS TARGET STATE IS FROM "targetGradient.out" FILE -->
  <geometry
    number_of_atoms = "12"
    linear = "false"
    units   = "angstr"
    text   = "
      C      -1.2054461359     0.0000000000     0.2853376169
      C      -1.1922644022     0.0000000000    -1.0939323325
      C       0.0000000000     0.0000000000    -1.8191186332
      C       1.1922644022    -0.0000000000    -1.0939323325
      C       1.2054461359    -0.0000000000     0.2853376169
      C       0.0000000000     0.0000000000     1.0766024045
      O       0.0000000000     0.0000000000     2.3331965278
      H      -2.1459568243     0.0000000000     0.8267777040
      H      -2.1387806877     0.0000000000    -1.6293962060
      H       0.0000000000     0.0000000000    -2.9020958466
      H       2.1387806877    -0.0000000000    -1.6293962060
      H       2.1459568243    -0.0000000000     0.8267777040
             ">
  </geometry>

	<gradient
	units = "a.u."
	text = " 
 0.0114636          
 0.0000000          
 0.0015076
 0.0120767
-0.0000000
-0.0041473
 0.0000000	
 0.0000000
-0.0096805
-0.0120767
-0.0000000
-0.0041473
-0.0114636
-0.0000000
 0.0015076
-0.0000000	
 0.0000000
-0.0001632
-0.0000000           
 0.0000000           
 0.0187794           
-0.0014946
-0.0000000
 0.0015174
-0.0028042
 0.0000000
-0.0023158
 0.0000000
 0.0000000
-0.0020595
 0.0028042
-0.0000000
-0.0023158
 0.0014946
 0.0000000
 0.0015174
	" /> 
	</gradient>

    <normal_modes
    if_mass_weighted="True"
    text = "
         -0.000 -0.291 -0.000   -0.000  0.238 -0.000   -0.246 -0.000 -0.039
          0.000  0.002  0.000    0.000 -0.224 -0.000    0.043  0.000 -0.099
          0.000  0.267 -0.000    0.000  0.000 -0.000    0.097 -0.000 -0.000
          0.000  0.002 -0.000    0.000  0.224  0.000    0.043 -0.000  0.099
         -0.000 -0.291 -0.000   -0.000 -0.238  0.000   -0.246  0.000  0.039
         -0.000 -0.084  0.000   -0.000  0.000  0.000   -0.219  0.000 -0.000
          0.000  0.307  0.000    0.000 -0.000  0.000    0.417 -0.000 -0.000
         -0.000 -0.409 -0.000   -0.000  0.386 -0.000   -0.378 -0.000 -0.263
          0.000  0.046 -0.000    0.000 -0.494 -0.000    0.131  0.000 -0.259
         -0.000  0.565 -0.000    0.000  0.000 -0.000    0.169 -0.000 -0.000
          0.000  0.046  0.000    0.000  0.494  0.000    0.131 -0.000  0.259
         -0.000 -0.409  0.000   -0.000 -0.386  0.000   -0.378  0.000  0.263

          0.000  0.047 -0.000    0.211 -0.000 -0.053   -0.145 -0.000  0.250
          0.000 -0.120 -0.000    0.179  0.000 -0.129    0.251  0.000  0.278
          0.000  0.205 -0.000   -0.000 -0.000 -0.390    0.109 -0.000 -0.000
         -0.000 -0.120 -0.000   -0.179  0.000 -0.129    0.251 -0.000 -0.278
         -0.000  0.047 -0.000   -0.211  0.000 -0.053   -0.145  0.000 -0.250
          0.000  0.200  0.000   -0.000 -0.000  0.321   -0.149  0.000 -0.000
         -0.000 -0.075  0.000    0.000  0.000  0.379   -0.115 -0.000 -0.000
          0.000 -0.395 -0.000    0.036  0.000 -0.340   -0.219 -0.000  0.114
         -0.000 -0.531  0.000    0.048  0.000  0.100    0.301  0.000  0.183
         -0.000 -0.050 -0.000    0.000  0.000 -0.388   -0.365  0.000 -0.000
         -0.000 -0.531  0.000   -0.048  0.000  0.100    0.301 -0.000 -0.183
         -0.000 -0.395 -0.000   -0.036  0.000 -0.340   -0.219  0.000 -0.114

          0.000  0.022 -0.000   -0.000  0.072  0.000   -0.248 -0.000 -0.068
         -0.000 -0.068 -0.000   -0.000 -0.156  0.000   -0.209 -0.000 -0.162
         -0.000 -0.057  0.000    0.000  0.215 -0.000    0.000 -0.000  0.086
         -0.000 -0.068  0.000    0.000 -0.156  0.000    0.209  0.000 -0.162
          0.000  0.022  0.000    0.000  0.072  0.000    0.248  0.000 -0.068
          0.000  0.061 -0.000    0.000 -0.204 -0.000   -0.000  0.000  0.148
          0.000 -0.021 -0.000   -0.000  0.039 -0.000   -0.000 -0.000  0.240
          0.000  0.069 -0.000   -0.000  0.650 -0.000   -0.306  0.000 -0.143
         -0.000  0.137 -0.000    0.000  0.007  0.000   -0.054  0.000 -0.448
         -0.000  0.967  0.000    0.000 -0.074 -0.000    0.000 -0.000  0.076
         -0.000  0.137  0.000   -0.000  0.007 -0.000    0.054 -0.000 -0.448
          0.000  0.069  0.000    0.000  0.650 -0.000    0.306 -0.000 -0.143

         -0.000  0.077 -0.000    0.000 -0.149 -0.000   -0.000  0.043  0.000
         -0.000  0.068 -0.000   -0.000 -0.022  0.000    0.000 -0.074  0.000
          0.000  0.000  0.000    0.000  0.053  0.000   -0.000  0.031 -0.000
          0.000 -0.068 -0.000    0.000 -0.022  0.000   -0.000 -0.074  0.000
          0.000 -0.077 -0.000   -0.000 -0.149 -0.000    0.000  0.043  0.000
         -0.000  0.000  0.000    0.000  0.267 -0.000    0.000  0.007  0.000
          0.000 -0.000  0.000    0.000 -0.071 -0.000   -0.000  0.003 -0.000
         -0.000 -0.585 -0.000    0.000  0.542  0.000   -0.000 -0.338 -0.000
         -0.000 -0.384 -0.000    0.000  0.309 -0.000    0.000  0.589 -0.000
         -0.000 -0.000  0.000    0.000 -0.310  0.000    0.000 -0.248 -0.000
          0.000  0.384 -0.000    0.000  0.309  0.000   -0.000  0.589 -0.000
          0.000  0.585 -0.000    0.000  0.542 -0.000    0.000 -0.338  0.000

          0.000  0.067 -0.000    0.291  0.000 -0.111    0.014 -0.000 -0.084
          0.000 -0.093 -0.000   -0.183 -0.000 -0.089    0.155  0.000  0.010
         -0.000  0.000  0.000   -0.000  0.000  0.270    0.000  0.000  0.227
         -0.000  0.093 -0.000    0.183 -0.000 -0.089   -0.155 -0.000  0.010
         -0.000 -0.067 -0.000   -0.291  0.000 -0.111   -0.014  0.000 -0.084
         -0.000 -0.000 -0.000   -0.000 -0.000 -0.008    0.000 -0.000  0.009
         -0.000  0.000  0.000    0.000  0.000  0.070   -0.000  0.000  0.009
          0.000 -0.400  0.000    0.463 -0.000  0.188   -0.181  0.000 -0.435
          0.000  0.572 -0.000   -0.185  0.000 -0.056    0.334 -0.000 -0.283
          0.000 -0.000  0.000   -0.000 -0.000  0.266    0.000  0.000  0.243
          0.000 -0.572  0.000    0.185  0.000 -0.056   -0.334  0.000 -0.283
          0.000  0.400 -0.000   -0.463 -0.000  0.188    0.181 -0.000 -0.435

         -0.067 -0.000  0.082    0.006  0.000  0.004    0.006  0.000 -0.044
         -0.059  0.000 -0.027   -0.017 -0.000  0.036   -0.046 -0.000  0.039
          0.113 -0.000 -0.000    0.043 -0.000  0.000   -0.000 -0.000  0.015
         -0.059 -0.000  0.027   -0.017  0.000 -0.036    0.046  0.000  0.039
         -0.067  0.000 -0.082    0.006 -0.000 -0.004   -0.006  0.000 -0.044
          0.079 -0.000 -0.000   -0.018  0.000 -0.000   -0.000  0.000  0.013
         -0.017  0.000 -0.000    0.001 -0.000 -0.000    0.000 -0.000 -0.014
          0.146  0.000  0.468   -0.119 -0.000 -0.214   -0.215 -0.000 -0.432
          0.043 -0.000 -0.218   -0.230  0.000  0.415   -0.269  0.000  0.435
          0.608  0.000 -0.000    0.652  0.000  0.000   -0.000 -0.000  0.015
          0.043  0.000  0.218   -0.230 -0.000 -0.415    0.269  0.000  0.435
          0.146 -0.000 -0.468   -0.119  0.000  0.214    0.215 -0.000 -0.432

         -0.109  0.000 -0.051   -0.069 -0.000 -0.121   -0.094  0.000 -0.137
         -0.058  0.000  0.092   -0.003 -0.000  0.028    0.099 -0.000  0.000
          0.087  0.000 -0.000    0.148  0.000  0.000    0.000  0.000  0.057
         -0.058  0.000 -0.092   -0.003  0.000 -0.028   -0.099 -0.000  0.000
         -0.109 -0.000  0.051   -0.069  0.000  0.121    0.094 -0.000 -0.137
          0.348 -0.000  0.000    0.015  0.000 -0.000    0.000  0.000 -0.104
         -0.033  0.000 -0.000    0.015  0.000  0.000   -0.000 -0.000  0.126
         -0.352 -0.000 -0.466    0.203 -0.000  0.359    0.226  0.000  0.415
          0.102  0.000 -0.204   -0.207  0.000  0.391   -0.139  0.000  0.449
         -0.179 -0.000 -0.000   -0.452 -0.000  0.000   -0.000 -0.000  0.077
          0.102 -0.000  0.204   -0.207 -0.000 -0.391    0.139 -0.000  0.449
         -0.352  0.000  0.466    0.203 -0.000 -0.359   -0.226  0.000  0.415

         -0.029 -0.000  0.170    0.150 -0.000  0.094   -0.039 -0.000  0.066
          0.033  0.000 -0.219   -0.217  0.000  0.059    0.105 -0.000 -0.234
          0.054  0.000 -0.000    0.384  0.000  0.000   -0.000 -0.000  0.151
          0.033  0.000  0.219   -0.217  0.000 -0.059   -0.105  0.000 -0.234
         -0.029  0.000 -0.170    0.150 -0.000 -0.094    0.039 -0.000  0.066
          0.110  0.000 -0.000   -0.203  0.000  0.000    0.000  0.000  0.363
         -0.030  0.000  0.000    0.017 -0.000 -0.000   -0.000  0.000 -0.230
         -0.208 -0.000 -0.104   -0.076 -0.000 -0.300    0.027 -0.000  0.259
         -0.311  0.000  0.353   -0.053  0.000 -0.265   -0.259  0.000  0.417
         -0.525 -0.000 -0.000   -0.557 -0.000  0.000    0.000 -0.000  0.175
         -0.311 -0.000 -0.353   -0.053 -0.000  0.265    0.259 -0.000  0.417
         -0.208  0.000  0.104   -0.076  0.000  0.300   -0.027  0.000  0.259

         -0.037  0.000 -0.281    0.015  0.000 -0.008    0.017  0.000 -0.008
         -0.071  0.000  0.245   -0.048  0.000 -0.026   -0.050  0.000 -0.028
         -0.000 -0.000 -0.105    0.000 -0.000  0.019    0.002  0.000 -0.000
          0.071  0.000  0.245    0.048  0.000 -0.026   -0.050 -0.000  0.028
          0.037 -0.000 -0.281   -0.015  0.000 -0.008    0.017 -0.000  0.008
          0.000  0.000  0.400    0.000 -0.000 -0.001    0.001 -0.000 -0.000
          0.000 -0.000 -0.163   -0.000 -0.000 -0.000   -0.000  0.000  0.000
          0.272  0.000  0.268   -0.193 -0.000  0.107   -0.200 -0.000  0.112
          0.207 -0.000 -0.246    0.562 -0.000  0.315    0.581 -0.000  0.327
          0.000  0.000 -0.115   -0.000  0.000 -0.259   -0.005  0.000  0.000
         -0.207 -0.000 -0.246   -0.562 -0.000  0.315    0.581  0.000 -0.327
         -0.272  0.000  0.268    0.193 -0.000  0.107   -0.200 -0.000 -0.112

         -0.050 -0.000  0.030   -0.049 -0.000  0.028   -0.013 -0.000  0.009
         -0.017 -0.000 -0.012   -0.011  0.000 -0.010   -0.021 -0.000 -0.010
          0.003  0.000 -0.000    0.000  0.000  0.028   -0.000  0.000 -0.080
         -0.017 -0.000  0.012    0.011  0.000 -0.010    0.021 -0.000 -0.010
         -0.050  0.000 -0.030    0.049 -0.000  0.028    0.013  0.000  0.009
          0.003 -0.000 -0.000    0.000 -0.000  0.005   -0.000 -0.000  0.002
         -0.000 -0.000  0.000   -0.000 -0.000 -0.001    0.000 -0.000 -0.001
          0.578  0.000 -0.332    0.563  0.000 -0.319    0.147  0.000 -0.086
          0.196 -0.000  0.114    0.133 -0.000  0.080    0.208 -0.000  0.113
         -0.004  0.000  0.000   -0.000  0.000 -0.326    0.000 -0.000  0.907
          0.196  0.000 -0.114   -0.133 -0.000  0.080   -0.208 -0.000  0.113
          0.578 -0.000  0.332   -0.563  0.000 -0.319   -0.147  0.000 -0.086

           "
   atoms = "   C     C     C     C     C     C     O     H     H     H     H     H             ">
  </normal_modes>

  <frequencies
    text = "
        197.75                 440.07                 453.34
        522.76                 539.26                 619.62
        706.58                 725.97                 833.16
        837.03                 881.11                 974.37
        981.09                 989.95                1039.74
       1084.77                1163.45                1185.08
       1252.68                1351.89                1431.54
       1500.26                1575.50                1595.82
       1667.54                3114.41                3117.36
       3157.37                3159.27                3181.70
             ">
  </frequencies>

</target_state>

<!--
  ______________________________________________________________________

 -->

</input>±Z 
------------------------------------------------------------------------------
 

====== Reading the initial state ======
===== Reading the target state #0 =====
Vertical excitation energy = 2.320000 eV
Vertical excitation energy = 2.320000 eV 
 State geometry will be calculated with the vertical gradient (VG) approximation.
Target-state geometry calculated with vertical gradient apprx-n:
   C     -1.2348       0.0000       0.2890 
   C     -1.2173       0.0000      -1.0788 
   C     -0.0000       0.0000      -1.7729 
   C      1.2173      -0.0000      -1.0788 
   C      1.2348      -0.0000       0.2890 
   C      0.0000       0.0000       1.0444 
   O      0.0000       0.0000       2.2890 
   H     -2.1575       0.0000       0.8520 
   H     -2.1456       0.0000      -1.6340 
   H      0.0000       0.0000      -2.8546 
   H      2.1456      -0.0000      -1.6340 
   H      2.1575      -0.0000       0.8520 
Adiabatic excitation energy (within VG) = 2.2534 eV 
Done reading states

Coordinate axes were aligned with MOI principal axes; center mass was shifted to the origin.

New molecular geometry:
   C     -1.2054       0.0000       0.2374 
   C     -1.1923       0.0000      -1.1419 
   C      0.0000       0.0000      -1.8671 
   C      1.1923       0.0000      -1.1419 
   C      1.2054       0.0000       0.2374 
   C      0.0000       0.0000       1.0287 
   O      0.0000       0.0000       2.2853 
   H     -2.1460       0.0000       0.7788 
   H     -2.1388       0.0000      -1.6773 
   H      0.0000       0.0000      -2.9500 
   H      2.1388       0.0000      -1.6773 
   H      2.1460       0.0000       0.7788 

MOI tensor:
   1.8637e+02           0.           0.
           0.   2.7386e+02           0.
           0.           0.   8.7493e+01
Coordinate axes were aligned with MOI principal axes; center mass was shifted to the origin.
Also rotated by 2/2*pi, 2/2*pi, and 2/2*pi CCW around x, y, and z.
The norm of the geometry difference from the initial state is 0.1118

New molecular geometry:
   C     -1.2348       0.0000       0.2410 
   C     -1.2173       0.0000      -1.1267 
   C      0.0000       0.0000      -1.8209 
   C      1.2173       0.0000      -1.1267 
   C      1.2348       0.0000       0.2410 
   C      0.0000       0.0000       0.9964 
   O      0.0000       0.0000       2.2411 
   H     -2.1575       0.0000       0.8040 
   H     -2.1456       0.0000      -1.6820 
   H      0.0000       0.0000      -2.9026 
   H      2.1456       0.0000      -1.6820 
   H      2.1575       0.0000       0.8040 

MOI tensor:
   1.7939e+02           0.   2.1309e-08
           0.   2.7021e+02           0.
   2.1309e-08           0.   9.0816e+01
Done with the transformations
------------------------------------------------------------------------------

=== Reading the parallel approximation job parameters ===

===== Overlap matrix of the target state #1 with the initial state =====
The normal modes overlap matrix with the initial state is diagonal
  (do_not_excite_subspace is excluded)

------------------------------------------------------------------------------

Photoelectron spectrum in the parallel approximation will be evaluated

===== Target state #1 =====

Difference (dQ) between the initial and the target state geometries.
Angstrom*sqrt(amu):

normal mode  dQ in initial  dQ in target   frequency   frequency   comments
  number      state coord.  state coord.    initial      target

       0       0.000000        0.000000       197.75     197.75
       1       0.000000        0.000000       440.07     440.07
       2      -0.000000       -0.000000       453.34     453.34
       3       0.000000        0.000000       522.76     522.76
       4      -0.335670       -0.335670       539.26     539.26
       5       0.000000        0.000000       619.62     619.62
       6       0.000000        0.000000       706.58     706.58
       7       0.000000        0.000000       725.97     725.97
       8       0.028298        0.028298       833.16     833.16
       9       0.000000        0.000000       837.03     837.03
      10       0.000000        0.000000       881.11     881.11
      11       0.000000        0.000000       974.37     974.37
      12       0.000000        0.000000       981.09     981.09
      13      -0.008642       -0.008642       989.95     989.95
      14       0.000833        0.000833      1039.74    1039.74
      15       0.000000        0.000000      1084.77    1084.77
      16       0.000000        0.000000      1163.45    1163.45
      17       0.028409        0.028409      1185.08    1185.08
      18      -0.000000       -0.000000      1252.68    1252.68
      19       0.000000        0.000000      1351.89    1351.89
      20      -0.003495       -0.003495      1431.54    1431.54
      21      -0.000000       -0.000000      1500.26    1500.26
      22       0.000000        0.000000      1575.50    1575.50
      23       0.004975        0.004975      1595.82    1595.82
      24       0.014410        0.014410      1667.54    1667.54
      25       0.005672        0.005672      3114.41    3114.41
      26       0.000000        0.000000      3117.36    3117.36
      27       0.000000        0.000000      3157.37    3157.37
      28       0.006437        0.006437      3159.27    3159.27
      29       0.005908        0.005908      3181.70    3181.70


TARGET state normal coordinates (displacements dQ) will be used.

Maximum number of vibrational excitations: 1 and 4
 in the initial and each target state, respectively.

Maximum number of combination bands = 1437656
   = 31 (# of vibrational states in the initial electronic state)
   * 46376 (# of vibrational states in the target electronic state)

A set of initial vibrational states is being created...
  energy threshold is not specified in the input
  31 vibrational states below the energy threshold

A set of target vibrational states is being created...
  energy threshold is not specified in the input
  46376 vibrational states below the energy threshold

Total number of combination bands with thresholds applied: 1437656

Intensities of combination bands are being calculated...
------------------------------------------------------------------------------
           Stick photoelectron spectrum (parallel approximation)
------------------------------------------------------------------------------

Energy,eV    Intensity     FC factor         E",K   Transition

 2.1866      2.657605e-02  -5.940808e-01   775.880  0(1v4)->1(0)
 2.2534      3.916727e-01  +6.258376e-01     0.000  0(0)->1(0)
 2.2534      4.453296e-02  +6.258376e-01   652.259  0(1v2)->1(1v2)
 2.2534      3.192197e-02  +6.258376e-01   752.140  0(1v3)->1(1v3)
 2.2534      4.745927e-02  +6.258376e-01   633.166  0(1v1)->1(1v1)
 2.2534      2.006062e-02  +6.258376e-01   891.500  0(1v5)->1(1v5)
 2.2534      1.321963e-02  +6.258376e-01  1016.617  0(1v6)->1(1v6)
 2.2534      1.204572e-02  +6.258376e-01  1044.515  0(1v7)->1(1v7)
 2.2534      7.062110e-03  +6.196454e-01  1198.739  0(1v8)->1(1v8)
 2.2534      7.071486e-03  +6.258376e-01  1204.307  0(1v9)->1(1v9)
 2.2534      5.723984e-03  +6.258376e-01  1267.728  0(1v10)->1(1v10)
 2.2534      3.659749e-03  +6.258376e-01  1401.910  0(1v11)->1(1v11)
 2.2534      3.543680e-03  +6.258376e-01  1411.578  0(1v12)->1(1v12)
 2.2534      3.388812e-03  +6.251513e-01  1424.326  0(1v13)->1(1v13)
 2.2534      2.674766e-03  +6.258309e-01  1495.963  0(1v14)->1(1v14)
 2.2534      2.155282e-03  +6.258376e-01  1560.752  0(1v15)->1(1v15)
 2.2534      1.477832e-03  +6.258376e-01  1673.955  0(1v16)->1(1v16)
 2.2534      1.294686e-03  +6.169607e-01  1705.076  0(1v17)->1(1v17)
 2.2534      1.517185e-01  +6.258376e-01   284.520  0(1v0)->1(1v0)
 2.3203      1.191206e-02  +5.940808e-01  1016.617  0(1v6)->1(1v4,1v6)
 2.3203      1.807641e-02  +5.940808e-01   891.500  0(1v5)->1(1v4,1v5)
 2.3203      1.085426e-02  +5.940808e-01  1044.515  0(1v7)->1(1v4,1v7)
 2.3203      4.276503e-02  +5.940808e-01   633.166  0(1v1)->1(1v1,1v4)
 2.3203      6.363591e-03  +5.882028e-01  1198.739  0(1v8)->1(1v4,1v8)
 2.3203      3.529320e-01  +5.940808e-01     0.000  0(0)->1(1v4)
 2.3203      1.604668e-02  +4.616289e-01   775.880  0(1v4)->1(2v4)
 2.3203      6.372040e-03  +5.940808e-01  1204.307  0(1v9)->1(1v4,1v9)
 2.3203      1.367119e-01  +5.940808e-01   284.520  0(1v0)->1(1v0,1v4)
 2.3203      5.157820e-03  +5.940808e-01  1267.728  0(1v10)->1(1v4,1v10)
 2.3203      3.297760e-03  +5.940808e-01  1401.910  0(1v11)->1(1v4,1v11)
 2.3203      1.942101e-03  +5.940808e-01  1560.752  0(1v15)->1(1v4,1v15)
 2.3203      2.876454e-02  +5.940808e-01   752.140  0(1v3)->1(1v3,1v4)
 2.3203      1.166628e-03  +5.856543e-01  1705.076  0(1v17)->1(1v4,1v17)
 2.3203      2.410202e-03  +5.940745e-01  1495.963  0(1v14)->1(1v4,1v14)
 2.3203      3.193172e-03  +5.940808e-01  1411.578  0(1v12)->1(1v4,1v12)
 2.3203      4.012817e-02  +5.940808e-01   652.259  0(1v2)->1(1v2,1v4)
 2.3203      3.053622e-03  +5.934294e-01  1424.326  0(1v13)->1(1v4,1v13)
 2.3203      1.331658e-03  +5.940808e-01  1673.955  0(1v16)->1(1v4,1v16)
 2.3567      3.875317e-03  -6.225204e-02     0.000  0(0)->1(1v8)
 2.3567      1.501145e-03  -6.225204e-02   284.520  0(1v0)->1(1v0,1v8)
 2.3871      1.295971e-02  +3.987626e-01   752.140  0(1v3)->1(1v3,2v4)
 2.3871      8.144227e-03  +3.987626e-01   891.500  0(1v5)->1(2v4,1v5)
 2.3871      1.758308e-02  +4.832232e-01   775.880  0(1v4)->1(3v4)
 2.3871      6.159482e-02  +3.987626e-01   284.520  0(1v0)->1(1v0,2v4)
 2.3871      1.926756e-02  +3.987626e-01   633.166  0(1v1)->1(1v1,2v4)
 2.3871      1.807953e-02  +3.987626e-01   652.259  0(1v2)->1(1v2,2v4)
 2.3871      2.323828e-03  +3.987626e-01  1267.728  0(1v10)->1(2v4,1v10)
 2.3871      1.085904e-03  +3.987584e-01  1495.963  0(1v14)->1(2v4,1v14)
 2.3871      1.375793e-03  +3.983254e-01  1424.326  0(1v13)->1(2v4,1v13)
 2.3871      1.438666e-03  +3.987626e-01  1411.578  0(1v12)->1(2v4,1v12)
 2.3871      1.485788e-03  +3.987626e-01  1401.910  0(1v11)->1(2v4,1v11)
 2.3871      5.366916e-03  +3.987626e-01  1016.617  0(1v6)->1(2v4,1v6)
 2.3871      2.870888e-03  +3.987626e-01  1204.307  0(1v9)->1(2v4,1v9)
 2.3871      1.590116e-01  +3.987626e-01     0.000  0(0)->1(2v4)
 2.3871      2.867082e-03  +3.948171e-01  1198.739  0(1v8)->1(2v4,1v8)
 2.3871      4.890330e-03  +3.987626e-01  1044.515  0(1v7)->1(2v4,1v7)
 2.4003      5.555507e-03  -7.453528e-02     0.000  0(0)->1(1v17)
 2.4003      2.151984e-03  -7.453528e-02   284.520  0(1v0)->1(1v0,1v17)
 2.4236      3.492007e-03  -5.909320e-02     0.000  0(0)->1(1v4,1v8)
 2.4236      1.352665e-03  -5.909320e-02   284.520  0(1v0)->1(1v0,1v4,1v8)
 2.4540      5.430423e-03  +2.185434e-01   652.259  0(1v2)->1(1v2,3v4)
 2.4540      1.850081e-02  +2.185434e-01   284.520  0(1v0)->1(1v0,3v4)
 2.4540      5.787262e-03  +2.185434e-01   633.166  0(1v1)->1(1v1,3v4)
 2.4540      3.892618e-03  +2.185434e-01   752.140  0(1v3)->1(1v3,3v4)
 2.4540      8.634414e-03  +3.386233e-01   775.880  0(1v4)->1(4v4)
 2.4540      2.446225e-03  +2.185434e-01   891.500  0(1v5)->1(3v4,1v5)
 2.4540      1.612023e-03  +2.185434e-01  1016.617  0(1v6)->1(3v4,1v6)
 2.4540      1.468875e-03  +2.185434e-01  1044.515  0(1v7)->1(3v4,1v7)
 2.4540      4.776122e-02  +2.185434e-01     0.000  0(0)->1(3v4)
 2.4602      2.011273e-03  -4.484722e-02     0.000  0(0)->1(1v24)
 2.4672      1.939130e-03  -7.075315e-02   284.520  0(1v0)->1(1v0,1v4,1v17)
 2.4672      5.006008e-03  -7.075315e-02     0.000  0(0)->1(1v4,1v17)
 2.4904      1.573305e-03  -3.966491e-02     0.000  0(0)->1(2v4,1v8)
 2.5209      1.075928e-02  +1.037270e-01     0.000  0(0)->1(4v4)
 2.5270      1.812337e-03  -4.257155e-02     0.000  0(0)->1(1v4,1v24)
 2.5341      2.255430e-03  -4.749137e-02     0.000  0(0)->1(2v4,1v17)
------------------------------------------------------------------------------

Stick spectrum was also saved in "vg_phenolate.xml.spectrum_parallel" file 
------------------------------------------------------------------------------


Job "../ezspectrum_code/ezFCF_linux.exe vg_phenolate.xml" has finished: Thu Aug 25 14:36:45 2022

